CRITICAL - 2023-10-26 06:26:27 --> Interface "App\Controllers\interfaces\iData_controller" not found
in APPPATH\Controllers\plugins.php on line 7.
 1 SYSTEMPATH\Router\AutoRouter.php(161): include_once()
 2 SYSTEMPATH\Router\Router.php(512): CodeIgniter\Router\AutoRouter->getRoute('plugins/date_range_picker/daterangepicker.css', 'get')
 3 SYSTEMPATH\Router\Router.php(208): CodeIgniter\Router\Router->autoRoute('plugins/date_range_picker/daterangepicker.css')
 4 SYSTEMPATH\CodeIgniter.php(800): CodeIgniter\Router\Router->handle('plugins/date_range_picker/daterangepicker.css')
 5 SYSTEMPATH\CodeIgniter.php(442): CodeIgniter\CodeIgniter->tryToRouteIt(Object(CodeIgniter\Router\RouteCollection))
 6 SYSTEMPATH\CodeIgniter.php(353): CodeIgniter\CodeIgniter->handleRequest(null, Object(Config\Cache), false)
 7 FCPATH\index.php(79): CodeIgniter\CodeIgniter->run()
CRITICAL - 2023-10-26 06:26:28 --> Interface "App\Controllers\interfaces\iData_controller" not found
in APPPATH\Controllers\plugins.php on line 7.
 1 SYSTEMPATH\Router\AutoRouter.php(161): include_once()
 2 SYSTEMPATH\Router\Router.php(512): CodeIgniter\Router\AutoRouter->getRoute('plugins/date_range_picker/daterangepicker.js', 'get')
 3 SYSTEMPATH\Router\Router.php(208): CodeIgniter\Router\Router->autoRoute('plugins/date_range_picker/daterangepicker.js')
 4 SYSTEMPATH\CodeIgniter.php(800): CodeIgniter\Router\Router->handle('plugins/date_range_picker/daterangepicker.js')
 5 SYSTEMPATH\CodeIgniter.php(442): CodeIgniter\CodeIgniter->tryToRouteIt(Object(CodeIgniter\Router\RouteCollection))
 6 SYSTEMPATH\CodeIgniter.php(353): CodeIgniter\CodeIgniter->handleRequest(null, Object(Config\Cache), false)
 7 FCPATH\index.php(79): CodeIgniter\CodeIgniter->run()
CRITICAL - 2023-10-26 07:01:33 --> Call to undefined method App\Models\Payment::delete_list
in SYSTEMPATH\Model.php on line 872.
 1 APPPATH\Controllers\payments.php(232): CodeIgniter\Model->__call('delete_list', [...])
 2 SYSTEMPATH\CodeIgniter.php(919): App\Controllers\Payments->delete()
 3 SYSTEMPATH\CodeIgniter.php(494): CodeIgniter\CodeIgniter->runController(Object(App\Controllers\Payments))
 4 SYSTEMPATH\CodeIgniter.php(353): CodeIgniter\CodeIgniter->handleRequest(null, Object(Config\Cache), false)
 5 FCPATH\index.php(79): CodeIgniter\CodeIgniter->run()
CRITICAL - 2023-10-26 07:01:38 --> Call to undefined method App\Models\Payment::delete_list
in SYSTEMPATH\Model.php on line 872.
 1 APPPATH\Controllers\payments.php(232): CodeIgniter\Model->__call('delete_list', [...])
 2 SYSTEMPATH\CodeIgniter.php(919): App\Controllers\Payments->delete()
 3 SYSTEMPATH\CodeIgniter.php(494): CodeIgniter\CodeIgniter->runController(Object(App\Controllers\Payments))
 4 SYSTEMPATH\CodeIgniter.php(353): CodeIgniter\CodeIgniter->handleRequest(null, Object(Config\Cache), false)
 5 FCPATH\index.php(79): CodeIgniter\CodeIgniter->run()
CRITICAL - 2023-10-26 07:01:55 --> Call to undefined method App\Models\Payment::delete_list
in SYSTEMPATH\Model.php on line 872.
 1 APPPATH\Controllers\payments.php(232): CodeIgniter\Model->__call('delete_list', [...])
 2 SYSTEMPATH\CodeIgniter.php(919): App\Controllers\Payments->delete()
 3 SYSTEMPATH\CodeIgniter.php(494): CodeIgniter\CodeIgniter->runController(Object(App\Controllers\Payments))
 4 SYSTEMPATH\CodeIgniter.php(353): CodeIgniter\CodeIgniter->handleRequest(null, Object(Config\Cache), false)
 5 FCPATH\index.php(79): CodeIgniter\CodeIgniter->run()
CRITICAL - 2023-10-26 07:03:24 --> Deletes are not allowed unless they contain a "where" or "like" clause.
in SYSTEMPATH\Model.php on line 429.
 1 SYSTEMPATH\BaseModel.php(1080): CodeIgniter\Model->doDelete(null, false)
 2 APPPATH\Controllers\payments.php(232): CodeIgniter\BaseModel->delete(null)
 3 SYSTEMPATH\CodeIgniter.php(919): App\Controllers\Payments->delete()
 4 SYSTEMPATH\CodeIgniter.php(494): CodeIgniter\CodeIgniter->runController(Object(App\Controllers\Payments))
 5 SYSTEMPATH\CodeIgniter.php(353): CodeIgniter\CodeIgniter->handleRequest(null, Object(Config\Cache), false)
 6 FCPATH\index.php(79): CodeIgniter\CodeIgniter->run()
CRITICAL - 2023-10-26 07:04:19 --> Deletes are not allowed unless they contain a "where" or "like" clause.
in SYSTEMPATH\Model.php on line 429.
 1 SYSTEMPATH\BaseModel.php(1080): CodeIgniter\Model->doDelete(null, false)
 2 APPPATH\Controllers\payments.php(218): CodeIgniter\BaseModel->delete(null)
 3 SYSTEMPATH\CodeIgniter.php(919): App\Controllers\Payments->delete()
 4 SYSTEMPATH\CodeIgniter.php(494): CodeIgniter\CodeIgniter->runController(Object(App\Controllers\Payments))
 5 SYSTEMPATH\CodeIgniter.php(353): CodeIgniter\CodeIgniter->handleRequest(null, Object(Config\Cache), false)
 6 FCPATH\index.php(79): CodeIgniter\CodeIgniter->run()
CRITICAL - 2023-10-26 07:07:58 --> Interface "App\Controllers\interfaces\iData_controller" not found
in APPPATH\Controllers\plugins.php on line 7.
 1 SYSTEMPATH\Router\AutoRouter.php(161): include_once()
 2 SYSTEMPATH\Router\Router.php(512): CodeIgniter\Router\AutoRouter->getRoute('plugins/date_range_picker/daterangepicker.css', 'get')
 3 SYSTEMPATH\Router\Router.php(208): CodeIgniter\Router\Router->autoRoute('plugins/date_range_picker/daterangepicker.css')
 4 SYSTEMPATH\CodeIgniter.php(800): CodeIgniter\Router\Router->handle('plugins/date_range_picker/daterangepicker.css')
 5 SYSTEMPATH\CodeIgniter.php(442): CodeIgniter\CodeIgniter->tryToRouteIt(Object(CodeIgniter\Router\RouteCollection))
 6 SYSTEMPATH\CodeIgniter.php(353): CodeIgniter\CodeIgniter->handleRequest(null, Object(Config\Cache), false)
 7 FCPATH\index.php(79): CodeIgniter\CodeIgniter->run()
CRITICAL - 2023-10-26 07:07:58 --> Interface "App\Controllers\interfaces\iData_controller" not found
in APPPATH\Controllers\plugins.php on line 7.
 1 SYSTEMPATH\Router\AutoRouter.php(161): include_once()
 2 SYSTEMPATH\Router\Router.php(512): CodeIgniter\Router\AutoRouter->getRoute('plugins/date_range_picker/daterangepicker.js', 'get')
 3 SYSTEMPATH\Router\Router.php(208): CodeIgniter\Router\Router->autoRoute('plugins/date_range_picker/daterangepicker.js')
 4 SYSTEMPATH\CodeIgniter.php(800): CodeIgniter\Router\Router->handle('plugins/date_range_picker/daterangepicker.js')
 5 SYSTEMPATH\CodeIgniter.php(442): CodeIgniter\CodeIgniter->tryToRouteIt(Object(CodeIgniter\Router\RouteCollection))
 6 SYSTEMPATH\CodeIgniter.php(353): CodeIgniter\CodeIgniter->handleRequest(null, Object(Config\Cache), false)
 7 FCPATH\index.php(79): CodeIgniter\CodeIgniter->run()
CRITICAL - 2023-10-26 07:19:46 --> Attempt to read property "paymentID" on null
in APPPATH\Views\payments\form.php on line 5.
 1 APPPATH\Views\payments\form.php(5): CodeIgniter\Debug\Exceptions->errorHandler(2, 'Attempt to read property "paymentID" on null', 'C:\\xamppp\\htdocs\\Apam\\app\\Views\\payments\\form.php', 5)
 2 SYSTEMPATH\View\View.php(226): include('C:\\xamppp\\htdocs\\Apam\\app\\Views\\payments\\form.php')
 3 SYSTEMPATH\View\View.php(229): CodeIgniter\View\View->CodeIgniter\View\{closure}()
 4 SYSTEMPATH\Common.php(1188): CodeIgniter\View\View->render('payments/form', [], true)
 5 APPPATH\Controllers\payments.php(45): view('payments/form', [...])
 6 SYSTEMPATH\CodeIgniter.php(919): App\Controllers\Payments->view('-1')
 7 SYSTEMPATH\CodeIgniter.php(494): CodeIgniter\CodeIgniter->runController(Object(App\Controllers\Payments))
 8 SYSTEMPATH\CodeIgniter.php(353): CodeIgniter\CodeIgniter->handleRequest(null, Object(Config\Cache), false)
 9 FCPATH\index.php(79): CodeIgniter\CodeIgniter->run()
CRITICAL - 2023-10-26 07:22:02 --> Attempt to read property "paymentID" on null
in APPPATH\Views\payments\form.php on line 5.
 1 APPPATH\Views\payments\form.php(5): CodeIgniter\Debug\Exceptions->errorHandler(2, 'Attempt to read property "paymentID" on null', 'C:\\xamppp\\htdocs\\Apam\\app\\Views\\payments\\form.php', 5)
 2 SYSTEMPATH\View\View.php(226): include('C:\\xamppp\\htdocs\\Apam\\app\\Views\\payments\\form.php')
 3 SYSTEMPATH\View\View.php(229): CodeIgniter\View\View->CodeIgniter\View\{closure}()
 4 SYSTEMPATH\Common.php(1188): CodeIgniter\View\View->render('payments/form', [], true)
 5 APPPATH\Controllers\payments.php(45): view('payments/form', [...])
 6 SYSTEMPATH\CodeIgniter.php(919): App\Controllers\Payments->view('-1')
 7 SYSTEMPATH\CodeIgniter.php(494): CodeIgniter\CodeIgniter->runController(Object(App\Controllers\Payments))
 8 SYSTEMPATH\CodeIgniter.php(353): CodeIgniter\CodeIgniter->handleRequest(null, Object(Config\Cache), false)
 9 FCPATH\index.php(79): CodeIgniter\CodeIgniter->run()
CRITICAL - 2023-10-26 07:23:07 --> Attempt to read property "paymentID" on null
in APPPATH\Views\payments\form.php on line 7.
 1 APPPATH\Views\payments\form.php(7): CodeIgniter\Debug\Exceptions->errorHandler(2, 'Attempt to read property "paymentID" on null', 'C:\\xamppp\\htdocs\\Apam\\app\\Views\\payments\\form.php', 7)
 2 SYSTEMPATH\View\View.php(226): include('C:\\xamppp\\htdocs\\Apam\\app\\Views\\payments\\form.php')
 3 SYSTEMPATH\View\View.php(229): CodeIgniter\View\View->CodeIgniter\View\{closure}()
 4 SYSTEMPATH\Common.php(1188): CodeIgniter\View\View->render('payments/form', [], true)
 5 APPPATH\Controllers\payments.php(45): view('payments/form', [...])
 6 SYSTEMPATH\CodeIgniter.php(919): App\Controllers\Payments->view('-1')
 7 SYSTEMPATH\CodeIgniter.php(494): CodeIgniter\CodeIgniter->runController(Object(App\Controllers\Payments))
 8 SYSTEMPATH\CodeIgniter.php(353): CodeIgniter\CodeIgniter->handleRequest(null, Object(Config\Cache), false)
 9 FCPATH\index.php(79): CodeIgniter\CodeIgniter->run()
CRITICAL - 2023-10-26 07:24:49 --> Attempt to read property "tenant" on null
in APPPATH\Views\payments\form.php on line 31.
 1 APPPATH\Views\payments\form.php(31): CodeIgniter\Debug\Exceptions->errorHandler(2, 'Attempt to read property "tenant" on null', 'C:\\xamppp\\htdocs\\Apam\\app\\Views\\payments\\form.php', 31)
 2 SYSTEMPATH\View\View.php(226): include('C:\\xamppp\\htdocs\\Apam\\app\\Views\\payments\\form.php')
 3 SYSTEMPATH\View\View.php(229): CodeIgniter\View\View->CodeIgniter\View\{closure}()
 4 SYSTEMPATH\Common.php(1188): CodeIgniter\View\View->render('payments/form', [], true)
 5 APPPATH\Controllers\payments.php(45): view('payments/form', [...])
 6 SYSTEMPATH\CodeIgniter.php(919): App\Controllers\Payments->view('-1')
 7 SYSTEMPATH\CodeIgniter.php(494): CodeIgniter\CodeIgniter->runController(Object(App\Controllers\Payments))
 8 SYSTEMPATH\CodeIgniter.php(353): CodeIgniter\CodeIgniter->handleRequest(null, Object(Config\Cache), false)
 9 FCPATH\index.php(79): CodeIgniter\CodeIgniter->run()
CRITICAL - 2023-10-26 07:27:05 --> Attempt to read property "tenant" on null
in APPPATH\Views\payments\form.php on line 31.
 1 APPPATH\Views\payments\form.php(31): CodeIgniter\Debug\Exceptions->errorHandler(2, 'Attempt to read property "tenant" on null', 'C:\\xamppp\\htdocs\\Apam\\app\\Views\\payments\\form.php', 31)
 2 SYSTEMPATH\View\View.php(226): include('C:\\xamppp\\htdocs\\Apam\\app\\Views\\payments\\form.php')
 3 SYSTEMPATH\View\View.php(229): CodeIgniter\View\View->CodeIgniter\View\{closure}()
 4 SYSTEMPATH\Common.php(1188): CodeIgniter\View\View->render('payments/form', [], true)
 5 APPPATH\Controllers\payments.php(45): view('payments/form', [...])
 6 SYSTEMPATH\CodeIgniter.php(919): App\Controllers\Payments->view('-1')
 7 SYSTEMPATH\CodeIgniter.php(494): CodeIgniter\CodeIgniter->runController(Object(App\Controllers\Payments))
 8 SYSTEMPATH\CodeIgniter.php(353): CodeIgniter\CodeIgniter->handleRequest(null, Object(Config\Cache), false)
 9 FCPATH\index.php(79): CodeIgniter\CodeIgniter->run()
CRITICAL - 2023-10-26 07:27:08 --> Attempt to read property "tenant" on null
in APPPATH\Views\payments\form.php on line 31.
 1 APPPATH\Views\payments\form.php(31): CodeIgniter\Debug\Exceptions->errorHandler(2, 'Attempt to read property "tenant" on null', 'C:\\xamppp\\htdocs\\Apam\\app\\Views\\payments\\form.php', 31)
 2 SYSTEMPATH\View\View.php(226): include('C:\\xamppp\\htdocs\\Apam\\app\\Views\\payments\\form.php')
 3 SYSTEMPATH\View\View.php(229): CodeIgniter\View\View->CodeIgniter\View\{closure}()
 4 SYSTEMPATH\Common.php(1188): CodeIgniter\View\View->render('payments/form', [], true)
 5 APPPATH\Controllers\payments.php(45): view('payments/form', [...])
 6 SYSTEMPATH\CodeIgniter.php(919): App\Controllers\Payments->view('-1')
 7 SYSTEMPATH\CodeIgniter.php(494): CodeIgniter\CodeIgniter->runController(Object(App\Controllers\Payments))
 8 SYSTEMPATH\CodeIgniter.php(353): CodeIgniter\CodeIgniter->handleRequest(null, Object(Config\Cache), false)
 9 FCPATH\index.php(79): CodeIgniter\CodeIgniter->run()
CRITICAL - 2023-10-26 07:30:57 --> Attempt to read property "tenant" on null
in APPPATH\Views\payments\form.php on line 33.
 1 APPPATH\Views\payments\form.php(33): CodeIgniter\Debug\Exceptions->errorHandler(2, 'Attempt to read property "tenant" on null', 'C:\\xamppp\\htdocs\\Apam\\app\\Views\\payments\\form.php', 33)
 2 SYSTEMPATH\View\View.php(226): include('C:\\xamppp\\htdocs\\Apam\\app\\Views\\payments\\form.php')
 3 SYSTEMPATH\View\View.php(229): CodeIgniter\View\View->CodeIgniter\View\{closure}()
 4 SYSTEMPATH\Common.php(1188): CodeIgniter\View\View->render('payments/form', [], true)
 5 APPPATH\Controllers\payments.php(45): view('payments/form', [...])
 6 SYSTEMPATH\CodeIgniter.php(919): App\Controllers\Payments->view('-1')
 7 SYSTEMPATH\CodeIgniter.php(494): CodeIgniter\CodeIgniter->runController(Object(App\Controllers\Payments))
 8 SYSTEMPATH\CodeIgniter.php(353): CodeIgniter\CodeIgniter->handleRequest(null, Object(Config\Cache), false)
 9 FCPATH\index.php(79): CodeIgniter\CodeIgniter->run()
CRITICAL - 2023-10-26 07:31:25 --> Attempt to read property "amount" on null
in APPPATH\Views\payments\form.php on line 53.
 1 APPPATH\Views\payments\form.php(53): CodeIgniter\Debug\Exceptions->errorHandler(2, 'Attempt to read property "amount" on null', 'C:\\xamppp\\htdocs\\Apam\\app\\Views\\payments\\form.php', 53)
 2 SYSTEMPATH\View\View.php(226): include('C:\\xamppp\\htdocs\\Apam\\app\\Views\\payments\\form.php')
 3 SYSTEMPATH\View\View.php(229): CodeIgniter\View\View->CodeIgniter\View\{closure}()
 4 SYSTEMPATH\Common.php(1188): CodeIgniter\View\View->render('payments/form', [], true)
 5 APPPATH\Controllers\payments.php(45): view('payments/form', [...])
 6 SYSTEMPATH\CodeIgniter.php(919): App\Controllers\Payments->view('-1')
 7 SYSTEMPATH\CodeIgniter.php(494): CodeIgniter\CodeIgniter->runController(Object(App\Controllers\Payments))
 8 SYSTEMPATH\CodeIgniter.php(353): CodeIgniter\CodeIgniter->handleRequest(null, Object(Config\Cache), false)
 9 FCPATH\index.php(79): CodeIgniter\CodeIgniter->run()
CRITICAL - 2023-10-26 07:34:12 --> Attempt to read property "amount" on null
in APPPATH\Views\payments\form.php on line 54.
 1 APPPATH\Views\payments\form.php(54): CodeIgniter\Debug\Exceptions->errorHandler(2, 'Attempt to read property "amount" on null', 'C:\\xamppp\\htdocs\\Apam\\app\\Views\\payments\\form.php', 54)
 2 SYSTEMPATH\View\View.php(226): include('C:\\xamppp\\htdocs\\Apam\\app\\Views\\payments\\form.php')
 3 SYSTEMPATH\View\View.php(229): CodeIgniter\View\View->CodeIgniter\View\{closure}()
 4 SYSTEMPATH\Common.php(1188): CodeIgniter\View\View->render('payments/form', [], true)
 5 APPPATH\Controllers\payments.php(45): view('payments/form', [...])
 6 SYSTEMPATH\CodeIgniter.php(919): App\Controllers\Payments->view('-1')
 7 SYSTEMPATH\CodeIgniter.php(494): CodeIgniter\CodeIgniter->runController(Object(App\Controllers\Payments))
 8 SYSTEMPATH\CodeIgniter.php(353): CodeIgniter\CodeIgniter->handleRequest(null, Object(Config\Cache), false)
 9 FCPATH\index.php(79): CodeIgniter\CodeIgniter->run()
CRITICAL - 2023-10-26 07:34:28 --> Attempt to read property "tenant" on null
in APPPATH\Views\payments\form.php on line 62.
 1 APPPATH\Views\payments\form.php(62): CodeIgniter\Debug\Exceptions->errorHandler(2, 'Attempt to read property "tenant" on null', 'C:\\xamppp\\htdocs\\Apam\\app\\Views\\payments\\form.php', 62)
 2 SYSTEMPATH\View\View.php(226): include('C:\\xamppp\\htdocs\\Apam\\app\\Views\\payments\\form.php')
 3 SYSTEMPATH\View\View.php(229): CodeIgniter\View\View->CodeIgniter\View\{closure}()
 4 SYSTEMPATH\Common.php(1188): CodeIgniter\View\View->render('payments/form', [], true)
 5 APPPATH\Controllers\payments.php(45): view('payments/form', [...])
 6 SYSTEMPATH\CodeIgniter.php(919): App\Controllers\Payments->view('-1')
 7 SYSTEMPATH\CodeIgniter.php(494): CodeIgniter\CodeIgniter->runController(Object(App\Controllers\Payments))
 8 SYSTEMPATH\CodeIgniter.php(353): CodeIgniter\CodeIgniter->handleRequest(null, Object(Config\Cache), false)
 9 FCPATH\index.php(79): CodeIgniter\CodeIgniter->run()
CRITICAL - 2023-10-26 07:35:58 --> Attempt to read property "amount" on null
in APPPATH\Views\payments\form.php on line 53.
 1 APPPATH\Views\payments\form.php(53): CodeIgniter\Debug\Exceptions->errorHandler(2, 'Attempt to read property "amount" on null', 'C:\\xamppp\\htdocs\\Apam\\app\\Views\\payments\\form.php', 53)
 2 SYSTEMPATH\View\View.php(226): include('C:\\xamppp\\htdocs\\Apam\\app\\Views\\payments\\form.php')
 3 SYSTEMPATH\View\View.php(229): CodeIgniter\View\View->CodeIgniter\View\{closure}()
 4 SYSTEMPATH\Common.php(1188): CodeIgniter\View\View->render('payments/form', [], true)
 5 APPPATH\Controllers\payments.php(45): view('payments/form', [...])
 6 SYSTEMPATH\CodeIgniter.php(919): App\Controllers\Payments->view('-1')
 7 SYSTEMPATH\CodeIgniter.php(494): CodeIgniter\CodeIgniter->runController(Object(App\Controllers\Payments))
 8 SYSTEMPATH\CodeIgniter.php(353): CodeIgniter\CodeIgniter->handleRequest(null, Object(Config\Cache), false)
 9 FCPATH\index.php(79): CodeIgniter\CodeIgniter->run()
CRITICAL - 2023-10-26 07:38:00 --> Attempt to assign property "payment_method" on null
in APPPATH\Views\payments\form.php on line 80.
 1 SYSTEMPATH\View\View.php(226): include()
 2 SYSTEMPATH\View\View.php(229): CodeIgniter\View\View->CodeIgniter\View\{closure}()
 3 SYSTEMPATH\Common.php(1188): CodeIgniter\View\View->render('payments/form', [], true)
 4 APPPATH\Controllers\payments.php(45): view('payments/form', [...])
 5 SYSTEMPATH\CodeIgniter.php(919): App\Controllers\Payments->view('-1')
 6 SYSTEMPATH\CodeIgniter.php(494): CodeIgniter\CodeIgniter->runController(Object(App\Controllers\Payments))
 7 SYSTEMPATH\CodeIgniter.php(353): CodeIgniter\CodeIgniter->handleRequest(null, Object(Config\Cache), false)
 8 FCPATH\index.php(79): CodeIgniter\CodeIgniter->run()
CRITICAL - 2023-10-26 07:39:06 --> syntax error, unexpected token ";"
in APPPATH\Views\payments\form.php on line 80.
 1 SYSTEMPATH\View\View.php(229): CodeIgniter\View\View->CodeIgniter\View\{closure}()
 2 SYSTEMPATH\Common.php(1188): CodeIgniter\View\View->render('payments/form', [], true)
 3 APPPATH\Controllers\payments.php(45): view('payments/form', [...])
 4 SYSTEMPATH\CodeIgniter.php(919): App\Controllers\Payments->view('-1')
 5 SYSTEMPATH\CodeIgniter.php(494): CodeIgniter\CodeIgniter->runController(Object(App\Controllers\Payments))
 6 SYSTEMPATH\CodeIgniter.php(353): CodeIgniter\CodeIgniter->handleRequest(null, Object(Config\Cache), false)
 7 FCPATH\index.php(79): CodeIgniter\CodeIgniter->run()
CRITICAL - 2023-10-26 07:39:15 --> syntax error, unexpected token "}"
in APPPATH\Views\payments\form.php on line 82.
 1 SYSTEMPATH\View\View.php(229): CodeIgniter\View\View->CodeIgniter\View\{closure}()
 2 SYSTEMPATH\Common.php(1188): CodeIgniter\View\View->render('payments/form', [], true)
 3 APPPATH\Controllers\payments.php(45): view('payments/form', [...])
 4 SYSTEMPATH\CodeIgniter.php(919): App\Controllers\Payments->view('-1')
 5 SYSTEMPATH\CodeIgniter.php(494): CodeIgniter\CodeIgniter->runController(Object(App\Controllers\Payments))
 6 SYSTEMPATH\CodeIgniter.php(353): CodeIgniter\CodeIgniter->handleRequest(null, Object(Config\Cache), false)
 7 FCPATH\index.php(79): CodeIgniter\CodeIgniter->run()
CRITICAL - 2023-10-26 07:39:23 --> syntax error, unexpected token ";"
in APPPATH\Views\payments\form.php on line 80.
 1 SYSTEMPATH\View\View.php(229): CodeIgniter\View\View->CodeIgniter\View\{closure}()
 2 SYSTEMPATH\Common.php(1188): CodeIgniter\View\View->render('payments/form', [], true)
 3 APPPATH\Controllers\payments.php(45): view('payments/form', [...])
 4 SYSTEMPATH\CodeIgniter.php(919): App\Controllers\Payments->view('-1')
 5 SYSTEMPATH\CodeIgniter.php(494): CodeIgniter\CodeIgniter->runController(Object(App\Controllers\Payments))
 6 SYSTEMPATH\CodeIgniter.php(353): CodeIgniter\CodeIgniter->handleRequest(null, Object(Config\Cache), false)
 7 FCPATH\index.php(79): CodeIgniter\CodeIgniter->run()
CRITICAL - 2023-10-26 07:40:26 --> Attempt to read property "payment_method" on null
in APPPATH\Views\payments\form.php on line 84.
 1 APPPATH\Views\payments\form.php(84): CodeIgniter\Debug\Exceptions->errorHandler(2, 'Attempt to read property "payment_method" on null', 'C:\\xamppp\\htdocs\\Apam\\app\\Views\\payments\\form.php', 84)
 2 SYSTEMPATH\View\View.php(226): include('C:\\xamppp\\htdocs\\Apam\\app\\Views\\payments\\form.php')
 3 SYSTEMPATH\View\View.php(229): CodeIgniter\View\View->CodeIgniter\View\{closure}()
 4 SYSTEMPATH\Common.php(1188): CodeIgniter\View\View->render('payments/form', [], true)
 5 APPPATH\Controllers\payments.php(45): view('payments/form', [...])
 6 SYSTEMPATH\CodeIgniter.php(919): App\Controllers\Payments->view('-1')
 7 SYSTEMPATH\CodeIgniter.php(494): CodeIgniter\CodeIgniter->runController(Object(App\Controllers\Payments))
 8 SYSTEMPATH\CodeIgniter.php(353): CodeIgniter\CodeIgniter->handleRequest(null, Object(Config\Cache), false)
 9 FCPATH\index.php(79): CodeIgniter\CodeIgniter->run()
CRITICAL - 2023-10-26 07:41:29 --> syntax error, unexpected double-quoted string "class='form-control'"
in APPPATH\Views\payments\form.php on line 84.
 1 SYSTEMPATH\View\View.php(229): CodeIgniter\View\View->CodeIgniter\View\{closure}()
 2 SYSTEMPATH\Common.php(1188): CodeIgniter\View\View->render('payments/form', [], true)
 3 APPPATH\Controllers\payments.php(45): view('payments/form', [...])
 4 SYSTEMPATH\CodeIgniter.php(919): App\Controllers\Payments->view('-1')
 5 SYSTEMPATH\CodeIgniter.php(494): CodeIgniter\CodeIgniter->runController(Object(App\Controllers\Payments))
 6 SYSTEMPATH\CodeIgniter.php(353): CodeIgniter\CodeIgniter->handleRequest(null, Object(Config\Cache), false)
 7 FCPATH\index.php(79): CodeIgniter\CodeIgniter->run()
CRITICAL - 2023-10-26 07:42:44 --> Attempt to read property "breakdown" on null
in APPPATH\Views\payments\form.php on line 91.
 1 APPPATH\Views\payments\form.php(91): CodeIgniter\Debug\Exceptions->errorHandler(2, 'Attempt to read property "breakdown" on null', 'C:\\xamppp\\htdocs\\Apam\\app\\Views\\payments\\form.php', 91)
 2 SYSTEMPATH\View\View.php(226): include('C:\\xamppp\\htdocs\\Apam\\app\\Views\\payments\\form.php')
 3 SYSTEMPATH\View\View.php(229): CodeIgniter\View\View->CodeIgniter\View\{closure}()
 4 SYSTEMPATH\Common.php(1188): CodeIgniter\View\View->render('payments/form', [], true)
 5 APPPATH\Controllers\payments.php(45): view('payments/form', [...])
 6 SYSTEMPATH\CodeIgniter.php(919): App\Controllers\Payments->view('-1')
 7 SYSTEMPATH\CodeIgniter.php(494): CodeIgniter\CodeIgniter->runController(Object(App\Controllers\Payments))
 8 SYSTEMPATH\CodeIgniter.php(353): CodeIgniter\CodeIgniter->handleRequest(null, Object(Config\Cache), false)
 9 FCPATH\index.php(79): CodeIgniter\CodeIgniter->run()
CRITICAL - 2023-10-26 07:46:29 --> syntax error, unexpected token "endif"
in APPPATH\Views\payments\form.php on line 113.
 1 SYSTEMPATH\View\View.php(229): CodeIgniter\View\View->CodeIgniter\View\{closure}()
 2 SYSTEMPATH\Common.php(1188): CodeIgniter\View\View->render('payments/form', [], true)
 3 APPPATH\Controllers\payments.php(45): view('payments/form', [...])
 4 SYSTEMPATH\CodeIgniter.php(919): App\Controllers\Payments->view('-1')
 5 SYSTEMPATH\CodeIgniter.php(494): CodeIgniter\CodeIgniter->runController(Object(App\Controllers\Payments))
 6 SYSTEMPATH\CodeIgniter.php(353): CodeIgniter\CodeIgniter->handleRequest(null, Object(Config\Cache), false)
 7 FCPATH\index.php(79): CodeIgniter\CodeIgniter->run()
CRITICAL - 2023-10-26 07:51:18 --> Undefined array key "apartment_payment_id"
in APPPATH\Controllers\payments.php on line 201.
 1 APPPATH\Controllers\payments.php(201): CodeIgniter\Debug\Exceptions->errorHandler(2, 'Undefined array key "apartment_payment_id"', 'C:\\xamppp\\htdocs\\Apam\\app\\Controllers\\payments.php', 201)
 2 SYSTEMPATH\CodeIgniter.php(919): App\Controllers\Payments->save('-1')
 3 SYSTEMPATH\CodeIgniter.php(494): CodeIgniter\CodeIgniter->runController(Object(App\Controllers\Payments))
 4 SYSTEMPATH\CodeIgniter.php(353): CodeIgniter\CodeIgniter->handleRequest(null, Object(Config\Cache), false)
 5 FCPATH\index.php(79): CodeIgniter\CodeIgniter->run()
CRITICAL - 2023-10-26 07:51:19 --> Undefined array key "apartment_payment_id"
in APPPATH\Controllers\payments.php on line 201.
 1 APPPATH\Controllers\payments.php(201): CodeIgniter\Debug\Exceptions->errorHandler(2, 'Undefined array key "apartment_payment_id"', 'C:\\xamppp\\htdocs\\Apam\\app\\Controllers\\payments.php', 201)
 2 SYSTEMPATH\CodeIgniter.php(919): App\Controllers\Payments->save('-1')
 3 SYSTEMPATH\CodeIgniter.php(494): CodeIgniter\CodeIgniter->runController(Object(App\Controllers\Payments))
 4 SYSTEMPATH\CodeIgniter.php(353): CodeIgniter\CodeIgniter->handleRequest(null, Object(Config\Cache), false)
 5 FCPATH\index.php(79): CodeIgniter\CodeIgniter->run()
CRITICAL - 2023-10-26 07:51:21 --> Undefined array key "apartment_payment_id"
in APPPATH\Controllers\payments.php on line 201.
 1 APPPATH\Controllers\payments.php(201): CodeIgniter\Debug\Exceptions->errorHandler(2, 'Undefined array key "apartment_payment_id"', 'C:\\xamppp\\htdocs\\Apam\\app\\Controllers\\payments.php', 201)
 2 SYSTEMPATH\CodeIgniter.php(919): App\Controllers\Payments->save('-1')
 3 SYSTEMPATH\CodeIgniter.php(494): CodeIgniter\CodeIgniter->runController(Object(App\Controllers\Payments))
 4 SYSTEMPATH\CodeIgniter.php(353): CodeIgniter\CodeIgniter->handleRequest(null, Object(Config\Cache), false)
 5 FCPATH\index.php(79): CodeIgniter\CodeIgniter->run()
CRITICAL - 2023-10-26 07:51:22 --> Undefined array key "apartment_payment_id"
in APPPATH\Controllers\payments.php on line 201.
 1 APPPATH\Controllers\payments.php(201): CodeIgniter\Debug\Exceptions->errorHandler(2, 'Undefined array key "apartment_payment_id"', 'C:\\xamppp\\htdocs\\Apam\\app\\Controllers\\payments.php', 201)
 2 SYSTEMPATH\CodeIgniter.php(919): App\Controllers\Payments->save('-1')
 3 SYSTEMPATH\CodeIgniter.php(494): CodeIgniter\CodeIgniter->runController(Object(App\Controllers\Payments))
 4 SYSTEMPATH\CodeIgniter.php(353): CodeIgniter\CodeIgniter->handleRequest(null, Object(Config\Cache), false)
 5 FCPATH\index.php(79): CodeIgniter\CodeIgniter->run()
CRITICAL - 2023-10-26 07:51:22 --> Undefined array key "apartment_payment_id"
in APPPATH\Controllers\payments.php on line 201.
 1 APPPATH\Controllers\payments.php(201): CodeIgniter\Debug\Exceptions->errorHandler(2, 'Undefined array key "apartment_payment_id"', 'C:\\xamppp\\htdocs\\Apam\\app\\Controllers\\payments.php', 201)
 2 SYSTEMPATH\CodeIgniter.php(919): App\Controllers\Payments->save('-1')
 3 SYSTEMPATH\CodeIgniter.php(494): CodeIgniter\CodeIgniter->runController(Object(App\Controllers\Payments))
 4 SYSTEMPATH\CodeIgniter.php(353): CodeIgniter\CodeIgniter->handleRequest(null, Object(Config\Cache), false)
 5 FCPATH\index.php(79): CodeIgniter\CodeIgniter->run()
CRITICAL - 2023-10-26 07:51:22 --> Undefined array key "apartment_payment_id"
in APPPATH\Controllers\payments.php on line 201.
 1 APPPATH\Controllers\payments.php(201): CodeIgniter\Debug\Exceptions->errorHandler(2, 'Undefined array key "apartment_payment_id"', 'C:\\xamppp\\htdocs\\Apam\\app\\Controllers\\payments.php', 201)
 2 SYSTEMPATH\CodeIgniter.php(919): App\Controllers\Payments->save('-1')
 3 SYSTEMPATH\CodeIgniter.php(494): CodeIgniter\CodeIgniter->runController(Object(App\Controllers\Payments))
 4 SYSTEMPATH\CodeIgniter.php(353): CodeIgniter\CodeIgniter->handleRequest(null, Object(Config\Cache), false)
 5 FCPATH\index.php(79): CodeIgniter\CodeIgniter->run()
CRITICAL - 2023-10-26 07:51:22 --> Undefined array key "apartment_payment_id"
in APPPATH\Controllers\payments.php on line 201.
 1 APPPATH\Controllers\payments.php(201): CodeIgniter\Debug\Exceptions->errorHandler(2, 'Undefined array key "apartment_payment_id"', 'C:\\xamppp\\htdocs\\Apam\\app\\Controllers\\payments.php', 201)
 2 SYSTEMPATH\CodeIgniter.php(919): App\Controllers\Payments->save('-1')
 3 SYSTEMPATH\CodeIgniter.php(494): CodeIgniter\CodeIgniter->runController(Object(App\Controllers\Payments))
 4 SYSTEMPATH\CodeIgniter.php(353): CodeIgniter\CodeIgniter->handleRequest(null, Object(Config\Cache), false)
 5 FCPATH\index.php(79): CodeIgniter\CodeIgniter->run()
CRITICAL - 2023-10-26 07:51:22 --> Undefined array key "apartment_payment_id"
in APPPATH\Controllers\payments.php on line 201.
 1 APPPATH\Controllers\payments.php(201): CodeIgniter\Debug\Exceptions->errorHandler(2, 'Undefined array key "apartment_payment_id"', 'C:\\xamppp\\htdocs\\Apam\\app\\Controllers\\payments.php', 201)
 2 SYSTEMPATH\CodeIgniter.php(919): App\Controllers\Payments->save('-1')
 3 SYSTEMPATH\CodeIgniter.php(494): CodeIgniter\CodeIgniter->runController(Object(App\Controllers\Payments))
 4 SYSTEMPATH\CodeIgniter.php(353): CodeIgniter\CodeIgniter->handleRequest(null, Object(Config\Cache), false)
 5 FCPATH\index.php(79): CodeIgniter\CodeIgniter->run()
CRITICAL - 2023-10-26 07:51:24 --> Undefined array key "apartment_payment_id"
in APPPATH\Controllers\payments.php on line 201.
 1 APPPATH\Controllers\payments.php(201): CodeIgniter\Debug\Exceptions->errorHandler(2, 'Undefined array key "apartment_payment_id"', 'C:\\xamppp\\htdocs\\Apam\\app\\Controllers\\payments.php', 201)
 2 SYSTEMPATH\CodeIgniter.php(919): App\Controllers\Payments->save('-1')
 3 SYSTEMPATH\CodeIgniter.php(494): CodeIgniter\CodeIgniter->runController(Object(App\Controllers\Payments))
 4 SYSTEMPATH\CodeIgniter.php(353): CodeIgniter\CodeIgniter->handleRequest(null, Object(Config\Cache), false)
 5 FCPATH\index.php(79): CodeIgniter\CodeIgniter->run()
CRITICAL - 2023-10-26 07:52:13 --> Undefined array key "apartment_payment_id"
in APPPATH\Controllers\payments.php on line 201.
 1 APPPATH\Controllers\payments.php(201): CodeIgniter\Debug\Exceptions->errorHandler(2, 'Undefined array key "apartment_payment_id"', 'C:\\xamppp\\htdocs\\Apam\\app\\Controllers\\payments.php', 201)
 2 SYSTEMPATH\CodeIgniter.php(919): App\Controllers\Payments->save('-1')
 3 SYSTEMPATH\CodeIgniter.php(494): CodeIgniter\CodeIgniter->runController(Object(App\Controllers\Payments))
 4 SYSTEMPATH\CodeIgniter.php(353): CodeIgniter\CodeIgniter->handleRequest(null, Object(Config\Cache), false)
 5 FCPATH\index.php(79): CodeIgniter\CodeIgniter->run()
ERROR - 2023-10-26 08:53:44 --> mysqli_sql_exception: Column 'breakdown' cannot be null in C:\xamppp\htdocs\Apam\system\Database\MySQLi\Connection.php:306
Stack trace:
#0 C:\xamppp\htdocs\Apam\system\Database\MySQLi\Connection.php(306): mysqli->query('INSERT INTO `ap...', 0)
#1 C:\xamppp\htdocs\Apam\system\Database\BaseConnection.php(692): CodeIgniter\Database\MySQLi\Connection->execute('INSERT INTO `ap...')
#2 C:\xamppp\htdocs\Apam\system\Database\BaseConnection.php(606): CodeIgniter\Database\BaseConnection->simpleQuery('INSERT INTO `ap...')
#3 C:\xamppp\htdocs\Apam\system\Database\BaseBuilder.php(2308): CodeIgniter\Database\BaseConnection->query('INSERT INTO `ap...', Array, false)
#4 C:\xamppp\htdocs\Apam\system\Model.php(319): CodeIgniter\Database\BaseBuilder->insert()
#5 C:\xamppp\htdocs\Apam\system\BaseModel.php(788): CodeIgniter\Model->doInsert(Array)
#6 C:\xamppp\htdocs\Apam\system\Model.php(715): CodeIgniter\BaseModel->insert(Array, false)
#7 C:\xamppp\htdocs\Apam\system\BaseModel.php(698): CodeIgniter\Model->insert(Array, false)
#8 C:\xamppp\htdocs\Apam\app\Controllers\payments.php(195): CodeIgniter\BaseModel->save(Array, '-1')
#9 C:\xamppp\htdocs\Apam\system\CodeIgniter.php(919): App\Controllers\Payments->save('-1')
#10 C:\xamppp\htdocs\Apam\system\CodeIgniter.php(494): CodeIgniter\CodeIgniter->runController(Object(App\Controllers\Payments))
#11 C:\xamppp\htdocs\Apam\system\CodeIgniter.php(353): CodeIgniter\CodeIgniter->handleRequest(NULL, Object(Config\Cache), false)
#12 C:\xamppp\htdocs\Apam\index.php(79): CodeIgniter\CodeIgniter->run()
#13 {main}
CRITICAL - 2023-10-26 08:53:44 --> Column 'breakdown' cannot be null
in SYSTEMPATH\Database\BaseConnection.php on line 646.
 1 SYSTEMPATH\Database\BaseBuilder.php(2308): CodeIgniter\Database\BaseConnection->query('INSERT INTO `apartment_payments` (`breakdown`, `tenant`, `amount`, `paymentMethod`, `createdAt`, `updatedAt`) VALUES (:breakdown:, :tenant:, :amount:, :paymentMethod:, :createdAt:, :updatedAt:)', [...], false)
 2 SYSTEMPATH\Model.php(319): CodeIgniter\Database\BaseBuilder->insert()
 3 SYSTEMPATH\BaseModel.php(788): CodeIgniter\Model->doInsert([...])
 4 SYSTEMPATH\Model.php(715): CodeIgniter\BaseModel->insert([...], false)
 5 SYSTEMPATH\BaseModel.php(698): CodeIgniter\Model->insert([...], false)
 6 APPPATH\Controllers\payments.php(195): CodeIgniter\BaseModel->save([...], '-1')
 7 SYSTEMPATH\CodeIgniter.php(919): App\Controllers\Payments->save('-1')
 8 SYSTEMPATH\CodeIgniter.php(494): CodeIgniter\CodeIgniter->runController(Object(App\Controllers\Payments))
 9 SYSTEMPATH\CodeIgniter.php(353): CodeIgniter\CodeIgniter->handleRequest(null, Object(Config\Cache), false)
10 FCPATH\index.php(79): CodeIgniter\CodeIgniter->run()
ERROR - 2023-10-26 08:54:02 --> mysqli_sql_exception: Column 'breakdown' cannot be null in C:\xamppp\htdocs\Apam\system\Database\MySQLi\Connection.php:306
Stack trace:
#0 C:\xamppp\htdocs\Apam\system\Database\MySQLi\Connection.php(306): mysqli->query('INSERT INTO `ap...', 0)
#1 C:\xamppp\htdocs\Apam\system\Database\BaseConnection.php(692): CodeIgniter\Database\MySQLi\Connection->execute('INSERT INTO `ap...')
#2 C:\xamppp\htdocs\Apam\system\Database\BaseConnection.php(606): CodeIgniter\Database\BaseConnection->simpleQuery('INSERT INTO `ap...')
#3 C:\xamppp\htdocs\Apam\system\Database\BaseBuilder.php(2308): CodeIgniter\Database\BaseConnection->query('INSERT INTO `ap...', Array, false)
#4 C:\xamppp\htdocs\Apam\system\Model.php(319): CodeIgniter\Database\BaseBuilder->insert()
#5 C:\xamppp\htdocs\Apam\system\BaseModel.php(788): CodeIgniter\Model->doInsert(Array)
#6 C:\xamppp\htdocs\Apam\system\Model.php(715): CodeIgniter\BaseModel->insert(Array, false)
#7 C:\xamppp\htdocs\Apam\system\BaseModel.php(698): CodeIgniter\Model->insert(Array, false)
#8 C:\xamppp\htdocs\Apam\app\Controllers\payments.php(195): CodeIgniter\BaseModel->save(Array, '-1')
#9 C:\xamppp\htdocs\Apam\system\CodeIgniter.php(919): App\Controllers\Payments->save('-1')
#10 C:\xamppp\htdocs\Apam\system\CodeIgniter.php(494): CodeIgniter\CodeIgniter->runController(Object(App\Controllers\Payments))
#11 C:\xamppp\htdocs\Apam\system\CodeIgniter.php(353): CodeIgniter\CodeIgniter->handleRequest(NULL, Object(Config\Cache), false)
#12 C:\xamppp\htdocs\Apam\index.php(79): CodeIgniter\CodeIgniter->run()
#13 {main}
CRITICAL - 2023-10-26 08:54:02 --> Column 'breakdown' cannot be null
in SYSTEMPATH\Database\BaseConnection.php on line 646.
 1 SYSTEMPATH\Database\BaseBuilder.php(2308): CodeIgniter\Database\BaseConnection->query('INSERT INTO `apartment_payments` (`breakdown`, `tenant`, `amount`, `paymentMethod`, `createdAt`, `updatedAt`) VALUES (:breakdown:, :tenant:, :amount:, :paymentMethod:, :createdAt:, :updatedAt:)', [...], false)
 2 SYSTEMPATH\Model.php(319): CodeIgniter\Database\BaseBuilder->insert()
 3 SYSTEMPATH\BaseModel.php(788): CodeIgniter\Model->doInsert([...])
 4 SYSTEMPATH\Model.php(715): CodeIgniter\BaseModel->insert([...], false)
 5 SYSTEMPATH\BaseModel.php(698): CodeIgniter\Model->insert([...], false)
 6 APPPATH\Controllers\payments.php(195): CodeIgniter\BaseModel->save([...], '-1')
 7 SYSTEMPATH\CodeIgniter.php(919): App\Controllers\Payments->save('-1')
 8 SYSTEMPATH\CodeIgniter.php(494): CodeIgniter\CodeIgniter->runController(Object(App\Controllers\Payments))
 9 SYSTEMPATH\CodeIgniter.php(353): CodeIgniter\CodeIgniter->handleRequest(null, Object(Config\Cache), false)
10 FCPATH\index.php(79): CodeIgniter\CodeIgniter->run()
ERROR - 2023-10-26 08:54:02 --> mysqli_sql_exception: Column 'breakdown' cannot be null in C:\xamppp\htdocs\Apam\system\Database\MySQLi\Connection.php:306
Stack trace:
#0 C:\xamppp\htdocs\Apam\system\Database\MySQLi\Connection.php(306): mysqli->query('INSERT INTO `ap...', 0)
#1 C:\xamppp\htdocs\Apam\system\Database\BaseConnection.php(692): CodeIgniter\Database\MySQLi\Connection->execute('INSERT INTO `ap...')
#2 C:\xamppp\htdocs\Apam\system\Database\BaseConnection.php(606): CodeIgniter\Database\BaseConnection->simpleQuery('INSERT INTO `ap...')
#3 C:\xamppp\htdocs\Apam\system\Database\BaseBuilder.php(2308): CodeIgniter\Database\BaseConnection->query('INSERT INTO `ap...', Array, false)
#4 C:\xamppp\htdocs\Apam\system\Model.php(319): CodeIgniter\Database\BaseBuilder->insert()
#5 C:\xamppp\htdocs\Apam\system\BaseModel.php(788): CodeIgniter\Model->doInsert(Array)
#6 C:\xamppp\htdocs\Apam\system\Model.php(715): CodeIgniter\BaseModel->insert(Array, false)
#7 C:\xamppp\htdocs\Apam\system\BaseModel.php(698): CodeIgniter\Model->insert(Array, false)
#8 C:\xamppp\htdocs\Apam\app\Controllers\payments.php(195): CodeIgniter\BaseModel->save(Array, '-1')
#9 C:\xamppp\htdocs\Apam\system\CodeIgniter.php(919): App\Controllers\Payments->save('-1')
#10 C:\xamppp\htdocs\Apam\system\CodeIgniter.php(494): CodeIgniter\CodeIgniter->runController(Object(App\Controllers\Payments))
#11 C:\xamppp\htdocs\Apam\system\CodeIgniter.php(353): CodeIgniter\CodeIgniter->handleRequest(NULL, Object(Config\Cache), false)
#12 C:\xamppp\htdocs\Apam\index.php(79): CodeIgniter\CodeIgniter->run()
#13 {main}
CRITICAL - 2023-10-26 08:54:02 --> Column 'breakdown' cannot be null
in SYSTEMPATH\Database\BaseConnection.php on line 646.
 1 SYSTEMPATH\Database\BaseBuilder.php(2308): CodeIgniter\Database\BaseConnection->query('INSERT INTO `apartment_payments` (`breakdown`, `tenant`, `amount`, `paymentMethod`, `createdAt`, `updatedAt`) VALUES (:breakdown:, :tenant:, :amount:, :paymentMethod:, :createdAt:, :updatedAt:)', [...], false)
 2 SYSTEMPATH\Model.php(319): CodeIgniter\Database\BaseBuilder->insert()
 3 SYSTEMPATH\BaseModel.php(788): CodeIgniter\Model->doInsert([...])
 4 SYSTEMPATH\Model.php(715): CodeIgniter\BaseModel->insert([...], false)
 5 SYSTEMPATH\BaseModel.php(698): CodeIgniter\Model->insert([...], false)
 6 APPPATH\Controllers\payments.php(195): CodeIgniter\BaseModel->save([...], '-1')
 7 SYSTEMPATH\CodeIgniter.php(919): App\Controllers\Payments->save('-1')
 8 SYSTEMPATH\CodeIgniter.php(494): CodeIgniter\CodeIgniter->runController(Object(App\Controllers\Payments))
 9 SYSTEMPATH\CodeIgniter.php(353): CodeIgniter\CodeIgniter->handleRequest(null, Object(Config\Cache), false)
10 FCPATH\index.php(79): CodeIgniter\CodeIgniter->run()
ERROR - 2023-10-26 08:54:02 --> mysqli_sql_exception: Column 'breakdown' cannot be null in C:\xamppp\htdocs\Apam\system\Database\MySQLi\Connection.php:306
Stack trace:
#0 C:\xamppp\htdocs\Apam\system\Database\MySQLi\Connection.php(306): mysqli->query('INSERT INTO `ap...', 0)
#1 C:\xamppp\htdocs\Apam\system\Database\BaseConnection.php(692): CodeIgniter\Database\MySQLi\Connection->execute('INSERT INTO `ap...')
#2 C:\xamppp\htdocs\Apam\system\Database\BaseConnection.php(606): CodeIgniter\Database\BaseConnection->simpleQuery('INSERT INTO `ap...')
#3 C:\xamppp\htdocs\Apam\system\Database\BaseBuilder.php(2308): CodeIgniter\Database\BaseConnection->query('INSERT INTO `ap...', Array, false)
#4 C:\xamppp\htdocs\Apam\system\Model.php(319): CodeIgniter\Database\BaseBuilder->insert()
#5 C:\xamppp\htdocs\Apam\system\BaseModel.php(788): CodeIgniter\Model->doInsert(Array)
#6 C:\xamppp\htdocs\Apam\system\Model.php(715): CodeIgniter\BaseModel->insert(Array, false)
#7 C:\xamppp\htdocs\Apam\system\BaseModel.php(698): CodeIgniter\Model->insert(Array, false)
#8 C:\xamppp\htdocs\Apam\app\Controllers\payments.php(195): CodeIgniter\BaseModel->save(Array, '-1')
#9 C:\xamppp\htdocs\Apam\system\CodeIgniter.php(919): App\Controllers\Payments->save('-1')
#10 C:\xamppp\htdocs\Apam\system\CodeIgniter.php(494): CodeIgniter\CodeIgniter->runController(Object(App\Controllers\Payments))
#11 C:\xamppp\htdocs\Apam\system\CodeIgniter.php(353): CodeIgniter\CodeIgniter->handleRequest(NULL, Object(Config\Cache), false)
#12 C:\xamppp\htdocs\Apam\index.php(79): CodeIgniter\CodeIgniter->run()
#13 {main}
CRITICAL - 2023-10-26 08:54:02 --> Column 'breakdown' cannot be null
in SYSTEMPATH\Database\BaseConnection.php on line 646.
 1 SYSTEMPATH\Database\BaseBuilder.php(2308): CodeIgniter\Database\BaseConnection->query('INSERT INTO `apartment_payments` (`breakdown`, `tenant`, `amount`, `paymentMethod`, `createdAt`, `updatedAt`) VALUES (:breakdown:, :tenant:, :amount:, :paymentMethod:, :createdAt:, :updatedAt:)', [...], false)
 2 SYSTEMPATH\Model.php(319): CodeIgniter\Database\BaseBuilder->insert()
 3 SYSTEMPATH\BaseModel.php(788): CodeIgniter\Model->doInsert([...])
 4 SYSTEMPATH\Model.php(715): CodeIgniter\BaseModel->insert([...], false)
 5 SYSTEMPATH\BaseModel.php(698): CodeIgniter\Model->insert([...], false)
 6 APPPATH\Controllers\payments.php(195): CodeIgniter\BaseModel->save([...], '-1')
 7 SYSTEMPATH\CodeIgniter.php(919): App\Controllers\Payments->save('-1')
 8 SYSTEMPATH\CodeIgniter.php(494): CodeIgniter\CodeIgniter->runController(Object(App\Controllers\Payments))
 9 SYSTEMPATH\CodeIgniter.php(353): CodeIgniter\CodeIgniter->handleRequest(null, Object(Config\Cache), false)
10 FCPATH\index.php(79): CodeIgniter\CodeIgniter->run()
ERROR - 2023-10-26 08:55:06 --> mysqli_sql_exception: Column 'breakdown' cannot be null in C:\xamppp\htdocs\Apam\system\Database\MySQLi\Connection.php:306
Stack trace:
#0 C:\xamppp\htdocs\Apam\system\Database\MySQLi\Connection.php(306): mysqli->query('INSERT INTO `ap...', 0)
#1 C:\xamppp\htdocs\Apam\system\Database\BaseConnection.php(692): CodeIgniter\Database\MySQLi\Connection->execute('INSERT INTO `ap...')
#2 C:\xamppp\htdocs\Apam\system\Database\BaseConnection.php(606): CodeIgniter\Database\BaseConnection->simpleQuery('INSERT INTO `ap...')
#3 C:\xamppp\htdocs\Apam\system\Database\BaseBuilder.php(2308): CodeIgniter\Database\BaseConnection->query('INSERT INTO `ap...', Array, false)
#4 C:\xamppp\htdocs\Apam\system\Model.php(319): CodeIgniter\Database\BaseBuilder->insert()
#5 C:\xamppp\htdocs\Apam\system\BaseModel.php(788): CodeIgniter\Model->doInsert(Array)
#6 C:\xamppp\htdocs\Apam\system\Model.php(715): CodeIgniter\BaseModel->insert(Array, false)
#7 C:\xamppp\htdocs\Apam\system\BaseModel.php(698): CodeIgniter\Model->insert(Array, false)
#8 C:\xamppp\htdocs\Apam\app\Controllers\payments.php(195): CodeIgniter\BaseModel->save(Array, '-1')
#9 C:\xamppp\htdocs\Apam\system\CodeIgniter.php(919): App\Controllers\Payments->save('-1')
#10 C:\xamppp\htdocs\Apam\system\CodeIgniter.php(494): CodeIgniter\CodeIgniter->runController(Object(App\Controllers\Payments))
#11 C:\xamppp\htdocs\Apam\system\CodeIgniter.php(353): CodeIgniter\CodeIgniter->handleRequest(NULL, Object(Config\Cache), false)
#12 C:\xamppp\htdocs\Apam\index.php(79): CodeIgniter\CodeIgniter->run()
#13 {main}
CRITICAL - 2023-10-26 08:55:06 --> Column 'breakdown' cannot be null
in SYSTEMPATH\Database\BaseConnection.php on line 646.
 1 SYSTEMPATH\Database\BaseBuilder.php(2308): CodeIgniter\Database\BaseConnection->query('INSERT INTO `apartment_payments` (`breakdown`, `tenant`, `amount`, `paymentMethod`, `createdAt`, `updatedAt`) VALUES (:breakdown:, :tenant:, :amount:, :paymentMethod:, :createdAt:, :updatedAt:)', [...], false)
 2 SYSTEMPATH\Model.php(319): CodeIgniter\Database\BaseBuilder->insert()
 3 SYSTEMPATH\BaseModel.php(788): CodeIgniter\Model->doInsert([...])
 4 SYSTEMPATH\Model.php(715): CodeIgniter\BaseModel->insert([...], false)
 5 SYSTEMPATH\BaseModel.php(698): CodeIgniter\Model->insert([...], false)
 6 APPPATH\Controllers\payments.php(195): CodeIgniter\BaseModel->save([...], '-1')
 7 SYSTEMPATH\CodeIgniter.php(919): App\Controllers\Payments->save('-1')
 8 SYSTEMPATH\CodeIgniter.php(494): CodeIgniter\CodeIgniter->runController(Object(App\Controllers\Payments))
 9 SYSTEMPATH\CodeIgniter.php(353): CodeIgniter\CodeIgniter->handleRequest(null, Object(Config\Cache), false)
10 FCPATH\index.php(79): CodeIgniter\CodeIgniter->run()
ERROR - 2023-10-26 08:55:17 --> mysqli_sql_exception: Column 'breakdown' cannot be null in C:\xamppp\htdocs\Apam\system\Database\MySQLi\Connection.php:306
Stack trace:
#0 C:\xamppp\htdocs\Apam\system\Database\MySQLi\Connection.php(306): mysqli->query('INSERT INTO `ap...', 0)
#1 C:\xamppp\htdocs\Apam\system\Database\BaseConnection.php(692): CodeIgniter\Database\MySQLi\Connection->execute('INSERT INTO `ap...')
#2 C:\xamppp\htdocs\Apam\system\Database\BaseConnection.php(606): CodeIgniter\Database\BaseConnection->simpleQuery('INSERT INTO `ap...')
#3 C:\xamppp\htdocs\Apam\system\Database\BaseBuilder.php(2308): CodeIgniter\Database\BaseConnection->query('INSERT INTO `ap...', Array, false)
#4 C:\xamppp\htdocs\Apam\system\Model.php(319): CodeIgniter\Database\BaseBuilder->insert()
#5 C:\xamppp\htdocs\Apam\system\BaseModel.php(788): CodeIgniter\Model->doInsert(Array)
#6 C:\xamppp\htdocs\Apam\system\Model.php(715): CodeIgniter\BaseModel->insert(Array, false)
#7 C:\xamppp\htdocs\Apam\system\BaseModel.php(698): CodeIgniter\Model->insert(Array, false)
#8 C:\xamppp\htdocs\Apam\app\Controllers\payments.php(195): CodeIgniter\BaseModel->save(Array, '-1')
#9 C:\xamppp\htdocs\Apam\system\CodeIgniter.php(919): App\Controllers\Payments->save('-1')
#10 C:\xamppp\htdocs\Apam\system\CodeIgniter.php(494): CodeIgniter\CodeIgniter->runController(Object(App\Controllers\Payments))
#11 C:\xamppp\htdocs\Apam\system\CodeIgniter.php(353): CodeIgniter\CodeIgniter->handleRequest(NULL, Object(Config\Cache), false)
#12 C:\xamppp\htdocs\Apam\index.php(79): CodeIgniter\CodeIgniter->run()
#13 {main}
CRITICAL - 2023-10-26 08:55:17 --> Column 'breakdown' cannot be null
in SYSTEMPATH\Database\BaseConnection.php on line 646.
 1 SYSTEMPATH\Database\BaseBuilder.php(2308): CodeIgniter\Database\BaseConnection->query('INSERT INTO `apartment_payments` (`breakdown`, `tenant`, `amount`, `paymentMethod`, `createdAt`, `updatedAt`) VALUES (:breakdown:, :tenant:, :amount:, :paymentMethod:, :createdAt:, :updatedAt:)', [...], false)
 2 SYSTEMPATH\Model.php(319): CodeIgniter\Database\BaseBuilder->insert()
 3 SYSTEMPATH\BaseModel.php(788): CodeIgniter\Model->doInsert([...])
 4 SYSTEMPATH\Model.php(715): CodeIgniter\BaseModel->insert([...], false)
 5 SYSTEMPATH\BaseModel.php(698): CodeIgniter\Model->insert([...], false)
 6 APPPATH\Controllers\payments.php(195): CodeIgniter\BaseModel->save([...], '-1')
 7 SYSTEMPATH\CodeIgniter.php(919): App\Controllers\Payments->save('-1')
 8 SYSTEMPATH\CodeIgniter.php(494): CodeIgniter\CodeIgniter->runController(Object(App\Controllers\Payments))
 9 SYSTEMPATH\CodeIgniter.php(353): CodeIgniter\CodeIgniter->handleRequest(null, Object(Config\Cache), false)
10 FCPATH\index.php(79): CodeIgniter\CodeIgniter->run()
CRITICAL - 2023-10-26 09:00:56 --> Undefined array key "apartment_payment_id"
in APPPATH\Controllers\payments.php on line 197.
 1 APPPATH\Controllers\payments.php(197): CodeIgniter\Debug\Exceptions->errorHandler(2, 'Undefined array key "apartment_payment_id"', 'C:\\xamppp\\htdocs\\Apam\\app\\Controllers\\payments.php', 197)
 2 SYSTEMPATH\CodeIgniter.php(919): App\Controllers\Payments->save('-1')
 3 SYSTEMPATH\CodeIgniter.php(494): CodeIgniter\CodeIgniter->runController(Object(App\Controllers\Payments))
 4 SYSTEMPATH\CodeIgniter.php(353): CodeIgniter\CodeIgniter->handleRequest(null, Object(Config\Cache), false)
 5 FCPATH\index.php(79): CodeIgniter\CodeIgniter->run()
ERROR - 2023-10-26 09:01:09 --> mysqli_sql_exception: Column 'amount' cannot be null in C:\xamppp\htdocs\Apam\system\Database\MySQLi\Connection.php:306
Stack trace:
#0 C:\xamppp\htdocs\Apam\system\Database\MySQLi\Connection.php(306): mysqli->query('INSERT INTO `ap...', 0)
#1 C:\xamppp\htdocs\Apam\system\Database\BaseConnection.php(692): CodeIgniter\Database\MySQLi\Connection->execute('INSERT INTO `ap...')
#2 C:\xamppp\htdocs\Apam\system\Database\BaseConnection.php(606): CodeIgniter\Database\BaseConnection->simpleQuery('INSERT INTO `ap...')
#3 C:\xamppp\htdocs\Apam\system\Database\BaseBuilder.php(2308): CodeIgniter\Database\BaseConnection->query('INSERT INTO `ap...', Array, false)
#4 C:\xamppp\htdocs\Apam\system\Model.php(319): CodeIgniter\Database\BaseBuilder->insert()
#5 C:\xamppp\htdocs\Apam\system\BaseModel.php(788): CodeIgniter\Model->doInsert(Array)
#6 C:\xamppp\htdocs\Apam\system\Model.php(715): CodeIgniter\BaseModel->insert(Array, false)
#7 C:\xamppp\htdocs\Apam\system\BaseModel.php(698): CodeIgniter\Model->insert(Array, false)
#8 C:\xamppp\htdocs\Apam\app\Controllers\payments.php(193): CodeIgniter\BaseModel->save(Array, '-1')
#9 C:\xamppp\htdocs\Apam\system\CodeIgniter.php(919): App\Controllers\Payments->save('-1')
#10 C:\xamppp\htdocs\Apam\system\CodeIgniter.php(494): CodeIgniter\CodeIgniter->runController(Object(App\Controllers\Payments))
#11 C:\xamppp\htdocs\Apam\system\CodeIgniter.php(353): CodeIgniter\CodeIgniter->handleRequest(NULL, Object(Config\Cache), false)
#12 C:\xamppp\htdocs\Apam\index.php(79): CodeIgniter\CodeIgniter->run()
#13 {main}
CRITICAL - 2023-10-26 09:01:09 --> Column 'amount' cannot be null
in SYSTEMPATH\Database\BaseConnection.php on line 646.
 1 SYSTEMPATH\Database\BaseBuilder.php(2308): CodeIgniter\Database\BaseConnection->query('INSERT INTO `apartment_payments` (`tenant`, `amount`, `apartment`, `paymentMethod`, `createdAt`, `updatedAt`) VALUES (:tenant:, :amount:, :apartment:, :paymentMethod:, :createdAt:, :updatedAt:)', [...], false)
 2 SYSTEMPATH\Model.php(319): CodeIgniter\Database\BaseBuilder->insert()
 3 SYSTEMPATH\BaseModel.php(788): CodeIgniter\Model->doInsert([...])
 4 SYSTEMPATH\Model.php(715): CodeIgniter\BaseModel->insert([...], false)
 5 SYSTEMPATH\BaseModel.php(698): CodeIgniter\Model->insert([...], false)
 6 APPPATH\Controllers\payments.php(193): CodeIgniter\BaseModel->save([...], '-1')
 7 SYSTEMPATH\CodeIgniter.php(919): App\Controllers\Payments->save('-1')
 8 SYSTEMPATH\CodeIgniter.php(494): CodeIgniter\CodeIgniter->runController(Object(App\Controllers\Payments))
 9 SYSTEMPATH\CodeIgniter.php(353): CodeIgniter\CodeIgniter->handleRequest(null, Object(Config\Cache), false)
10 FCPATH\index.php(79): CodeIgniter\CodeIgniter->run()
ERROR - 2023-10-26 09:01:32 --> mysqli_sql_exception: Column 'amount' cannot be null in C:\xamppp\htdocs\Apam\system\Database\MySQLi\Connection.php:306
Stack trace:
#0 C:\xamppp\htdocs\Apam\system\Database\MySQLi\Connection.php(306): mysqli->query('INSERT INTO `ap...', 0)
#1 C:\xamppp\htdocs\Apam\system\Database\BaseConnection.php(692): CodeIgniter\Database\MySQLi\Connection->execute('INSERT INTO `ap...')
#2 C:\xamppp\htdocs\Apam\system\Database\BaseConnection.php(606): CodeIgniter\Database\BaseConnection->simpleQuery('INSERT INTO `ap...')
#3 C:\xamppp\htdocs\Apam\system\Database\BaseBuilder.php(2308): CodeIgniter\Database\BaseConnection->query('INSERT INTO `ap...', Array, false)
#4 C:\xamppp\htdocs\Apam\system\Model.php(319): CodeIgniter\Database\BaseBuilder->insert()
#5 C:\xamppp\htdocs\Apam\system\BaseModel.php(788): CodeIgniter\Model->doInsert(Array)
#6 C:\xamppp\htdocs\Apam\system\Model.php(715): CodeIgniter\BaseModel->insert(Array, false)
#7 C:\xamppp\htdocs\Apam\system\BaseModel.php(698): CodeIgniter\Model->insert(Array, false)
#8 C:\xamppp\htdocs\Apam\app\Controllers\payments.php(193): CodeIgniter\BaseModel->save(Array, '-1')
#9 C:\xamppp\htdocs\Apam\system\CodeIgniter.php(919): App\Controllers\Payments->save('-1')
#10 C:\xamppp\htdocs\Apam\system\CodeIgniter.php(494): CodeIgniter\CodeIgniter->runController(Object(App\Controllers\Payments))
#11 C:\xamppp\htdocs\Apam\system\CodeIgniter.php(353): CodeIgniter\CodeIgniter->handleRequest(NULL, Object(Config\Cache), false)
#12 C:\xamppp\htdocs\Apam\index.php(79): CodeIgniter\CodeIgniter->run()
#13 {main}
CRITICAL - 2023-10-26 09:01:32 --> Column 'amount' cannot be null
in SYSTEMPATH\Database\BaseConnection.php on line 646.
 1 SYSTEMPATH\Database\BaseBuilder.php(2308): CodeIgniter\Database\BaseConnection->query('INSERT INTO `apartment_payments` (`tenant`, `amount`, `apartment`, `paymentMethod`, `createdAt`, `updatedAt`) VALUES (:tenant:, :amount:, :apartment:, :paymentMethod:, :createdAt:, :updatedAt:)', [...], false)
 2 SYSTEMPATH\Model.php(319): CodeIgniter\Database\BaseBuilder->insert()
 3 SYSTEMPATH\BaseModel.php(788): CodeIgniter\Model->doInsert([...])
 4 SYSTEMPATH\Model.php(715): CodeIgniter\BaseModel->insert([...], false)
 5 SYSTEMPATH\BaseModel.php(698): CodeIgniter\Model->insert([...], false)
 6 APPPATH\Controllers\payments.php(193): CodeIgniter\BaseModel->save([...], '-1')
 7 SYSTEMPATH\CodeIgniter.php(919): App\Controllers\Payments->save('-1')
 8 SYSTEMPATH\CodeIgniter.php(494): CodeIgniter\CodeIgniter->runController(Object(App\Controllers\Payments))
 9 SYSTEMPATH\CodeIgniter.php(353): CodeIgniter\CodeIgniter->handleRequest(null, Object(Config\Cache), false)
10 FCPATH\index.php(79): CodeIgniter\CodeIgniter->run()
CRITICAL - 2023-10-26 09:07:30 --> Undefined variable $controller
in APPPATH\Views\reports\manage.php on line 80.
 1 APPPATH\Views\reports\manage.php(80): CodeIgniter\Debug\Exceptions->errorHandler(2, 'Undefined variable $controller', 'C:\\xamppp\\htdocs\\Apam\\app\\Views\\reports\\manage.php', 80)
 2 SYSTEMPATH\View\View.php(226): include('C:\\xamppp\\htdocs\\Apam\\app\\Views\\reports\\manage.php')
 3 SYSTEMPATH\View\View.php(229): CodeIgniter\View\View->CodeIgniter\View\{closure}()
 4 SYSTEMPATH\Common.php(1188): CodeIgniter\View\View->render('reports/manage', [], true)
 5 APPPATH\Controllers\reports.php(165): view('reports/manage', [...])
 6 SYSTEMPATH\CodeIgniter.php(919): App\Controllers\Reports->printIt('staffs')
 7 SYSTEMPATH\CodeIgniter.php(494): CodeIgniter\CodeIgniter->runController(Object(App\Controllers\Reports))
 8 SYSTEMPATH\CodeIgniter.php(353): CodeIgniter\CodeIgniter->handleRequest(null, Object(Config\Cache), false)
 9 FCPATH\index.php(79): CodeIgniter\CodeIgniter->run()
CRITICAL - 2023-10-26 11:06:08 --> Undefined variable $controller
in APPPATH\Views\reports\manage.php on line 66.
 1 APPPATH\Views\reports\manage.php(66): CodeIgniter\Debug\Exceptions->errorHandler(2, 'Undefined variable $controller', 'C:\\xamppp\\htdocs\\Apam\\app\\Views\\reports\\manage.php', 66)
 2 SYSTEMPATH\View\View.php(226): include('C:\\xamppp\\htdocs\\Apam\\app\\Views\\reports\\manage.php')
 3 SYSTEMPATH\View\View.php(229): CodeIgniter\View\View->CodeIgniter\View\{closure}()
 4 SYSTEMPATH\Common.php(1188): CodeIgniter\View\View->render('reports/manage', [], true)
 5 APPPATH\Controllers\reports.php(165): view('reports/manage', [...])
 6 SYSTEMPATH\CodeIgniter.php(919): App\Controllers\Reports->printIt('staffs')
 7 SYSTEMPATH\CodeIgniter.php(494): CodeIgniter\CodeIgniter->runController(Object(App\Controllers\Reports))
 8 SYSTEMPATH\CodeIgniter.php(353): CodeIgniter\CodeIgniter->handleRequest(null, Object(Config\Cache), false)
 9 FCPATH\index.php(79): CodeIgniter\CodeIgniter->run()
CRITICAL - 2023-10-26 11:09:03 --> Undefined variable $module
in APPPATH\Views\reports\manage.php on line 66.
 1 APPPATH\Views\reports\manage.php(66): CodeIgniter\Debug\Exceptions->errorHandler(2, 'Undefined variable $module', 'C:\\xamppp\\htdocs\\Apam\\app\\Views\\reports\\manage.php', 66)
 2 SYSTEMPATH\View\View.php(226): include('C:\\xamppp\\htdocs\\Apam\\app\\Views\\reports\\manage.php')
 3 SYSTEMPATH\View\View.php(229): CodeIgniter\View\View->CodeIgniter\View\{closure}()
 4 SYSTEMPATH\Common.php(1188): CodeIgniter\View\View->render('reports/manage', [], true)
 5 APPPATH\Controllers\reports.php(165): view('reports/manage', [...])
 6 SYSTEMPATH\CodeIgniter.php(919): App\Controllers\Reports->printIt('staffs')
 7 SYSTEMPATH\CodeIgniter.php(494): CodeIgniter\CodeIgniter->runController(Object(App\Controllers\Reports))
 8 SYSTEMPATH\CodeIgniter.php(353): CodeIgniter\CodeIgniter->handleRequest(null, Object(Config\Cache), false)
 9 FCPATH\index.php(79): CodeIgniter\CodeIgniter->run()
CRITICAL - 2023-10-26 11:10:19 --> Undefined property: stdClass::$apartment_id
in APPPATH\Controllers\reports.php on line 110.
 1 APPPATH\Controllers\reports.php(110): CodeIgniter\Debug\Exceptions->errorHandler(2, 'Undefined property: stdClass::$apartment_id', 'C:\\xamppp\\htdocs\\Apam\\app\\Controllers\\reports.php', 110)
 2 SYSTEMPATH\CodeIgniter.php(919): App\Controllers\Reports->printIt('apartment_payments')
 3 SYSTEMPATH\CodeIgniter.php(494): CodeIgniter\CodeIgniter->runController(Object(App\Controllers\Reports))
 4 SYSTEMPATH\CodeIgniter.php(353): CodeIgniter\CodeIgniter->handleRequest(null, Object(Config\Cache), false)
 5 FCPATH\index.php(79): CodeIgniter\CodeIgniter->run()
ERROR - 2023-10-26 11:10:26 --> mysqli_sql_exception: Unknown column 'tenants.person_id' in 'on clause' in C:\xamppp\htdocs\Apam\system\Database\MySQLi\Connection.php:306
Stack trace:
#0 C:\xamppp\htdocs\Apam\system\Database\MySQLi\Connection.php(306): mysqli->query('SELECT *\nFROM `...', 0)
#1 C:\xamppp\htdocs\Apam\system\Database\BaseConnection.php(692): CodeIgniter\Database\MySQLi\Connection->execute('SELECT *\nFROM `...')
#2 C:\xamppp\htdocs\Apam\system\Database\BaseConnection.php(606): CodeIgniter\Database\BaseConnection->simpleQuery('SELECT *\nFROM `...')
#3 C:\xamppp\htdocs\Apam\system\Database\BaseBuilder.php(1615): CodeIgniter\Database\BaseConnection->query('SELECT *\nFROM `...', Array, false)
#4 C:\xamppp\htdocs\Apam\system\Model.php(870): CodeIgniter\Database\BaseBuilder->get()
#5 C:\xamppp\htdocs\Apam\app\Controllers\reports.php(85): CodeIgniter\Model->__call('get', Array)
#6 C:\xamppp\htdocs\Apam\system\CodeIgniter.php(919): App\Controllers\Reports->printIt('tenants')
#7 C:\xamppp\htdocs\Apam\system\CodeIgniter.php(494): CodeIgniter\CodeIgniter->runController(Object(App\Controllers\Reports))
#8 C:\xamppp\htdocs\Apam\system\CodeIgniter.php(353): CodeIgniter\CodeIgniter->handleRequest(NULL, Object(Config\Cache), false)
#9 C:\xamppp\htdocs\Apam\index.php(79): CodeIgniter\CodeIgniter->run()
#10 {main}
CRITICAL - 2023-10-26 11:10:26 --> Unknown column 'tenants.person_id' in 'on clause'
in SYSTEMPATH\Database\BaseConnection.php on line 646.
 1 SYSTEMPATH\Database\BaseBuilder.php(1615): CodeIgniter\Database\BaseConnection->query('SELECT *
FROM `staff`
JOIN `tenants` ON `tenants`.`person_id` = `people`.`person_id`', [], false)
 2 SYSTEMPATH\Model.php(870): CodeIgniter\Database\BaseBuilder->get()
 3 APPPATH\Controllers\reports.php(85): CodeIgniter\Model->__call('get', [])
 4 SYSTEMPATH\CodeIgniter.php(919): App\Controllers\Reports->printIt('tenants')
 5 SYSTEMPATH\CodeIgniter.php(494): CodeIgniter\CodeIgniter->runController(Object(App\Controllers\Reports))
 6 SYSTEMPATH\CodeIgniter.php(353): CodeIgniter\CodeIgniter->handleRequest(null, Object(Config\Cache), false)
 7 FCPATH\index.php(79): CodeIgniter\CodeIgniter->run()
CRITICAL - 2023-10-26 11:17:45 --> Undefined variable $controller
in APPPATH\Views\reports\manage.php on line 66.
 1 APPPATH\Views\reports\manage.php(66): CodeIgniter\Debug\Exceptions->errorHandler(2, 'Undefined variable $controller', 'C:\\xamppp\\htdocs\\Apam\\app\\Views\\reports\\manage.php', 66)
 2 SYSTEMPATH\View\View.php(226): include('C:\\xamppp\\htdocs\\Apam\\app\\Views\\reports\\manage.php')
 3 SYSTEMPATH\View\View.php(229): CodeIgniter\View\View->CodeIgniter\View\{closure}()
 4 SYSTEMPATH\Common.php(1188): CodeIgniter\View\View->render('reports/manage', [], true)
 5 APPPATH\Controllers\reports.php(165): view('reports/manage', [...])
 6 SYSTEMPATH\CodeIgniter.php(919): App\Controllers\Reports->printIt('staffs')
 7 SYSTEMPATH\CodeIgniter.php(494): CodeIgniter\CodeIgniter->runController(Object(App\Controllers\Reports))
 8 SYSTEMPATH\CodeIgniter.php(353): CodeIgniter\CodeIgniter->handleRequest(null, Object(Config\Cache), false)
 9 FCPATH\index.php(79): CodeIgniter\CodeIgniter->run()
CRITICAL - 2023-10-26 11:21:04 --> Undefined variable $controller_name
in APPPATH\Views\reports\manage.php on line 66.
 1 APPPATH\Views\reports\manage.php(66): CodeIgniter\Debug\Exceptions->errorHandler(2, 'Undefined variable $controller_name', 'C:\\xamppp\\htdocs\\Apam\\app\\Views\\reports\\manage.php', 66)
 2 SYSTEMPATH\View\View.php(226): include('C:\\xamppp\\htdocs\\Apam\\app\\Views\\reports\\manage.php')
 3 SYSTEMPATH\View\View.php(229): CodeIgniter\View\View->CodeIgniter\View\{closure}()
 4 SYSTEMPATH\Common.php(1188): CodeIgniter\View\View->render('reports/manage', [], true)
 5 APPPATH\Controllers\reports.php(165): view('reports/manage', [...])
 6 SYSTEMPATH\CodeIgniter.php(919): App\Controllers\Reports->printIt('staffs')
 7 SYSTEMPATH\CodeIgniter.php(494): CodeIgniter\CodeIgniter->runController(Object(App\Controllers\Reports))
 8 SYSTEMPATH\CodeIgniter.php(353): CodeIgniter\CodeIgniter->handleRequest(null, Object(Config\Cache), false)
 9 FCPATH\index.php(79): CodeIgniter\CodeIgniter->run()
