CRITICAL - 2023-10-11 05:37:17 --> Interface "App\Controllers\interfaces\iData_controller" not found
in APPPATH\Controllers\plugins.php on line 7.
 1 SYSTEMPATH\Router\AutoRouter.php(161): include_once()
 2 SYSTEMPATH\Router\Router.php(512): CodeIgniter\Router\AutoRouter->getRoute('plugins/date_range_picker/daterangepicker.css', 'get')
 3 SYSTEMPATH\Router\Router.php(208): CodeIgniter\Router\Router->autoRoute('plugins/date_range_picker/daterangepicker.css')
 4 SYSTEMPATH\CodeIgniter.php(800): CodeIgniter\Router\Router->handle('plugins/date_range_picker/daterangepicker.css')
 5 SYSTEMPATH\CodeIgniter.php(442): CodeIgniter\CodeIgniter->tryToRouteIt(Object(CodeIgniter\Router\RouteCollection))
 6 SYSTEMPATH\CodeIgniter.php(353): CodeIgniter\CodeIgniter->handleRequest(null, Object(Config\Cache), false)
 7 FCPATH\index.php(79): CodeIgniter\CodeIgniter->run()
CRITICAL - 2023-10-11 05:37:17 --> Interface "App\Controllers\interfaces\iData_controller" not found
in APPPATH\Controllers\plugins.php on line 7.
 1 SYSTEMPATH\Router\AutoRouter.php(161): include_once()
 2 SYSTEMPATH\Router\Router.php(512): CodeIgniter\Router\AutoRouter->getRoute('plugins/date_range_picker/daterangepicker.js', 'get')
 3 SYSTEMPATH\Router\Router.php(208): CodeIgniter\Router\Router->autoRoute('plugins/date_range_picker/daterangepicker.js')
 4 SYSTEMPATH\CodeIgniter.php(800): CodeIgniter\Router\Router->handle('plugins/date_range_picker/daterangepicker.js')
 5 SYSTEMPATH\CodeIgniter.php(442): CodeIgniter\CodeIgniter->tryToRouteIt(Object(CodeIgniter\Router\RouteCollection))
 6 SYSTEMPATH\CodeIgniter.php(353): CodeIgniter\CodeIgniter->handleRequest(null, Object(Config\Cache), false)
 7 FCPATH\index.php(79): CodeIgniter\CodeIgniter->run()
CRITICAL - 2023-10-11 06:13:43 --> Too few arguments to function App\Controllers\apartments::delete(), 0 passed in C:\xampp\htdocs\Apam\system\CodeIgniter.php on line 919 and exactly 1 expected
in APPPATH\Controllers\apartments.php on line 99.
 1 SYSTEMPATH\CodeIgniter.php(919): App\Controllers\apartments->delete()
 2 SYSTEMPATH\CodeIgniter.php(494): CodeIgniter\CodeIgniter->runController(Object(App\Controllers\apartments))
 3 SYSTEMPATH\CodeIgniter.php(353): CodeIgniter\CodeIgniter->handleRequest(null, Object(Config\Cache), false)
 4 FCPATH\index.php(79): CodeIgniter\CodeIgniter->run()
CRITICAL - 2023-10-11 06:40:53 --> Attempt to read property "apartmentID" on null
in APPPATH\Views\apartments\form.php on line 5.
 1 APPPATH\Views\apartments\form.php(5): CodeIgniter\Debug\Exceptions->errorHandler(2, 'Attempt to read property "apartmentID" on null', 'C:\\xampp\\htdocs\\Apam\\app\\Views\\apartments\\form.php', 5)
 2 SYSTEMPATH\View\View.php(226): include('C:\\xampp\\htdocs\\Apam\\app\\Views\\apartments\\form.php')
 3 SYSTEMPATH\View\View.php(229): CodeIgniter\View\View->CodeIgniter\View\{closure}()
 4 SYSTEMPATH\Common.php(1188): CodeIgniter\View\View->render('apartments/form', [], true)
 5 APPPATH\Controllers\apartments.php(50): view('apartments/form', [...])
 6 SYSTEMPATH\CodeIgniter.php(919): App\Controllers\apartments->view('<input type=\'checkbox\' name=\'chk[]\' id=\'person_2\' value=\'2\'', '>')
 7 SYSTEMPATH\CodeIgniter.php(494): CodeIgniter\CodeIgniter->runController(Object(App\Controllers\apartments))
 8 SYSTEMPATH\CodeIgniter.php(353): CodeIgniter\CodeIgniter->handleRequest(null, Object(Config\Cache), false)
 9 FCPATH\index.php(79): CodeIgniter\CodeIgniter->run()
CRITICAL - 2023-10-11 06:57:21 --> Attempt to read property "apartmentID" on null
in APPPATH\Views\apartments\form.php on line 5.
 1 APPPATH\Views\apartments\form.php(5): CodeIgniter\Debug\Exceptions->errorHandler(2, 'Attempt to read property "apartmentID" on null', 'C:\\xampp\\htdocs\\Apam\\app\\Views\\apartments\\form.php', 5)
 2 SYSTEMPATH\View\View.php(226): include('C:\\xampp\\htdocs\\Apam\\app\\Views\\apartments\\form.php')
 3 SYSTEMPATH\View\View.php(229): CodeIgniter\View\View->CodeIgniter\View\{closure}()
 4 SYSTEMPATH\Common.php(1188): CodeIgniter\View\View->render('apartments/form', [], true)
 5 APPPATH\Controllers\apartments.php(50): view('apartments/form', [...])
 6 SYSTEMPATH\CodeIgniter.php(919): App\Controllers\apartments->view('<input type=\'checkbox\' name=\'chk[]\' id=\'person_2\' value=\'2\'', '>')
 7 SYSTEMPATH\CodeIgniter.php(494): CodeIgniter\CodeIgniter->runController(Object(App\Controllers\apartments))
 8 SYSTEMPATH\CodeIgniter.php(353): CodeIgniter\CodeIgniter->handleRequest(null, Object(Config\Cache), false)
 9 FCPATH\index.php(79): CodeIgniter\CodeIgniter->run()
CRITICAL - 2023-10-11 06:57:53 --> Attempt to read property "apartmentID" on null
in APPPATH\Views\apartments\form.php on line 5.
 1 APPPATH\Views\apartments\form.php(5): CodeIgniter\Debug\Exceptions->errorHandler(2, 'Attempt to read property "apartmentID" on null', 'C:\\xampp\\htdocs\\Apam\\app\\Views\\apartments\\form.php', 5)
 2 SYSTEMPATH\View\View.php(226): include('C:\\xampp\\htdocs\\Apam\\app\\Views\\apartments\\form.php')
 3 SYSTEMPATH\View\View.php(229): CodeIgniter\View\View->CodeIgniter\View\{closure}()
 4 SYSTEMPATH\Common.php(1188): CodeIgniter\View\View->render('apartments/form', [], true)
 5 APPPATH\Controllers\apartments.php(50): view('apartments/form', [...])
 6 SYSTEMPATH\CodeIgniter.php(919): App\Controllers\apartments->view('<input type=\'checkbox\' name=\'chk[]\' id=\'person_2\' value=\'2\'', '>')
 7 SYSTEMPATH\CodeIgniter.php(494): CodeIgniter\CodeIgniter->runController(Object(App\Controllers\apartments))
 8 SYSTEMPATH\CodeIgniter.php(353): CodeIgniter\CodeIgniter->handleRequest(null, Object(Config\Cache), false)
 9 FCPATH\index.php(79): CodeIgniter\CodeIgniter->run()
CRITICAL - 2023-10-11 07:38:53 --> Undefined variable $tenant_info
in APPPATH\Views\tenants\form.php on line 100.
 1 APPPATH\Views\tenants\form.php(100): CodeIgniter\Debug\Exceptions->errorHandler(2, 'Undefined variable $tenant_info', 'C:\\xampp\\htdocs\\Apam\\app\\Views\\tenants\\form.php', 100)
 2 SYSTEMPATH\View\View.php(226): include('C:\\xampp\\htdocs\\Apam\\app\\Views\\tenants\\form.php')
 3 SYSTEMPATH\View\View.php(229): CodeIgniter\View\View->CodeIgniter\View\{closure}()
 4 SYSTEMPATH\Common.php(1188): CodeIgniter\View\View->render('tenants/form', [], true)
 5 APPPATH\Controllers\Tenants.php(84): view('tenants/form', [...])
 6 SYSTEMPATH\CodeIgniter.php(919): App\Controllers\tenants->view('Willy')
 7 SYSTEMPATH\CodeIgniter.php(494): CodeIgniter\CodeIgniter->runController(Object(App\Controllers\tenants))
 8 SYSTEMPATH\CodeIgniter.php(353): CodeIgniter\CodeIgniter->handleRequest(null, Object(Config\Cache), false)
 9 FCPATH\index.php(79): CodeIgniter\CodeIgniter->run()
CRITICAL - 2023-10-11 09:25:20 --> Too few arguments to function App\Controllers\apartments::delete(), 0 passed in C:\xampp\htdocs\Apam\system\CodeIgniter.php on line 919 and exactly 1 expected
in APPPATH\Controllers\apartments.php on line 99.
 1 SYSTEMPATH\CodeIgniter.php(919): App\Controllers\apartments->delete()
 2 SYSTEMPATH\CodeIgniter.php(494): CodeIgniter\CodeIgniter->runController(Object(App\Controllers\apartments))
 3 SYSTEMPATH\CodeIgniter.php(353): CodeIgniter\CodeIgniter->handleRequest(null, Object(Config\Cache), false)
 4 FCPATH\index.php(79): CodeIgniter\CodeIgniter->run()
CRITICAL - 2023-10-11 11:31:25 --> Undefined property: App\Controllers\staffs::$staff
in APPPATH\Controllers\staffs.php on line 137.
 1 APPPATH\Controllers\staffs.php(137): CodeIgniter\Debug\Exceptions->errorHandler(2, 'Undefined property: App\\Controllers\\staffs::$staff', 'C:\\xampp\\htdocs\\Apam\\app\\Controllers\\staffs.php', 137)
 2 SYSTEMPATH\CodeIgniter.php(919): App\Controllers\staffs->data()
 3 SYSTEMPATH\CodeIgniter.php(494): CodeIgniter\CodeIgniter->runController(Object(App\Controllers\staffs))
 4 SYSTEMPATH\CodeIgniter.php(353): CodeIgniter\CodeIgniter->handleRequest(null, Object(Config\Cache), false)
 5 FCPATH\index.php(79): CodeIgniter\CodeIgniter->run()
CRITICAL - 2023-10-11 11:31:32 --> Undefined property: App\Controllers\staffs::$staff
in APPPATH\Controllers\staffs.php on line 137.
 1 APPPATH\Controllers\staffs.php(137): CodeIgniter\Debug\Exceptions->errorHandler(2, 'Undefined property: App\\Controllers\\staffs::$staff', 'C:\\xampp\\htdocs\\Apam\\app\\Controllers\\staffs.php', 137)
 2 SYSTEMPATH\CodeIgniter.php(919): App\Controllers\staffs->data()
 3 SYSTEMPATH\CodeIgniter.php(494): CodeIgniter\CodeIgniter->runController(Object(App\Controllers\staffs))
 4 SYSTEMPATH\CodeIgniter.php(353): CodeIgniter\CodeIgniter->handleRequest(null, Object(Config\Cache), false)
 5 FCPATH\index.php(79): CodeIgniter\CodeIgniter->run()
CRITICAL - 2023-10-11 11:31:47 --> Undefined property: App\Controllers\staffs::$staff
in APPPATH\Controllers\staffs.php on line 137.
 1 APPPATH\Controllers\staffs.php(137): CodeIgniter\Debug\Exceptions->errorHandler(2, 'Undefined property: App\\Controllers\\staffs::$staff', 'C:\\xampp\\htdocs\\Apam\\app\\Controllers\\staffs.php', 137)
 2 SYSTEMPATH\CodeIgniter.php(919): App\Controllers\staffs->data()
 3 SYSTEMPATH\CodeIgniter.php(494): CodeIgniter\CodeIgniter->runController(Object(App\Controllers\staffs))
 4 SYSTEMPATH\CodeIgniter.php(353): CodeIgniter\CodeIgniter->handleRequest(null, Object(Config\Cache), false)
 5 FCPATH\index.php(79): CodeIgniter\CodeIgniter->run()
CRITICAL - 2023-10-11 11:45:54 --> Call to undefined function form_open()
in APPPATH\Views\apartments\form.php on line 5.
 1 SYSTEMPATH\View\View.php(226): include()
 2 SYSTEMPATH\View\View.php(229): CodeIgniter\View\View->CodeIgniter\View\{closure}()
 3 SYSTEMPATH\Common.php(1188): CodeIgniter\View\View->render('apartments/form', [], true)
 4 APPPATH\Controllers\staffs.php(60): view('apartments/form', [...])
 5 SYSTEMPATH\CodeIgniter.php(919): App\Controllers\staffs->view('1')
 6 SYSTEMPATH\CodeIgniter.php(494): CodeIgniter\CodeIgniter->runController(Object(App\Controllers\staffs))
 7 SYSTEMPATH\CodeIgniter.php(353): CodeIgniter\CodeIgniter->handleRequest(null, Object(Config\Cache), false)
 8 FCPATH\index.php(79): CodeIgniter\CodeIgniter->run()
CRITICAL - 2023-10-11 11:48:41 --> Undefined variable $person_info
in APPPATH\Views\staffs\form.php on line 5.
 1 APPPATH\Views\staffs\form.php(5): CodeIgniter\Debug\Exceptions->errorHandler(2, 'Undefined variable $person_info', 'C:\\xampp\\htdocs\\Apam\\app\\Views\\staffs\\form.php', 5)
 2 SYSTEMPATH\View\View.php(226): include('C:\\xampp\\htdocs\\Apam\\app\\Views\\staffs\\form.php')
 3 SYSTEMPATH\View\View.php(229): CodeIgniter\View\View->CodeIgniter\View\{closure}()
 4 SYSTEMPATH\Common.php(1188): CodeIgniter\View\View->render('staffs/form', [], true)
 5 APPPATH\Controllers\staffs.php(60): view('staffs/form', [...])
 6 SYSTEMPATH\CodeIgniter.php(919): App\Controllers\staffs->view('1')
 7 SYSTEMPATH\CodeIgniter.php(494): CodeIgniter\CodeIgniter->runController(Object(App\Controllers\staffs))
 8 SYSTEMPATH\CodeIgniter.php(353): CodeIgniter\CodeIgniter->handleRequest(null, Object(Config\Cache), false)
 9 FCPATH\index.php(79): CodeIgniter\CodeIgniter->run()
CRITICAL - 2023-10-11 11:50:31 --> Call to undefined function form_open()
in APPPATH\Views\staffs\form.php on line 6.
 1 SYSTEMPATH\View\View.php(226): include()
 2 SYSTEMPATH\View\View.php(229): CodeIgniter\View\View->CodeIgniter\View\{closure}()
 3 SYSTEMPATH\Common.php(1188): CodeIgniter\View\View->render('staffs/form', [], true)
 4 APPPATH\Controllers\staffs.php(60): view('staffs/form', [...])
 5 SYSTEMPATH\CodeIgniter.php(919): App\Controllers\staffs->view('1')
 6 SYSTEMPATH\CodeIgniter.php(494): CodeIgniter\CodeIgniter->runController(Object(App\Controllers\staffs))
 7 SYSTEMPATH\CodeIgniter.php(353): CodeIgniter\CodeIgniter->handleRequest(null, Object(Config\Cache), false)
 8 FCPATH\index.php(79): CodeIgniter\CodeIgniter->run()
CRITICAL - 2023-10-11 11:53:20 --> Call to undefined function form_open()
in APPPATH\Views\staffs\form.php on line 6.
 1 SYSTEMPATH\View\View.php(226): include()
 2 SYSTEMPATH\View\View.php(229): CodeIgniter\View\View->CodeIgniter\View\{closure}()
 3 SYSTEMPATH\Common.php(1188): CodeIgniter\View\View->render('staffs/form', [], true)
 4 APPPATH\Controllers\staffs.php(60): view('staffs/form', [...])
 5 SYSTEMPATH\CodeIgniter.php(919): App\Controllers\staffs->view('1')
 6 SYSTEMPATH\CodeIgniter.php(494): CodeIgniter\CodeIgniter->runController(Object(App\Controllers\staffs))
 7 SYSTEMPATH\CodeIgniter.php(353): CodeIgniter\CodeIgniter->handleRequest(null, Object(Config\Cache), false)
 8 FCPATH\index.php(79): CodeIgniter\CodeIgniter->run()
CRITICAL - 2023-10-11 11:55:11 --> Call to undefined function form_open()
in APPPATH\Views\staffs\form.php on line 6.
 1 SYSTEMPATH\View\View.php(226): include()
 2 SYSTEMPATH\View\View.php(229): CodeIgniter\View\View->CodeIgniter\View\{closure}()
 3 SYSTEMPATH\Common.php(1188): CodeIgniter\View\View->render('staffs/form', [], true)
 4 APPPATH\Controllers\staffs.php(60): view('staffs/form', [...])
 5 SYSTEMPATH\CodeIgniter.php(919): App\Controllers\staffs->view('1')
 6 SYSTEMPATH\CodeIgniter.php(494): CodeIgniter\CodeIgniter->runController(Object(App\Controllers\staffs))
 7 SYSTEMPATH\CodeIgniter.php(353): CodeIgniter\CodeIgniter->handleRequest(null, Object(Config\Cache), false)
 8 FCPATH\index.php(79): CodeIgniter\CodeIgniter->run()
CRITICAL - 2023-10-11 11:55:13 --> Call to undefined function form_open()
in APPPATH\Views\staffs\form.php on line 6.
 1 SYSTEMPATH\View\View.php(226): include()
 2 SYSTEMPATH\View\View.php(229): CodeIgniter\View\View->CodeIgniter\View\{closure}()
 3 SYSTEMPATH\Common.php(1188): CodeIgniter\View\View->render('staffs/form', [], true)
 4 APPPATH\Controllers\staffs.php(60): view('staffs/form', [...])
 5 SYSTEMPATH\CodeIgniter.php(919): App\Controllers\staffs->view('1')
 6 SYSTEMPATH\CodeIgniter.php(494): CodeIgniter\CodeIgniter->runController(Object(App\Controllers\staffs))
 7 SYSTEMPATH\CodeIgniter.php(353): CodeIgniter\CodeIgniter->handleRequest(null, Object(Config\Cache), false)
 8 FCPATH\index.php(79): CodeIgniter\CodeIgniter->run()
CRITICAL - 2023-10-11 11:55:14 --> Call to undefined function form_open()
in APPPATH\Views\staffs\form.php on line 6.
 1 SYSTEMPATH\View\View.php(226): include()
 2 SYSTEMPATH\View\View.php(229): CodeIgniter\View\View->CodeIgniter\View\{closure}()
 3 SYSTEMPATH\Common.php(1188): CodeIgniter\View\View->render('staffs/form', [], true)
 4 APPPATH\Controllers\staffs.php(60): view('staffs/form', [...])
 5 SYSTEMPATH\CodeIgniter.php(919): App\Controllers\staffs->view('1')
 6 SYSTEMPATH\CodeIgniter.php(494): CodeIgniter\CodeIgniter->runController(Object(App\Controllers\staffs))
 7 SYSTEMPATH\CodeIgniter.php(353): CodeIgniter\CodeIgniter->handleRequest(null, Object(Config\Cache), false)
 8 FCPATH\index.php(79): CodeIgniter\CodeIgniter->run()
CRITICAL - 2023-10-11 11:55:15 --> Call to undefined function form_open()
in APPPATH\Views\staffs\form.php on line 6.
 1 SYSTEMPATH\View\View.php(226): include()
 2 SYSTEMPATH\View\View.php(229): CodeIgniter\View\View->CodeIgniter\View\{closure}()
 3 SYSTEMPATH\Common.php(1188): CodeIgniter\View\View->render('staffs/form', [], true)
 4 APPPATH\Controllers\staffs.php(60): view('staffs/form', [...])
 5 SYSTEMPATH\CodeIgniter.php(919): App\Controllers\staffs->view('1')
 6 SYSTEMPATH\CodeIgniter.php(494): CodeIgniter\CodeIgniter->runController(Object(App\Controllers\staffs))
 7 SYSTEMPATH\CodeIgniter.php(353): CodeIgniter\CodeIgniter->handleRequest(null, Object(Config\Cache), false)
 8 FCPATH\index.php(79): CodeIgniter\CodeIgniter->run()
CRITICAL - 2023-10-11 11:55:39 --> Call to undefined function form_open()
in APPPATH\Views\staffs\form.php on line 7.
 1 SYSTEMPATH\View\View.php(226): include()
 2 SYSTEMPATH\View\View.php(229): CodeIgniter\View\View->CodeIgniter\View\{closure}()
 3 SYSTEMPATH\Common.php(1188): CodeIgniter\View\View->render('staffs/form', [], true)
 4 APPPATH\Controllers\staffs.php(60): view('staffs/form', [...])
 5 SYSTEMPATH\CodeIgniter.php(919): App\Controllers\staffs->view('1')
 6 SYSTEMPATH\CodeIgniter.php(494): CodeIgniter\CodeIgniter->runController(Object(App\Controllers\staffs))
 7 SYSTEMPATH\CodeIgniter.php(353): CodeIgniter\CodeIgniter->handleRequest(null, Object(Config\Cache), false)
 8 FCPATH\index.php(79): CodeIgniter\CodeIgniter->run()
CRITICAL - 2023-10-11 11:57:36 --> Undefined property: App\Controllers\staffs::$input
in APPPATH\Controllers\staffs.php on line 72.
 1 APPPATH\Controllers\staffs.php(72): CodeIgniter\Debug\Exceptions->errorHandler(2, 'Undefined property: App\\Controllers\\staffs::$input', 'C:\\xampp\\htdocs\\Apam\\app\\Controllers\\staffs.php', 72)
 2 SYSTEMPATH\CodeIgniter.php(919): App\Controllers\staffs->save('1')
 3 SYSTEMPATH\CodeIgniter.php(494): CodeIgniter\CodeIgniter->runController(Object(App\Controllers\staffs))
 4 SYSTEMPATH\CodeIgniter.php(353): CodeIgniter\CodeIgniter->handleRequest(null, Object(Config\Cache), false)
 5 FCPATH\index.php(79): CodeIgniter\CodeIgniter->run()
CRITICAL - 2023-10-11 14:11:33 --> Undefined property: stdClass::$housetypes
in APPPATH\Views\apartments\form.php on line 133.
 1 APPPATH\Views\apartments\form.php(133): CodeIgniter\Debug\Exceptions->errorHandler(2, 'Undefined property: stdClass::$housetypes', 'C:\\xampp\\htdocs\\Apam\\app\\Views\\apartments\\form.php', 133)
 2 SYSTEMPATH\View\View.php(226): include('C:\\xampp\\htdocs\\Apam\\app\\Views\\apartments\\form.php')
 3 SYSTEMPATH\View\View.php(229): CodeIgniter\View\View->CodeIgniter\View\{closure}()
 4 SYSTEMPATH\Common.php(1188): CodeIgniter\View\View->render('apartments/form', [], true)
 5 APPPATH\Controllers\apartments.php(50): view('apartments/form', [...])
 6 SYSTEMPATH\CodeIgniter.php(919): App\Controllers\apartments->view('507')
 7 SYSTEMPATH\CodeIgniter.php(494): CodeIgniter\CodeIgniter->runController(Object(App\Controllers\apartments))
 8 SYSTEMPATH\CodeIgniter.php(353): CodeIgniter\CodeIgniter->handleRequest(null, Object(Config\Cache), false)
 9 FCPATH\index.php(79): CodeIgniter\CodeIgniter->run()
CRITICAL - 2023-10-11 14:12:10 --> Undefined property: stdClass::$housetypes
in APPPATH\Views\apartments\form.php on line 133.
 1 APPPATH\Views\apartments\form.php(133): CodeIgniter\Debug\Exceptions->errorHandler(2, 'Undefined property: stdClass::$housetypes', 'C:\\xampp\\htdocs\\Apam\\app\\Views\\apartments\\form.php', 133)
 2 SYSTEMPATH\View\View.php(226): include('C:\\xampp\\htdocs\\Apam\\app\\Views\\apartments\\form.php')
 3 SYSTEMPATH\View\View.php(229): CodeIgniter\View\View->CodeIgniter\View\{closure}()
 4 SYSTEMPATH\Common.php(1188): CodeIgniter\View\View->render('apartments/form', [], true)
 5 APPPATH\Controllers\apartments.php(50): view('apartments/form', [...])
 6 SYSTEMPATH\CodeIgniter.php(919): App\Controllers\apartments->view('507')
 7 SYSTEMPATH\CodeIgniter.php(494): CodeIgniter\CodeIgniter->runController(Object(App\Controllers\apartments))
 8 SYSTEMPATH\CodeIgniter.php(353): CodeIgniter\CodeIgniter->handleRequest(null, Object(Config\Cache), false)
 9 FCPATH\index.php(79): CodeIgniter\CodeIgniter->run()
CRITICAL - 2023-10-11 14:12:13 --> Undefined property: stdClass::$housetypes
in APPPATH\Views\apartments\form.php on line 133.
 1 APPPATH\Views\apartments\form.php(133): CodeIgniter\Debug\Exceptions->errorHandler(2, 'Undefined property: stdClass::$housetypes', 'C:\\xampp\\htdocs\\Apam\\app\\Views\\apartments\\form.php', 133)
 2 SYSTEMPATH\View\View.php(226): include('C:\\xampp\\htdocs\\Apam\\app\\Views\\apartments\\form.php')
 3 SYSTEMPATH\View\View.php(229): CodeIgniter\View\View->CodeIgniter\View\{closure}()
 4 SYSTEMPATH\Common.php(1188): CodeIgniter\View\View->render('apartments/form', [], true)
 5 APPPATH\Controllers\apartments.php(50): view('apartments/form', [...])
 6 SYSTEMPATH\CodeIgniter.php(919): App\Controllers\apartments->view('507')
 7 SYSTEMPATH\CodeIgniter.php(494): CodeIgniter\CodeIgniter->runController(Object(App\Controllers\apartments))
 8 SYSTEMPATH\CodeIgniter.php(353): CodeIgniter\CodeIgniter->handleRequest(null, Object(Config\Cache), false)
 9 FCPATH\index.php(79): CodeIgniter\CodeIgniter->run()
CRITICAL - 2023-10-11 14:12:14 --> Undefined property: stdClass::$housetypes
in APPPATH\Views\apartments\form.php on line 133.
 1 APPPATH\Views\apartments\form.php(133): CodeIgniter\Debug\Exceptions->errorHandler(2, 'Undefined property: stdClass::$housetypes', 'C:\\xampp\\htdocs\\Apam\\app\\Views\\apartments\\form.php', 133)
 2 SYSTEMPATH\View\View.php(226): include('C:\\xampp\\htdocs\\Apam\\app\\Views\\apartments\\form.php')
 3 SYSTEMPATH\View\View.php(229): CodeIgniter\View\View->CodeIgniter\View\{closure}()
 4 SYSTEMPATH\Common.php(1188): CodeIgniter\View\View->render('apartments/form', [], true)
 5 APPPATH\Controllers\apartments.php(50): view('apartments/form', [...])
 6 SYSTEMPATH\CodeIgniter.php(919): App\Controllers\apartments->view('507')
 7 SYSTEMPATH\CodeIgniter.php(494): CodeIgniter\CodeIgniter->runController(Object(App\Controllers\apartments))
 8 SYSTEMPATH\CodeIgniter.php(353): CodeIgniter\CodeIgniter->handleRequest(null, Object(Config\Cache), false)
 9 FCPATH\index.php(79): CodeIgniter\CodeIgniter->run()
