CRITICAL - 2023-09-28 05:17:31 --> Class "App\Models\Staff" not found
in APPPATH\Controllers\login.php on line 14.
 1 SYSTEMPATH\CodeIgniter.php(891): App\Controllers\Login->__construct()
 2 SYSTEMPATH\CodeIgniter.php(485): CodeIgniter\CodeIgniter->createController()
 3 SYSTEMPATH\CodeIgniter.php(353): CodeIgniter\CodeIgniter->handleRequest(null, Object(Config\Cache), false)
 4 FCPATH\index.php(79): CodeIgniter\CodeIgniter->run()
CRITICAL - 2023-09-28 05:25:31 --> Class "App\Models\TenantModel" not found
in APPPATH\Controllers\Tenants.php on line 13.
 1 SYSTEMPATH\CodeIgniter.php(891): App\Controllers\tenants->__construct()
 2 SYSTEMPATH\CodeIgniter.php(485): CodeIgniter\CodeIgniter->createController()
 3 SYSTEMPATH\CodeIgniter.php(353): CodeIgniter\CodeIgniter->handleRequest(null, Object(Config\Cache), false)
 4 FCPATH\index.php(79): CodeIgniter\CodeIgniter->run()
CRITICAL - 2023-09-28 05:26:00 --> Class "App\Controllers\Tenant" not found
in APPPATH\Controllers\Tenants.php on line 13.
 1 SYSTEMPATH\CodeIgniter.php(891): App\Controllers\tenants->__construct()
 2 SYSTEMPATH\CodeIgniter.php(485): CodeIgniter\CodeIgniter->createController()
 3 SYSTEMPATH\CodeIgniter.php(353): CodeIgniter\CodeIgniter->handleRequest(null, Object(Config\Cache), false)
 4 FCPATH\index.php(79): CodeIgniter\CodeIgniter->run()
CRITICAL - 2023-09-28 05:26:21 --> Class "App\Models\StaffModel" not found
in APPPATH\Models\Setting.php on line 34.
 1 SYSTEMPATH\Config\BaseConfig.php(229): App\Models\Setting::loggedInStaff()
 2 SYSTEMPATH\Config\BaseConfig.php(90): CodeIgniter\Config\BaseConfig->registerProperties()
 3 SYSTEMPATH\Config\Factories.php(215): CodeIgniter\Config\BaseConfig->__construct()
 4 SYSTEMPATH\Config\Factories.php(165): CodeIgniter\Config\Factories::createInstance('config', 'LoggedInStaff', [])
 5 SYSTEMPATH\Common.php(217): CodeIgniter\Config\Factories::__callStatic('config', [])
 6 APPPATH\Views\partial\header.php(138): config('LoggedInStaff')
 7 SYSTEMPATH\View\View.php(226): include('C:\\xampp\\htdocs\\Apam\\app\\Views\\partial\\header.php')
 8 SYSTEMPATH\View\View.php(229): CodeIgniter\View\View->CodeIgniter\View\{closure}()
 9 SYSTEMPATH\Common.php(1188): CodeIgniter\View\View->render('partial/header', [], true)
10 APPPATH\Views\people\manage.php(1): view('partial/header')
11 SYSTEMPATH\View\View.php(226): include('C:\\xampp\\htdocs\\Apam\\app\\Views\\people\\manage.php')
12 SYSTEMPATH\View\View.php(229): CodeIgniter\View\View->CodeIgniter\View\{closure}()
13 SYSTEMPATH\Common.php(1188): CodeIgniter\View\View->render('people/manage', [], true)
14 APPPATH\Controllers\Tenants.php(25): view('people/manage', [...])
15 SYSTEMPATH\CodeIgniter.php(919): App\Controllers\tenants->index()
16 SYSTEMPATH\CodeIgniter.php(494): CodeIgniter\CodeIgniter->runController(Object(App\Controllers\tenants))
17 SYSTEMPATH\CodeIgniter.php(353): CodeIgniter\CodeIgniter->handleRequest(null, Object(Config\Cache), false)
18 FCPATH\index.php(79): CodeIgniter\CodeIgniter->run()
CRITICAL - 2023-09-28 06:40:22 --> Call to undefined method App\Models\Apartment::get_total_apartments_by_range
in SYSTEMPATH\Model.php on line 873.
 1 APPPATH\Controllers\Home.php(20): CodeIgniter\Model->__call('get_total_apartments_by_range', [...])
 2 SYSTEMPATH\CodeIgniter.php(919): App\Controllers\Home->index()
 3 SYSTEMPATH\CodeIgniter.php(494): CodeIgniter\CodeIgniter->runController(Object(App\Controllers\Home))
 4 SYSTEMPATH\CodeIgniter.php(353): CodeIgniter\CodeIgniter->handleRequest(null, Object(Config\Cache), false)
 5 FCPATH\index.php(79): CodeIgniter\CodeIgniter->run()
CRITICAL - 2023-09-28 06:43:38 --> Cannot call constructor
in APPPATH\Controllers\apartments.php on line 13.
 1 SYSTEMPATH\CodeIgniter.php(891): App\Controllers\apartments->__construct()
 2 SYSTEMPATH\CodeIgniter.php(485): CodeIgniter\CodeIgniter->createController()
 3 SYSTEMPATH\CodeIgniter.php(353): CodeIgniter\CodeIgniter->handleRequest(null, Object(Config\Cache), false)
 4 FCPATH\index.php(79): CodeIgniter\CodeIgniter->run()
CRITICAL - 2023-09-28 08:32:31 --> Cannot call constructor
in APPPATH\Controllers\apartments.php on line 13.
 1 SYSTEMPATH\CodeIgniter.php(891): App\Controllers\apartments->__construct()
 2 SYSTEMPATH\CodeIgniter.php(485): CodeIgniter\CodeIgniter->createController()
 3 SYSTEMPATH\CodeIgniter.php(353): CodeIgniter\CodeIgniter->handleRequest(null, Object(Config\Cache), false)
 4 FCPATH\index.php(79): CodeIgniter\CodeIgniter->run()
CRITICAL - 2023-09-28 08:34:01 --> Cannot call constructor
in APPPATH\Controllers\apartments.php on line 13.
 1 SYSTEMPATH\CodeIgniter.php(891): App\Controllers\apartments->__construct()
 2 SYSTEMPATH\CodeIgniter.php(485): CodeIgniter\CodeIgniter->createController()
 3 SYSTEMPATH\CodeIgniter.php(353): CodeIgniter\CodeIgniter->handleRequest(null, Object(Config\Cache), false)
 4 FCPATH\index.php(79): CodeIgniter\CodeIgniter->run()
CRITICAL - 2023-09-28 08:34:07 --> Cannot call constructor
in APPPATH\Controllers\apartments.php on line 13.
 1 SYSTEMPATH\CodeIgniter.php(891): App\Controllers\apartments->__construct()
 2 SYSTEMPATH\CodeIgniter.php(485): CodeIgniter\CodeIgniter->createController()
 3 SYSTEMPATH\CodeIgniter.php(353): CodeIgniter\CodeIgniter->handleRequest(null, Object(Config\Cache), false)
 4 FCPATH\index.php(79): CodeIgniter\CodeIgniter->run()
CRITICAL - 2023-09-28 08:34:13 --> Cannot call constructor
in APPPATH\Controllers\apartments.php on line 15.
 1 SYSTEMPATH\CodeIgniter.php(891): App\Controllers\apartments->__construct()
 2 SYSTEMPATH\CodeIgniter.php(485): CodeIgniter\CodeIgniter->createController()
 3 SYSTEMPATH\CodeIgniter.php(353): CodeIgniter\CodeIgniter->handleRequest(null, Object(Config\Cache), false)
 4 FCPATH\index.php(79): CodeIgniter\CodeIgniter->run()
CRITICAL - 2023-09-28 08:34:16 --> Cannot call constructor
in APPPATH\Controllers\apartments.php on line 15.
 1 SYSTEMPATH\CodeIgniter.php(891): App\Controllers\apartments->__construct()
 2 SYSTEMPATH\CodeIgniter.php(485): CodeIgniter\CodeIgniter->createController()
 3 SYSTEMPATH\CodeIgniter.php(353): CodeIgniter\CodeIgniter->handleRequest(null, Object(Config\Cache), false)
 4 FCPATH\index.php(79): CodeIgniter\CodeIgniter->run()
CRITICAL - 2023-09-28 08:34:31 --> Undefined property: App\Controllers\apartments::$apartment
in APPPATH\Controllers\apartments.php on line 890.
 1 APPPATH\Controllers\apartments.php(890): CodeIgniter\Debug\Exceptions->errorHandler(2, 'Undefined property: App\\Controllers\\apartments::$apartment', 'C:\\xampp\\htdocs\\Apam\\app\\Controllers\\apartments.php', 890)
 2 APPPATH\Controllers\apartments.php(20): App\Controllers\apartments->_count_overdues()
 3 SYSTEMPATH\CodeIgniter.php(919): App\Controllers\apartments->index()
 4 SYSTEMPATH\CodeIgniter.php(494): CodeIgniter\CodeIgniter->runController(Object(App\Controllers\apartments))
 5 SYSTEMPATH\CodeIgniter.php(353): CodeIgniter\CodeIgniter->handleRequest(null, Object(Config\Cache), false)
 6 FCPATH\index.php(79): CodeIgniter\CodeIgniter->run()
CRITICAL - 2023-09-28 08:49:10 --> Undefined property: App\Controllers\apartments::$apartment
in APPPATH\Controllers\apartments.php on line 889.
 1 APPPATH\Controllers\apartments.php(889): CodeIgniter\Debug\Exceptions->errorHandler(2, 'Undefined property: App\\Controllers\\apartments::$apartment', 'C:\\xampp\\htdocs\\Apam\\app\\Controllers\\apartments.php', 889)
 2 APPPATH\Controllers\apartments.php(20): App\Controllers\apartments->_count_overdues()
 3 SYSTEMPATH\CodeIgniter.php(919): App\Controllers\apartments->index()
 4 SYSTEMPATH\CodeIgniter.php(494): CodeIgniter\CodeIgniter->runController(Object(App\Controllers\apartments))
 5 SYSTEMPATH\CodeIgniter.php(353): CodeIgniter\CodeIgniter->handleRequest(null, Object(Config\Cache), false)
 6 FCPATH\index.php(79): CodeIgniter\CodeIgniter->run()
CRITICAL - 2023-09-28 08:49:12 --> Undefined property: App\Controllers\apartments::$apartment
in APPPATH\Controllers\apartments.php on line 889.
 1 APPPATH\Controllers\apartments.php(889): CodeIgniter\Debug\Exceptions->errorHandler(2, 'Undefined property: App\\Controllers\\apartments::$apartment', 'C:\\xampp\\htdocs\\Apam\\app\\Controllers\\apartments.php', 889)
 2 APPPATH\Controllers\apartments.php(20): App\Controllers\apartments->_count_overdues()
 3 SYSTEMPATH\CodeIgniter.php(919): App\Controllers\apartments->index()
 4 SYSTEMPATH\CodeIgniter.php(494): CodeIgniter\CodeIgniter->runController(Object(App\Controllers\apartments))
 5 SYSTEMPATH\CodeIgniter.php(353): CodeIgniter\CodeIgniter->handleRequest(null, Object(Config\Cache), false)
 6 FCPATH\index.php(79): CodeIgniter\CodeIgniter->run()
CRITICAL - 2023-09-28 08:53:04 --> Call to a member function count_overdues() on null
in APPPATH\Controllers\apartments.php on line 891.
 1 APPPATH\Controllers\apartments.php(22): App\Controllers\apartments->_count_overdues()
 2 SYSTEMPATH\CodeIgniter.php(919): App\Controllers\apartments->index()
 3 SYSTEMPATH\CodeIgniter.php(494): CodeIgniter\CodeIgniter->runController(Object(App\Controllers\apartments))
 4 SYSTEMPATH\CodeIgniter.php(353): CodeIgniter\CodeIgniter->handleRequest(null, Object(Config\Cache), false)
 5 FCPATH\index.php(79): CodeIgniter\CodeIgniter->run()
CRITICAL - 2023-09-28 08:53:06 --> Call to a member function count_overdues() on null
in APPPATH\Controllers\apartments.php on line 891.
 1 APPPATH\Controllers\apartments.php(22): App\Controllers\apartments->_count_overdues()
 2 SYSTEMPATH\CodeIgniter.php(919): App\Controllers\apartments->index()
 3 SYSTEMPATH\CodeIgniter.php(494): CodeIgniter\CodeIgniter->runController(Object(App\Controllers\apartments))
 4 SYSTEMPATH\CodeIgniter.php(353): CodeIgniter\CodeIgniter->handleRequest(null, Object(Config\Cache), false)
 5 FCPATH\index.php(79): CodeIgniter\CodeIgniter->run()
CRITICAL - 2023-09-28 08:54:01 --> Call to a member function count_overdues() on null
in APPPATH\Controllers\apartments.php on line 891.
 1 APPPATH\Controllers\apartments.php(22): App\Controllers\apartments->_count_overdues()
 2 SYSTEMPATH\CodeIgniter.php(919): App\Controllers\apartments->index()
 3 SYSTEMPATH\CodeIgniter.php(494): CodeIgniter\CodeIgniter->runController(Object(App\Controllers\apartments))
 4 SYSTEMPATH\CodeIgniter.php(353): CodeIgniter\CodeIgniter->handleRequest(null, Object(Config\Cache), false)
 5 FCPATH\index.php(79): CodeIgniter\CodeIgniter->run()
CRITICAL - 2023-09-28 08:59:44 --> Call to a member function count_overdues() on null
in APPPATH\Controllers\apartments.php on line 889.
 1 APPPATH\Controllers\apartments.php(22): App\Controllers\apartments->_count_overdues()
 2 SYSTEMPATH\CodeIgniter.php(919): App\Controllers\apartments->index()
 3 SYSTEMPATH\CodeIgniter.php(494): CodeIgniter\CodeIgniter->runController(Object(App\Controllers\apartments))
 4 SYSTEMPATH\CodeIgniter.php(353): CodeIgniter\CodeIgniter->handleRequest(null, Object(Config\Cache), false)
 5 FCPATH\index.php(79): CodeIgniter\CodeIgniter->run()
CRITICAL - 2023-09-28 08:59:47 --> Call to a member function count_overdues() on null
in APPPATH\Controllers\apartments.php on line 889.
 1 APPPATH\Controllers\apartments.php(22): App\Controllers\apartments->_count_overdues()
 2 SYSTEMPATH\CodeIgniter.php(919): App\Controllers\apartments->index()
 3 SYSTEMPATH\CodeIgniter.php(494): CodeIgniter\CodeIgniter->runController(Object(App\Controllers\apartments))
 4 SYSTEMPATH\CodeIgniter.php(353): CodeIgniter\CodeIgniter->handleRequest(null, Object(Config\Cache), false)
 5 FCPATH\index.php(79): CodeIgniter\CodeIgniter->run()
CRITICAL - 2023-09-28 09:01:28 --> Call to a member function countAll() on null
in APPPATH\Controllers\apartments.php on line 21.
 1 SYSTEMPATH\CodeIgniter.php(919): App\Controllers\apartments->index()
 2 SYSTEMPATH\CodeIgniter.php(494): CodeIgniter\CodeIgniter->runController(Object(App\Controllers\apartments))
 3 SYSTEMPATH\CodeIgniter.php(353): CodeIgniter\CodeIgniter->handleRequest(null, Object(Config\Cache), false)
 4 FCPATH\index.php(79): CodeIgniter\CodeIgniter->run()
CRITICAL - 2023-09-28 09:01:30 --> Call to a member function countAll() on null
in APPPATH\Controllers\apartments.php on line 21.
 1 SYSTEMPATH\CodeIgniter.php(919): App\Controllers\apartments->index()
 2 SYSTEMPATH\CodeIgniter.php(494): CodeIgniter\CodeIgniter->runController(Object(App\Controllers\apartments))
 3 SYSTEMPATH\CodeIgniter.php(353): CodeIgniter\CodeIgniter->handleRequest(null, Object(Config\Cache), false)
 4 FCPATH\index.php(79): CodeIgniter\CodeIgniter->run()
CRITICAL - 2023-09-28 09:02:26 --> Call to a member function count_overdues() on null
in APPPATH\Controllers\apartments.php on line 889.
 1 APPPATH\Controllers\apartments.php(22): App\Controllers\apartments->_count_overdues()
 2 SYSTEMPATH\CodeIgniter.php(919): App\Controllers\apartments->index()
 3 SYSTEMPATH\CodeIgniter.php(494): CodeIgniter\CodeIgniter->runController(Object(App\Controllers\apartments))
 4 SYSTEMPATH\CodeIgniter.php(353): CodeIgniter\CodeIgniter->handleRequest(null, Object(Config\Cache), false)
 5 FCPATH\index.php(79): CodeIgniter\CodeIgniter->run()
CRITICAL - 2023-09-28 09:02:28 --> Call to a member function count_overdues() on null
in APPPATH\Controllers\apartments.php on line 889.
 1 APPPATH\Controllers\apartments.php(22): App\Controllers\apartments->_count_overdues()
 2 SYSTEMPATH\CodeIgniter.php(919): App\Controllers\apartments->index()
 3 SYSTEMPATH\CodeIgniter.php(494): CodeIgniter\CodeIgniter->runController(Object(App\Controllers\apartments))
 4 SYSTEMPATH\CodeIgniter.php(353): CodeIgniter\CodeIgniter->handleRequest(null, Object(Config\Cache), false)
 5 FCPATH\index.php(79): CodeIgniter\CodeIgniter->run()
CRITICAL - 2023-09-28 09:06:21 --> Call to undefined method App\Models\Apartment::count_overdues
in SYSTEMPATH\Model.php on line 873.
 1 APPPATH\Controllers\apartments.php(889): CodeIgniter\Model->__call('count_overdues', [])
 2 APPPATH\Controllers\apartments.php(22): App\Controllers\apartments->count_overdues()
 3 SYSTEMPATH\CodeIgniter.php(919): App\Controllers\apartments->index()
 4 SYSTEMPATH\CodeIgniter.php(494): CodeIgniter\CodeIgniter->runController(Object(App\Controllers\apartments))
 5 SYSTEMPATH\CodeIgniter.php(353): CodeIgniter\CodeIgniter->handleRequest(null, Object(Config\Cache), false)
 6 FCPATH\index.php(79): CodeIgniter\CodeIgniter->run()
CRITICAL - 2023-09-28 09:06:38 --> Call to undefined method App\Models\Apartment::count_overdues
in SYSTEMPATH\Model.php on line 873.
 1 APPPATH\Controllers\apartments.php(889): CodeIgniter\Model->__call('count_overdues', [])
 2 APPPATH\Controllers\apartments.php(22): App\Controllers\apartments->_count_overdues()
 3 SYSTEMPATH\CodeIgniter.php(919): App\Controllers\apartments->index()
 4 SYSTEMPATH\CodeIgniter.php(494): CodeIgniter\CodeIgniter->runController(Object(App\Controllers\apartments))
 5 SYSTEMPATH\CodeIgniter.php(353): CodeIgniter\CodeIgniter->handleRequest(null, Object(Config\Cache), false)
 6 FCPATH\index.php(79): CodeIgniter\CodeIgniter->run()
CRITICAL - 2023-09-28 09:06:41 --> Call to undefined method App\Models\Apartment::count_overdues
in SYSTEMPATH\Model.php on line 873.
 1 APPPATH\Controllers\apartments.php(889): CodeIgniter\Model->__call('count_overdues', [])
 2 APPPATH\Controllers\apartments.php(22): App\Controllers\apartments->_count_overdues()
 3 SYSTEMPATH\CodeIgniter.php(919): App\Controllers\apartments->index()
 4 SYSTEMPATH\CodeIgniter.php(494): CodeIgniter\CodeIgniter->runController(Object(App\Controllers\apartments))
 5 SYSTEMPATH\CodeIgniter.php(353): CodeIgniter\CodeIgniter->handleRequest(null, Object(Config\Cache), false)
 6 FCPATH\index.php(79): CodeIgniter\CodeIgniter->run()
CRITICAL - 2023-09-28 09:06:44 --> Call to undefined method App\Models\Apartment::count_overdues
in SYSTEMPATH\Model.php on line 873.
 1 APPPATH\Controllers\apartments.php(889): CodeIgniter\Model->__call('count_overdues', [])
 2 APPPATH\Controllers\apartments.php(22): App\Controllers\apartments->_count_overdues()
 3 SYSTEMPATH\CodeIgniter.php(919): App\Controllers\apartments->index()
 4 SYSTEMPATH\CodeIgniter.php(494): CodeIgniter\CodeIgniter->runController(Object(App\Controllers\apartments))
 5 SYSTEMPATH\CodeIgniter.php(353): CodeIgniter\CodeIgniter->handleRequest(null, Object(Config\Cache), false)
 6 FCPATH\index.php(79): CodeIgniter\CodeIgniter->run()
CRITICAL - 2023-09-28 09:06:53 --> Call to undefined method App\Models\Apartment::count_overdues
in SYSTEMPATH\Model.php on line 873.
 1 APPPATH\Controllers\apartments.php(889): CodeIgniter\Model->__call('count_overdues', [])
 2 APPPATH\Controllers\apartments.php(22): App\Controllers\apartments->_count_overdues()
 3 SYSTEMPATH\CodeIgniter.php(919): App\Controllers\apartments->index()
 4 SYSTEMPATH\CodeIgniter.php(494): CodeIgniter\CodeIgniter->runController(Object(App\Controllers\apartments))
 5 SYSTEMPATH\CodeIgniter.php(353): CodeIgniter\CodeIgniter->handleRequest(null, Object(Config\Cache), false)
 6 FCPATH\index.php(79): CodeIgniter\CodeIgniter->run()
CRITICAL - 2023-09-28 09:06:55 --> Call to undefined method App\Models\Apartment::count_overdues
in SYSTEMPATH\Model.php on line 873.
 1 APPPATH\Controllers\apartments.php(889): CodeIgniter\Model->__call('count_overdues', [])
 2 APPPATH\Controllers\apartments.php(22): App\Controllers\apartments->_count_overdues()
 3 SYSTEMPATH\CodeIgniter.php(919): App\Controllers\apartments->index()
 4 SYSTEMPATH\CodeIgniter.php(494): CodeIgniter\CodeIgniter->runController(Object(App\Controllers\apartments))
 5 SYSTEMPATH\CodeIgniter.php(353): CodeIgniter\CodeIgniter->handleRequest(null, Object(Config\Cache), false)
 6 FCPATH\index.php(79): CodeIgniter\CodeIgniter->run()
CRITICAL - 2023-09-28 09:06:57 --> Call to undefined method App\Models\Apartment::count_overdues
in SYSTEMPATH\Model.php on line 873.
 1 APPPATH\Controllers\apartments.php(889): CodeIgniter\Model->__call('count_overdues', [])
 2 APPPATH\Controllers\apartments.php(22): App\Controllers\apartments->_count_overdues()
 3 SYSTEMPATH\CodeIgniter.php(919): App\Controllers\apartments->index()
 4 SYSTEMPATH\CodeIgniter.php(494): CodeIgniter\CodeIgniter->runController(Object(App\Controllers\apartments))
 5 SYSTEMPATH\CodeIgniter.php(353): CodeIgniter\CodeIgniter->handleRequest(null, Object(Config\Cache), false)
 6 FCPATH\index.php(79): CodeIgniter\CodeIgniter->run()
CRITICAL - 2023-09-28 09:07:03 --> Call to undefined method App\Models\Apartment::count_overdues
in SYSTEMPATH\Model.php on line 873.
 1 APPPATH\Controllers\apartments.php(889): CodeIgniter\Model->__call('count_overdues', [])
 2 APPPATH\Controllers\apartments.php(22): App\Controllers\apartments->_count_overdues()
 3 SYSTEMPATH\CodeIgniter.php(919): App\Controllers\apartments->index()
 4 SYSTEMPATH\CodeIgniter.php(494): CodeIgniter\CodeIgniter->runController(Object(App\Controllers\apartments))
 5 SYSTEMPATH\CodeIgniter.php(353): CodeIgniter\CodeIgniter->handleRequest(null, Object(Config\Cache), false)
 6 FCPATH\index.php(79): CodeIgniter\CodeIgniter->run()
CRITICAL - 2023-09-28 09:07:54 --> Call to undefined method App\Models\Apartment::count_overdues
in SYSTEMPATH\Model.php on line 873.
 1 APPPATH\Controllers\apartments.php(889): CodeIgniter\Model->__call('count_overdues', [])
 2 APPPATH\Controllers\apartments.php(22): App\Controllers\apartments->_count_overdues()
 3 SYSTEMPATH\CodeIgniter.php(919): App\Controllers\apartments->index()
 4 SYSTEMPATH\CodeIgniter.php(494): CodeIgniter\CodeIgniter->runController(Object(App\Controllers\apartments))
 5 SYSTEMPATH\CodeIgniter.php(353): CodeIgniter\CodeIgniter->handleRequest(null, Object(Config\Cache), false)
 6 FCPATH\index.php(79): CodeIgniter\CodeIgniter->run()
CRITICAL - 2023-09-28 09:08:49 --> Call to a member function count_overdues() on null
in APPPATH\Controllers\apartments.php on line 891.
 1 APPPATH\Controllers\apartments.php(22): App\Controllers\apartments->_count_overdues()
 2 SYSTEMPATH\CodeIgniter.php(919): App\Controllers\apartments->index()
 3 SYSTEMPATH\CodeIgniter.php(494): CodeIgniter\CodeIgniter->runController(Object(App\Controllers\apartments))
 4 SYSTEMPATH\CodeIgniter.php(353): CodeIgniter\CodeIgniter->handleRequest(null, Object(Config\Cache), false)
 5 FCPATH\index.php(79): CodeIgniter\CodeIgniter->run()
CRITICAL - 2023-09-28 09:09:28 --> Call to a member function _count_overdues() on null
in APPPATH\Controllers\apartments.php on line 891.
 1 APPPATH\Controllers\apartments.php(22): App\Controllers\apartments->_count_overdues()
 2 SYSTEMPATH\CodeIgniter.php(919): App\Controllers\apartments->index()
 3 SYSTEMPATH\CodeIgniter.php(494): CodeIgniter\CodeIgniter->runController(Object(App\Controllers\apartments))
 4 SYSTEMPATH\CodeIgniter.php(353): CodeIgniter\CodeIgniter->handleRequest(null, Object(Config\Cache), false)
 5 FCPATH\index.php(79): CodeIgniter\CodeIgniter->run()
CRITICAL - 2023-09-28 09:09:31 --> Call to a member function _count_overdues() on null
in APPPATH\Controllers\apartments.php on line 891.
 1 APPPATH\Controllers\apartments.php(22): App\Controllers\apartments->_count_overdues()
 2 SYSTEMPATH\CodeIgniter.php(919): App\Controllers\apartments->index()
 3 SYSTEMPATH\CodeIgniter.php(494): CodeIgniter\CodeIgniter->runController(Object(App\Controllers\apartments))
 4 SYSTEMPATH\CodeIgniter.php(353): CodeIgniter\CodeIgniter->handleRequest(null, Object(Config\Cache), false)
 5 FCPATH\index.php(79): CodeIgniter\CodeIgniter->run()
CRITICAL - 2023-09-28 09:09:56 --> Call to a member function _count_overdue() on null
in APPPATH\Controllers\apartments.php on line 891.
 1 APPPATH\Controllers\apartments.php(22): App\Controllers\apartments->_count_overdues()
 2 SYSTEMPATH\CodeIgniter.php(919): App\Controllers\apartments->index()
 3 SYSTEMPATH\CodeIgniter.php(494): CodeIgniter\CodeIgniter->runController(Object(App\Controllers\apartments))
 4 SYSTEMPATH\CodeIgniter.php(353): CodeIgniter\CodeIgniter->handleRequest(null, Object(Config\Cache), false)
 5 FCPATH\index.php(79): CodeIgniter\CodeIgniter->run()
CRITICAL - 2023-09-28 09:11:29 --> Call to undefined method App\Models\Apartment::_count_overdue
in SYSTEMPATH\Model.php on line 873.
 1 APPPATH\Controllers\apartments.php(893): CodeIgniter\Model->__call('_count_overdue', [])
 2 APPPATH\Controllers\apartments.php(24): App\Controllers\apartments->_count_overdues()
 3 SYSTEMPATH\CodeIgniter.php(919): App\Controllers\apartments->index()
 4 SYSTEMPATH\CodeIgniter.php(494): CodeIgniter\CodeIgniter->runController(Object(App\Controllers\apartments))
 5 SYSTEMPATH\CodeIgniter.php(353): CodeIgniter\CodeIgniter->handleRequest(null, Object(Config\Cache), false)
 6 FCPATH\index.php(79): CodeIgniter\CodeIgniter->run()
CRITICAL - 2023-09-28 09:11:32 --> Call to undefined method App\Models\Apartment::_count_overdue
in SYSTEMPATH\Model.php on line 873.
 1 APPPATH\Controllers\apartments.php(893): CodeIgniter\Model->__call('_count_overdue', [])
 2 APPPATH\Controllers\apartments.php(24): App\Controllers\apartments->_count_overdues()
 3 SYSTEMPATH\CodeIgniter.php(919): App\Controllers\apartments->index()
 4 SYSTEMPATH\CodeIgniter.php(494): CodeIgniter\CodeIgniter->runController(Object(App\Controllers\apartments))
 5 SYSTEMPATH\CodeIgniter.php(353): CodeIgniter\CodeIgniter->handleRequest(null, Object(Config\Cache), false)
 6 FCPATH\index.php(79): CodeIgniter\CodeIgniter->run()
CRITICAL - 2023-09-28 09:27:49 --> Undefined property: CodeIgniter\View\View::$load
in APPPATH\Views\apartments\manage.php on line 1.
 1 APPPATH\Views\apartments\manage.php(1): CodeIgniter\Debug\Exceptions->errorHandler(2, 'Undefined property: CodeIgniter\\View\\View::$load', 'C:\\xampp\\htdocs\\Apam\\app\\Views\\apartments\\manage.php', 1)
 2 SYSTEMPATH\View\View.php(226): include('C:\\xampp\\htdocs\\Apam\\app\\Views\\apartments\\manage.php')
 3 SYSTEMPATH\View\View.php(229): CodeIgniter\View\View->CodeIgniter\View\{closure}()
 4 SYSTEMPATH\Common.php(1188): CodeIgniter\View\View->render('apartments/manage', [], true)
 5 APPPATH\Controllers\apartments.php(22): view('apartments/manage', [...])
 6 SYSTEMPATH\CodeIgniter.php(919): App\Controllers\apartments->index()
 7 SYSTEMPATH\CodeIgniter.php(494): CodeIgniter\CodeIgniter->runController(Object(App\Controllers\apartments))
 8 SYSTEMPATH\CodeIgniter.php(353): CodeIgniter\CodeIgniter->handleRequest(null, Object(Config\Cache), false)
 9 FCPATH\index.php(79): CodeIgniter\CodeIgniter->run()
CRITICAL - 2023-09-28 09:28:49 --> Undefined variable $controller_name
in APPPATH\Views\apartments\manage.php on line 35.
 1 APPPATH\Views\apartments\manage.php(35): CodeIgniter\Debug\Exceptions->errorHandler(2, 'Undefined variable $controller_name', 'C:\\xampp\\htdocs\\Apam\\app\\Views\\apartments\\manage.php', 35)
 2 SYSTEMPATH\View\View.php(226): include('C:\\xampp\\htdocs\\Apam\\app\\Views\\apartments\\manage.php')
 3 SYSTEMPATH\View\View.php(229): CodeIgniter\View\View->CodeIgniter\View\{closure}()
 4 SYSTEMPATH\Common.php(1188): CodeIgniter\View\View->render('apartments/manage', [], true)
 5 APPPATH\Controllers\apartments.php(22): view('apartments/manage', [...])
 6 SYSTEMPATH\CodeIgniter.php(919): App\Controllers\apartments->index()
 7 SYSTEMPATH\CodeIgniter.php(494): CodeIgniter\CodeIgniter->runController(Object(App\Controllers\apartments))
 8 SYSTEMPATH\CodeIgniter.php(353): CodeIgniter\CodeIgniter->handleRequest(null, Object(Config\Cache), false)
 9 FCPATH\index.php(79): CodeIgniter\CodeIgniter->run()
CRITICAL - 2023-09-28 09:29:37 --> Undefined variable $controller_name
in APPPATH\Views\apartments\manage.php on line 35.
 1 APPPATH\Views\apartments\manage.php(35): CodeIgniter\Debug\Exceptions->errorHandler(2, 'Undefined variable $controller_name', 'C:\\xampp\\htdocs\\Apam\\app\\Views\\apartments\\manage.php', 35)
 2 SYSTEMPATH\View\View.php(226): include('C:\\xampp\\htdocs\\Apam\\app\\Views\\apartments\\manage.php')
 3 SYSTEMPATH\View\View.php(229): CodeIgniter\View\View->CodeIgniter\View\{closure}()
 4 SYSTEMPATH\Common.php(1188): CodeIgniter\View\View->render('apartments/manage', [], true)
 5 APPPATH\Controllers\apartments.php(22): view('apartments/manage', [...])
 6 SYSTEMPATH\CodeIgniter.php(919): App\Controllers\apartments->index()
 7 SYSTEMPATH\CodeIgniter.php(494): CodeIgniter\CodeIgniter->runController(Object(App\Controllers\apartments))
 8 SYSTEMPATH\CodeIgniter.php(353): CodeIgniter\CodeIgniter->handleRequest(null, Object(Config\Cache), false)
 9 FCPATH\index.php(79): CodeIgniter\CodeIgniter->run()
CRITICAL - 2023-09-28 09:29:40 --> Undefined variable $controller_name
in APPPATH\Views\apartments\manage.php on line 35.
 1 APPPATH\Views\apartments\manage.php(35): CodeIgniter\Debug\Exceptions->errorHandler(2, 'Undefined variable $controller_name', 'C:\\xampp\\htdocs\\Apam\\app\\Views\\apartments\\manage.php', 35)
 2 SYSTEMPATH\View\View.php(226): include('C:\\xampp\\htdocs\\Apam\\app\\Views\\apartments\\manage.php')
 3 SYSTEMPATH\View\View.php(229): CodeIgniter\View\View->CodeIgniter\View\{closure}()
 4 SYSTEMPATH\Common.php(1188): CodeIgniter\View\View->render('apartments/manage', [], true)
 5 APPPATH\Controllers\apartments.php(22): view('apartments/manage', [...])
 6 SYSTEMPATH\CodeIgniter.php(919): App\Controllers\apartments->index()
 7 SYSTEMPATH\CodeIgniter.php(494): CodeIgniter\CodeIgniter->runController(Object(App\Controllers\apartments))
 8 SYSTEMPATH\CodeIgniter.php(353): CodeIgniter\CodeIgniter->handleRequest(null, Object(Config\Cache), false)
 9 FCPATH\index.php(79): CodeIgniter\CodeIgniter->run()
CRITICAL - 2023-09-28 09:29:43 --> Undefined variable $count_overdues
in APPPATH\Views\apartments\manage.php on line 38.
 1 APPPATH\Views\apartments\manage.php(38): CodeIgniter\Debug\Exceptions->errorHandler(2, 'Undefined variable $count_overdues', 'C:\\xampp\\htdocs\\Apam\\app\\Views\\apartments\\manage.php', 38)
 2 SYSTEMPATH\View\View.php(226): include('C:\\xampp\\htdocs\\Apam\\app\\Views\\apartments\\manage.php')
 3 SYSTEMPATH\View\View.php(229): CodeIgniter\View\View->CodeIgniter\View\{closure}()
 4 SYSTEMPATH\Common.php(1188): CodeIgniter\View\View->render('apartments/manage', [], true)
 5 APPPATH\Controllers\apartments.php(22): view('apartments/manage', [...])
 6 SYSTEMPATH\CodeIgniter.php(919): App\Controllers\apartments->index()
 7 SYSTEMPATH\CodeIgniter.php(494): CodeIgniter\CodeIgniter->runController(Object(App\Controllers\apartments))
 8 SYSTEMPATH\CodeIgniter.php(353): CodeIgniter\CodeIgniter->handleRequest(null, Object(Config\Cache), false)
 9 FCPATH\index.php(79): CodeIgniter\CodeIgniter->run()
CRITICAL - 2023-09-28 09:30:34 --> Undefined variable $controller_name
in APPPATH\Views\apartments\manage.php on line 35.
 1 APPPATH\Views\apartments\manage.php(35): CodeIgniter\Debug\Exceptions->errorHandler(2, 'Undefined variable $controller_name', 'C:\\xampp\\htdocs\\Apam\\app\\Views\\apartments\\manage.php', 35)
 2 SYSTEMPATH\View\View.php(226): include('C:\\xampp\\htdocs\\Apam\\app\\Views\\apartments\\manage.php')
 3 SYSTEMPATH\View\View.php(229): CodeIgniter\View\View->CodeIgniter\View\{closure}()
 4 SYSTEMPATH\Common.php(1188): CodeIgniter\View\View->render('apartments/manage', [], true)
 5 APPPATH\Controllers\apartments.php(22): view('apartments/manage', [...])
 6 SYSTEMPATH\CodeIgniter.php(919): App\Controllers\apartments->index()
 7 SYSTEMPATH\CodeIgniter.php(494): CodeIgniter\CodeIgniter->runController(Object(App\Controllers\apartments))
 8 SYSTEMPATH\CodeIgniter.php(353): CodeIgniter\CodeIgniter->handleRequest(null, Object(Config\Cache), false)
 9 FCPATH\index.php(79): CodeIgniter\CodeIgniter->run()
CRITICAL - 2023-09-28 09:30:37 --> Undefined variable $controller_name
in APPPATH\Views\apartments\manage.php on line 35.
 1 APPPATH\Views\apartments\manage.php(35): CodeIgniter\Debug\Exceptions->errorHandler(2, 'Undefined variable $controller_name', 'C:\\xampp\\htdocs\\Apam\\app\\Views\\apartments\\manage.php', 35)
 2 SYSTEMPATH\View\View.php(226): include('C:\\xampp\\htdocs\\Apam\\app\\Views\\apartments\\manage.php')
 3 SYSTEMPATH\View\View.php(229): CodeIgniter\View\View->CodeIgniter\View\{closure}()
 4 SYSTEMPATH\Common.php(1188): CodeIgniter\View\View->render('apartments/manage', [], true)
 5 APPPATH\Controllers\apartments.php(22): view('apartments/manage', [...])
 6 SYSTEMPATH\CodeIgniter.php(919): App\Controllers\apartments->index()
 7 SYSTEMPATH\CodeIgniter.php(494): CodeIgniter\CodeIgniter->runController(Object(App\Controllers\apartments))
 8 SYSTEMPATH\CodeIgniter.php(353): CodeIgniter\CodeIgniter->handleRequest(null, Object(Config\Cache), false)
 9 FCPATH\index.php(79): CodeIgniter\CodeIgniter->run()
CRITICAL - 2023-09-28 09:30:51 --> Undefined property: CodeIgniter\View\View::$load
in APPPATH\Views\apartments\manage.php on line 83.
 1 APPPATH\Views\apartments\manage.php(83): CodeIgniter\Debug\Exceptions->errorHandler(2, 'Undefined property: CodeIgniter\\View\\View::$load', 'C:\\xampp\\htdocs\\Apam\\app\\Views\\apartments\\manage.php', 83)
 2 SYSTEMPATH\View\View.php(226): include('C:\\xampp\\htdocs\\Apam\\app\\Views\\apartments\\manage.php')
 3 SYSTEMPATH\View\View.php(229): CodeIgniter\View\View->CodeIgniter\View\{closure}()
 4 SYSTEMPATH\Common.php(1188): CodeIgniter\View\View->render('apartments/manage', [], true)
 5 APPPATH\Controllers\apartments.php(22): view('apartments/manage', [...])
 6 SYSTEMPATH\CodeIgniter.php(919): App\Controllers\apartments->index()
 7 SYSTEMPATH\CodeIgniter.php(494): CodeIgniter\CodeIgniter->runController(Object(App\Controllers\apartments))
 8 SYSTEMPATH\CodeIgniter.php(353): CodeIgniter\CodeIgniter->handleRequest(null, Object(Config\Cache), false)
 9 FCPATH\index.php(79): CodeIgniter\CodeIgniter->run()
CRITICAL - 2023-09-28 09:31:14 --> Undefined property: CodeIgniter\View\View::$uri
in APPPATH\Views\apartments\manage.php on line 507.
 1 APPPATH\Views\apartments\manage.php(507): CodeIgniter\Debug\Exceptions->errorHandler(2, 'Undefined property: CodeIgniter\\View\\View::$uri', 'C:\\xampp\\htdocs\\Apam\\app\\Views\\apartments\\manage.php', 507)
 2 SYSTEMPATH\View\View.php(226): include('C:\\xampp\\htdocs\\Apam\\app\\Views\\apartments\\manage.php')
 3 SYSTEMPATH\View\View.php(229): CodeIgniter\View\View->CodeIgniter\View\{closure}()
 4 SYSTEMPATH\Common.php(1188): CodeIgniter\View\View->render('apartments/manage', [], true)
 5 APPPATH\Controllers\apartments.php(22): view('apartments/manage', [...])
 6 SYSTEMPATH\CodeIgniter.php(919): App\Controllers\apartments->index()
 7 SYSTEMPATH\CodeIgniter.php(494): CodeIgniter\CodeIgniter->runController(Object(App\Controllers\apartments))
 8 SYSTEMPATH\CodeIgniter.php(353): CodeIgniter\CodeIgniter->handleRequest(null, Object(Config\Cache), false)
 9 FCPATH\index.php(79): CodeIgniter\CodeIgniter->run()
CRITICAL - 2023-09-28 09:31:44 --> Undefined property: App\Controllers\apartments::$input
in APPPATH\Controllers\apartments.php on line 293.
 1 APPPATH\Controllers\apartments.php(293): CodeIgniter\Debug\Exceptions->errorHandler(2, 'Undefined property: App\\Controllers\\apartments::$input', 'C:\\xampp\\htdocs\\Apam\\app\\Controllers\\apartments.php', 293)
 2 SYSTEMPATH\CodeIgniter.php(919): App\Controllers\apartments->data()
 3 SYSTEMPATH\CodeIgniter.php(494): CodeIgniter\CodeIgniter->runController(Object(App\Controllers\apartments))
 4 SYSTEMPATH\CodeIgniter.php(353): CodeIgniter\CodeIgniter->handleRequest(null, Object(Config\Cache), false)
 5 FCPATH\index.php(79): CodeIgniter\CodeIgniter->run()
CRITICAL - 2023-09-28 11:05:29 --> Class "App\Controllers\person_controller" not found
in APPPATH\Controllers\staffs.php on line 6.
 1 SYSTEMPATH\Router\AutoRouter.php(161): include_once()
 2 SYSTEMPATH\Router\Router.php(512): CodeIgniter\Router\AutoRouter->getRoute('staffs', 'get')
 3 SYSTEMPATH\Router\Router.php(208): CodeIgniter\Router\Router->autoRoute('staffs')
 4 SYSTEMPATH\CodeIgniter.php(800): CodeIgniter\Router\Router->handle('staffs')
 5 SYSTEMPATH\CodeIgniter.php(442): CodeIgniter\CodeIgniter->tryToRouteIt(Object(CodeIgniter\Router\RouteCollection))
 6 SYSTEMPATH\CodeIgniter.php(353): CodeIgniter\CodeIgniter->handleRequest(null, Object(Config\Cache), false)
 7 FCPATH\index.php(79): CodeIgniter\CodeIgniter->run()
CRITICAL - 2023-09-28 11:05:51 --> Class "App\Controllers\person_controller" not found
in APPPATH\Controllers\staffs.php on line 6.
 1 SYSTEMPATH\Router\AutoRouter.php(161): include_once()
 2 SYSTEMPATH\Router\Router.php(512): CodeIgniter\Router\AutoRouter->getRoute('staffs', 'get')
 3 SYSTEMPATH\Router\Router.php(208): CodeIgniter\Router\Router->autoRoute('staffs')
 4 SYSTEMPATH\CodeIgniter.php(800): CodeIgniter\Router\Router->handle('staffs')
 5 SYSTEMPATH\CodeIgniter.php(442): CodeIgniter\CodeIgniter->tryToRouteIt(Object(CodeIgniter\Router\RouteCollection))
 6 SYSTEMPATH\CodeIgniter.php(353): CodeIgniter\CodeIgniter->handleRequest(null, Object(Config\Cache), false)
 7 FCPATH\index.php(79): CodeIgniter\CodeIgniter->run()
CRITICAL - 2023-09-28 11:05:54 --> Class "App\Controllers\person_controller" not found
in APPPATH\Controllers\staffs.php on line 6.
 1 SYSTEMPATH\Router\AutoRouter.php(161): include_once()
 2 SYSTEMPATH\Router\Router.php(512): CodeIgniter\Router\AutoRouter->getRoute('staffs', 'get')
 3 SYSTEMPATH\Router\Router.php(208): CodeIgniter\Router\Router->autoRoute('staffs')
 4 SYSTEMPATH\CodeIgniter.php(800): CodeIgniter\Router\Router->handle('staffs')
 5 SYSTEMPATH\CodeIgniter.php(442): CodeIgniter\CodeIgniter->tryToRouteIt(Object(CodeIgniter\Router\RouteCollection))
 6 SYSTEMPATH\CodeIgniter.php(353): CodeIgniter\CodeIgniter->handleRequest(null, Object(Config\Cache), false)
 7 FCPATH\index.php(79): CodeIgniter\CodeIgniter->run()
CRITICAL - 2023-09-28 11:06:00 --> Cannot call constructor
in APPPATH\Controllers\staffs.php on line 9.
 1 SYSTEMPATH\CodeIgniter.php(891): App\Controllers\Staffs->__construct()
 2 SYSTEMPATH\CodeIgniter.php(485): CodeIgniter\CodeIgniter->createController()
 3 SYSTEMPATH\CodeIgniter.php(353): CodeIgniter\CodeIgniter->handleRequest(null, Object(Config\Cache), false)
 4 FCPATH\index.php(79): CodeIgniter\CodeIgniter->run()
CRITICAL - 2023-09-28 11:07:28 --> Call to undefined method App\Models\Staff::count_all
in SYSTEMPATH\Model.php on line 873.
 1 APPPATH\Controllers\staffs.php(20): CodeIgniter\Model->__call('count_all', [])
 2 SYSTEMPATH\CodeIgniter.php(919): App\Controllers\Staffs->index()
 3 SYSTEMPATH\CodeIgniter.php(494): CodeIgniter\CodeIgniter->runController(Object(App\Controllers\Staffs))
 4 SYSTEMPATH\CodeIgniter.php(353): CodeIgniter\CodeIgniter->handleRequest(null, Object(Config\Cache), false)
 5 FCPATH\index.php(79): CodeIgniter\CodeIgniter->run()
CRITICAL - 2023-09-28 11:09:07 --> Call to undefined method App\Models\Staff::count_all
in SYSTEMPATH\Model.php on line 873.
 1 APPPATH\Controllers\staffs.php(20): CodeIgniter\Model->__call('count_all', [])
 2 SYSTEMPATH\CodeIgniter.php(919): App\Controllers\Staffs->index()
 3 SYSTEMPATH\CodeIgniter.php(494): CodeIgniter\CodeIgniter->runController(Object(App\Controllers\Staffs))
 4 SYSTEMPATH\CodeIgniter.php(353): CodeIgniter\CodeIgniter->handleRequest(null, Object(Config\Cache), false)
 5 FCPATH\index.php(79): CodeIgniter\CodeIgniter->run()
CRITICAL - 2023-09-28 11:09:11 --> Undefined property: App\Controllers\Staffs::$pagination
in APPPATH\Controllers\staffs.php on line 23.
 1 APPPATH\Controllers\staffs.php(23): CodeIgniter\Debug\Exceptions->errorHandler(2, 'Undefined property: App\\Controllers\\Staffs::$pagination', 'C:\\xampp\\htdocs\\Apam\\app\\Controllers\\staffs.php', 23)
 2 SYSTEMPATH\CodeIgniter.php(919): App\Controllers\Staffs->index()
 3 SYSTEMPATH\CodeIgniter.php(494): CodeIgniter\CodeIgniter->runController(Object(App\Controllers\Staffs))
 4 SYSTEMPATH\CodeIgniter.php(353): CodeIgniter\CodeIgniter->handleRequest(null, Object(Config\Cache), false)
 5 FCPATH\index.php(79): CodeIgniter\CodeIgniter->run()
CRITICAL - 2023-09-28 11:09:14 --> Undefined property: App\Controllers\Staffs::$pagination
in APPPATH\Controllers\staffs.php on line 23.
 1 APPPATH\Controllers\staffs.php(23): CodeIgniter\Debug\Exceptions->errorHandler(2, 'Undefined property: App\\Controllers\\Staffs::$pagination', 'C:\\xampp\\htdocs\\Apam\\app\\Controllers\\staffs.php', 23)
 2 SYSTEMPATH\CodeIgniter.php(919): App\Controllers\Staffs->index()
 3 SYSTEMPATH\CodeIgniter.php(494): CodeIgniter\CodeIgniter->runController(Object(App\Controllers\Staffs))
 4 SYSTEMPATH\CodeIgniter.php(353): CodeIgniter\CodeIgniter->handleRequest(null, Object(Config\Cache), false)
 5 FCPATH\index.php(79): CodeIgniter\CodeIgniter->run()
CRITICAL - 2023-09-28 11:11:05 --> Allowed memory size of 536870912 bytes exhausted (tried to allocate 262144 bytes)
in APPPATH\Models\Staff.php on line 48.
 1 [internal function]: CodeIgniter\Debug\Exceptions->shutdownHandler()
CRITICAL - 2023-09-28 11:11:08 --> Allowed memory size of 536870912 bytes exhausted (tried to allocate 262144 bytes)
in APPPATH\Models\Staff.php on line 48.
 1 [internal function]: CodeIgniter\Debug\Exceptions->shutdownHandler()
CRITICAL - 2023-09-28 11:11:11 --> Allowed memory size of 536870912 bytes exhausted (tried to allocate 262144 bytes)
in APPPATH\Models\Staff.php on line 48.
 1 [internal function]: CodeIgniter\Debug\Exceptions->shutdownHandler()
CRITICAL - 2023-09-28 11:11:47 --> Allowed memory size of 536870912 bytes exhausted (tried to allocate 262144 bytes)
in APPPATH\Models\Staff.php on line 48.
 1 [internal function]: CodeIgniter\Debug\Exceptions->shutdownHandler()
CRITICAL - 2023-09-28 11:11:48 --> Allowed memory size of 536870912 bytes exhausted (tried to allocate 262144 bytes)
in APPPATH\Models\Staff.php on line 48.
 1 [internal function]: CodeIgniter\Debug\Exceptions->shutdownHandler()
CRITICAL - 2023-09-28 11:11:49 --> Allowed memory size of 536870912 bytes exhausted (tried to allocate 262144 bytes)
in APPPATH\Models\Staff.php on line 48.
 1 [internal function]: CodeIgniter\Debug\Exceptions->shutdownHandler()
CRITICAL - 2023-09-28 11:11:53 --> Undefined property: App\Controllers\Staffs::$pagination
in APPPATH\Controllers\staffs.php on line 23.
 1 APPPATH\Controllers\staffs.php(23): CodeIgniter\Debug\Exceptions->errorHandler(2, 'Undefined property: App\\Controllers\\Staffs::$pagination', 'C:\\xampp\\htdocs\\Apam\\app\\Controllers\\staffs.php', 23)
 2 SYSTEMPATH\CodeIgniter.php(919): App\Controllers\Staffs->index()
 3 SYSTEMPATH\CodeIgniter.php(494): CodeIgniter\CodeIgniter->runController(Object(App\Controllers\Staffs))
 4 SYSTEMPATH\CodeIgniter.php(353): CodeIgniter\CodeIgniter->handleRequest(null, Object(Config\Cache), false)
 5 FCPATH\index.php(79): CodeIgniter\CodeIgniter->run()
CRITICAL - 2023-09-28 11:13:03 --> Undefined property: App\Controllers\Staffs::$pagination
in APPPATH\Controllers\staffs.php on line 23.
 1 APPPATH\Controllers\staffs.php(23): CodeIgniter\Debug\Exceptions->errorHandler(2, 'Undefined property: App\\Controllers\\Staffs::$pagination', 'C:\\xampp\\htdocs\\Apam\\app\\Controllers\\staffs.php', 23)
 2 SYSTEMPATH\CodeIgniter.php(919): App\Controllers\Staffs->index()
 3 SYSTEMPATH\CodeIgniter.php(494): CodeIgniter\CodeIgniter->runController(Object(App\Controllers\Staffs))
 4 SYSTEMPATH\CodeIgniter.php(353): CodeIgniter\CodeIgniter->handleRequest(null, Object(Config\Cache), false)
 5 FCPATH\index.php(79): CodeIgniter\CodeIgniter->run()
CRITICAL - 2023-09-28 11:13:05 --> Undefined property: App\Controllers\Staffs::$pagination
in APPPATH\Controllers\staffs.php on line 23.
 1 APPPATH\Controllers\staffs.php(23): CodeIgniter\Debug\Exceptions->errorHandler(2, 'Undefined property: App\\Controllers\\Staffs::$pagination', 'C:\\xampp\\htdocs\\Apam\\app\\Controllers\\staffs.php', 23)
 2 SYSTEMPATH\CodeIgniter.php(919): App\Controllers\Staffs->index()
 3 SYSTEMPATH\CodeIgniter.php(494): CodeIgniter\CodeIgniter->runController(Object(App\Controllers\Staffs))
 4 SYSTEMPATH\CodeIgniter.php(353): CodeIgniter\CodeIgniter->handleRequest(null, Object(Config\Cache), false)
 5 FCPATH\index.php(79): CodeIgniter\CodeIgniter->run()
CRITICAL - 2023-09-28 11:17:01 --> syntax error, unexpected token "class", expecting "," or ";"
in APPPATH\Controllers\staffs.php on line 6.
 1 SYSTEMPATH\Router\Router.php(512): CodeIgniter\Router\AutoRouter->getRoute('staffs', 'get')
 2 SYSTEMPATH\Router\Router.php(208): CodeIgniter\Router\Router->autoRoute('staffs')
 3 SYSTEMPATH\CodeIgniter.php(800): CodeIgniter\Router\Router->handle('staffs')
 4 SYSTEMPATH\CodeIgniter.php(442): CodeIgniter\CodeIgniter->tryToRouteIt(Object(CodeIgniter\Router\RouteCollection))
 5 SYSTEMPATH\CodeIgniter.php(353): CodeIgniter\CodeIgniter->handleRequest(null, Object(Config\Cache), false)
 6 FCPATH\index.php(79): CodeIgniter\CodeIgniter->run()
CRITICAL - 2023-09-28 11:17:05 --> syntax error, unexpected token "class", expecting "," or ";"
in APPPATH\Controllers\staffs.php on line 6.
 1 SYSTEMPATH\Router\Router.php(512): CodeIgniter\Router\AutoRouter->getRoute('staffs', 'get')
 2 SYSTEMPATH\Router\Router.php(208): CodeIgniter\Router\Router->autoRoute('staffs')
 3 SYSTEMPATH\CodeIgniter.php(800): CodeIgniter\Router\Router->handle('staffs')
 4 SYSTEMPATH\CodeIgniter.php(442): CodeIgniter\CodeIgniter->tryToRouteIt(Object(CodeIgniter\Router\RouteCollection))
 5 SYSTEMPATH\CodeIgniter.php(353): CodeIgniter\CodeIgniter->handleRequest(null, Object(Config\Cache), false)
 6 FCPATH\index.php(79): CodeIgniter\CodeIgniter->run()
CRITICAL - 2023-09-28 11:18:03 --> syntax error, unexpected token "class", expecting "," or ";"
in APPPATH\Controllers\staffs.php on line 6.
 1 SYSTEMPATH\Router\Router.php(512): CodeIgniter\Router\AutoRouter->getRoute('staffs', 'get')
 2 SYSTEMPATH\Router\Router.php(208): CodeIgniter\Router\Router->autoRoute('staffs')
 3 SYSTEMPATH\CodeIgniter.php(800): CodeIgniter\Router\Router->handle('staffs')
 4 SYSTEMPATH\CodeIgniter.php(442): CodeIgniter\CodeIgniter->tryToRouteIt(Object(CodeIgniter\Router\RouteCollection))
 5 SYSTEMPATH\CodeIgniter.php(353): CodeIgniter\CodeIgniter->handleRequest(null, Object(Config\Cache), false)
 6 FCPATH\index.php(79): CodeIgniter\CodeIgniter->run()
CRITICAL - 2023-09-28 11:24:39 --> Call to undefined method App\Models\Staff::getAll
in SYSTEMPATH\Model.php on line 873.
 1 APPPATH\Controllers\staffs.php(17): CodeIgniter\Model->__call('getAll', [])
 2 SYSTEMPATH\CodeIgniter.php(919): App\Controllers\staffs->index()
 3 SYSTEMPATH\CodeIgniter.php(494): CodeIgniter\CodeIgniter->runController(Object(App\Controllers\staffs))
 4 SYSTEMPATH\CodeIgniter.php(353): CodeIgniter\CodeIgniter->handleRequest(null, Object(Config\Cache), false)
 5 FCPATH\index.php(79): CodeIgniter\CodeIgniter->run()
CRITICAL - 2023-09-28 11:26:34 --> Undefined property: CodeIgniter\View\View::$load
in APPPATH\Views\people\staff.php on line 1.
 1 APPPATH\Views\people\staff.php(1): CodeIgniter\Debug\Exceptions->errorHandler(2, 'Undefined property: CodeIgniter\\View\\View::$load', 'C:\\xampp\\htdocs\\Apam\\app\\Views\\people\\staff.php', 1)
 2 SYSTEMPATH\View\View.php(226): include('C:\\xampp\\htdocs\\Apam\\app\\Views\\people\\staff.php')
 3 SYSTEMPATH\View\View.php(229): CodeIgniter\View\View->CodeIgniter\View\{closure}()
 4 SYSTEMPATH\Common.php(1188): CodeIgniter\View\View->render('people/staff', [], true)
 5 APPPATH\Controllers\staffs.php(20): view('people/staff', [...])
 6 SYSTEMPATH\CodeIgniter.php(919): App\Controllers\staffs->index()
 7 SYSTEMPATH\CodeIgniter.php(494): CodeIgniter\CodeIgniter->runController(Object(App\Controllers\staffs))
 8 SYSTEMPATH\CodeIgniter.php(353): CodeIgniter\CodeIgniter->handleRequest(null, Object(Config\Cache), false)
 9 FCPATH\index.php(79): CodeIgniter\CodeIgniter->run()
CRITICAL - 2023-09-28 11:29:03 --> Undefined variable $controller_name
in APPPATH\Views\people\staff.php on line 40.
 1 APPPATH\Views\people\staff.php(40): CodeIgniter\Debug\Exceptions->errorHandler(2, 'Undefined variable $controller_name', 'C:\\xampp\\htdocs\\Apam\\app\\Views\\people\\staff.php', 40)
 2 SYSTEMPATH\View\View.php(226): include('C:\\xampp\\htdocs\\Apam\\app\\Views\\people\\staff.php')
 3 SYSTEMPATH\View\View.php(229): CodeIgniter\View\View->CodeIgniter\View\{closure}()
 4 SYSTEMPATH\Common.php(1188): CodeIgniter\View\View->render('people/staff', [], true)
 5 APPPATH\Controllers\staffs.php(20): view('people/staff', [...])
 6 SYSTEMPATH\CodeIgniter.php(919): App\Controllers\staffs->index()
 7 SYSTEMPATH\CodeIgniter.php(494): CodeIgniter\CodeIgniter->runController(Object(App\Controllers\staffs))
 8 SYSTEMPATH\CodeIgniter.php(353): CodeIgniter\CodeIgniter->handleRequest(null, Object(Config\Cache), false)
 9 FCPATH\index.php(79): CodeIgniter\CodeIgniter->run()
CRITICAL - 2023-09-28 11:34:38 --> Undefined variable $controller_name
in APPPATH\Views\people\staff.php on line 44.
 1 APPPATH\Views\people\staff.php(44): CodeIgniter\Debug\Exceptions->errorHandler(2, 'Undefined variable $controller_name', 'C:\\xampp\\htdocs\\Apam\\app\\Views\\people\\staff.php', 44)
 2 SYSTEMPATH\View\View.php(226): include('C:\\xampp\\htdocs\\Apam\\app\\Views\\people\\staff.php')
 3 SYSTEMPATH\View\View.php(229): CodeIgniter\View\View->CodeIgniter\View\{closure}()
 4 SYSTEMPATH\Common.php(1188): CodeIgniter\View\View->render('people/staff', [], true)
 5 APPPATH\Controllers\staffs.php(20): view('people/staff', [...])
 6 SYSTEMPATH\CodeIgniter.php(919): App\Controllers\staffs->index()
 7 SYSTEMPATH\CodeIgniter.php(494): CodeIgniter\CodeIgniter->runController(Object(App\Controllers\staffs))
 8 SYSTEMPATH\CodeIgniter.php(353): CodeIgniter\CodeIgniter->handleRequest(null, Object(Config\Cache), false)
 9 FCPATH\index.php(79): CodeIgniter\CodeIgniter->run()
CRITICAL - 2023-09-28 11:34:41 --> Undefined variable $controller_name
in APPPATH\Views\people\staff.php on line 44.
 1 APPPATH\Views\people\staff.php(44): CodeIgniter\Debug\Exceptions->errorHandler(2, 'Undefined variable $controller_name', 'C:\\xampp\\htdocs\\Apam\\app\\Views\\people\\staff.php', 44)
 2 SYSTEMPATH\View\View.php(226): include('C:\\xampp\\htdocs\\Apam\\app\\Views\\people\\staff.php')
 3 SYSTEMPATH\View\View.php(229): CodeIgniter\View\View->CodeIgniter\View\{closure}()
 4 SYSTEMPATH\Common.php(1188): CodeIgniter\View\View->render('people/staff', [], true)
 5 APPPATH\Controllers\staffs.php(20): view('people/staff', [...])
 6 SYSTEMPATH\CodeIgniter.php(919): App\Controllers\staffs->index()
 7 SYSTEMPATH\CodeIgniter.php(494): CodeIgniter\CodeIgniter->runController(Object(App\Controllers\staffs))
 8 SYSTEMPATH\CodeIgniter.php(353): CodeIgniter\CodeIgniter->handleRequest(null, Object(Config\Cache), false)
 9 FCPATH\index.php(79): CodeIgniter\CodeIgniter->run()
CRITICAL - 2023-09-28 11:35:01 --> syntax error, unexpected token "<"
in APPPATH\Views\people\staff.php on line 46.
 1 SYSTEMPATH\View\View.php(229): CodeIgniter\View\View->CodeIgniter\View\{closure}()
 2 SYSTEMPATH\Common.php(1188): CodeIgniter\View\View->render('people/staff', [], true)
 3 APPPATH\Controllers\staffs.php(20): view('people/staff', [...])
 4 SYSTEMPATH\CodeIgniter.php(919): App\Controllers\staffs->index()
 5 SYSTEMPATH\CodeIgniter.php(494): CodeIgniter\CodeIgniter->runController(Object(App\Controllers\staffs))
 6 SYSTEMPATH\CodeIgniter.php(353): CodeIgniter\CodeIgniter->handleRequest(null, Object(Config\Cache), false)
 7 FCPATH\index.php(79): CodeIgniter\CodeIgniter->run()
CRITICAL - 2023-09-28 11:35:13 --> syntax error, unexpected token "<", expecting end of file
in APPPATH\Views\people\staff.php on line 46.
 1 SYSTEMPATH\View\View.php(229): CodeIgniter\View\View->CodeIgniter\View\{closure}()
 2 SYSTEMPATH\Common.php(1188): CodeIgniter\View\View->render('people/staff', [], true)
 3 APPPATH\Controllers\staffs.php(20): view('people/staff', [...])
 4 SYSTEMPATH\CodeIgniter.php(919): App\Controllers\staffs->index()
 5 SYSTEMPATH\CodeIgniter.php(494): CodeIgniter\CodeIgniter->runController(Object(App\Controllers\staffs))
 6 SYSTEMPATH\CodeIgniter.php(353): CodeIgniter\CodeIgniter->handleRequest(null, Object(Config\Cache), false)
 7 FCPATH\index.php(79): CodeIgniter\CodeIgniter->run()
CRITICAL - 2023-09-28 11:35:17 --> syntax error, unexpected token "<", expecting end of file
in APPPATH\Views\people\staff.php on line 46.
 1 SYSTEMPATH\View\View.php(229): CodeIgniter\View\View->CodeIgniter\View\{closure}()
 2 SYSTEMPATH\Common.php(1188): CodeIgniter\View\View->render('people/staff', [], true)
 3 APPPATH\Controllers\staffs.php(20): view('people/staff', [...])
 4 SYSTEMPATH\CodeIgniter.php(919): App\Controllers\staffs->index()
 5 SYSTEMPATH\CodeIgniter.php(494): CodeIgniter\CodeIgniter->runController(Object(App\Controllers\staffs))
 6 SYSTEMPATH\CodeIgniter.php(353): CodeIgniter\CodeIgniter->handleRequest(null, Object(Config\Cache), false)
 7 FCPATH\index.php(79): CodeIgniter\CodeIgniter->run()
CRITICAL - 2023-09-28 11:36:02 --> Undefined variable $controller_name
in APPPATH\Views\people\staff.php on line 40.
 1 APPPATH\Views\people\staff.php(40): CodeIgniter\Debug\Exceptions->errorHandler(2, 'Undefined variable $controller_name', 'C:\\xampp\\htdocs\\Apam\\app\\Views\\people\\staff.php', 40)
 2 SYSTEMPATH\View\View.php(226): include('C:\\xampp\\htdocs\\Apam\\app\\Views\\people\\staff.php')
 3 SYSTEMPATH\View\View.php(229): CodeIgniter\View\View->CodeIgniter\View\{closure}()
 4 SYSTEMPATH\Common.php(1188): CodeIgniter\View\View->render('people/staff', [], true)
 5 APPPATH\Controllers\staffs.php(20): view('people/staff', [...])
 6 SYSTEMPATH\CodeIgniter.php(919): App\Controllers\staffs->index()
 7 SYSTEMPATH\CodeIgniter.php(494): CodeIgniter\CodeIgniter->runController(Object(App\Controllers\staffs))
 8 SYSTEMPATH\CodeIgniter.php(353): CodeIgniter\CodeIgniter->handleRequest(null, Object(Config\Cache), false)
 9 FCPATH\index.php(79): CodeIgniter\CodeIgniter->run()
CRITICAL - 2023-09-28 11:36:20 --> Undefined property: CodeIgniter\View\View::$load
in APPPATH\Views\people\staff.php on line 65.
 1 APPPATH\Views\people\staff.php(65): CodeIgniter\Debug\Exceptions->errorHandler(2, 'Undefined property: CodeIgniter\\View\\View::$load', 'C:\\xampp\\htdocs\\Apam\\app\\Views\\people\\staff.php', 65)
 2 SYSTEMPATH\View\View.php(226): include('C:\\xampp\\htdocs\\Apam\\app\\Views\\people\\staff.php')
 3 SYSTEMPATH\View\View.php(229): CodeIgniter\View\View->CodeIgniter\View\{closure}()
 4 SYSTEMPATH\Common.php(1188): CodeIgniter\View\View->render('people/staff', [], true)
 5 APPPATH\Controllers\staffs.php(20): view('people/staff', [...])
 6 SYSTEMPATH\CodeIgniter.php(919): App\Controllers\staffs->index()
 7 SYSTEMPATH\CodeIgniter.php(494): CodeIgniter\CodeIgniter->runController(Object(App\Controllers\staffs))
 8 SYSTEMPATH\CodeIgniter.php(353): CodeIgniter\CodeIgniter->handleRequest(null, Object(Config\Cache), false)
 9 FCPATH\index.php(79): CodeIgniter\CodeIgniter->run()
CRITICAL - 2023-09-28 11:36:42 --> Undefined property: CodeIgniter\View\View::$uri
in APPPATH\Views\people\staff.php on line 330.
 1 APPPATH\Views\people\staff.php(330): CodeIgniter\Debug\Exceptions->errorHandler(2, 'Undefined property: CodeIgniter\\View\\View::$uri', 'C:\\xampp\\htdocs\\Apam\\app\\Views\\people\\staff.php', 330)
 2 SYSTEMPATH\View\View.php(226): include('C:\\xampp\\htdocs\\Apam\\app\\Views\\people\\staff.php')
 3 SYSTEMPATH\View\View.php(229): CodeIgniter\View\View->CodeIgniter\View\{closure}()
 4 SYSTEMPATH\Common.php(1188): CodeIgniter\View\View->render('people/staff', [], true)
 5 APPPATH\Controllers\staffs.php(20): view('people/staff', [...])
 6 SYSTEMPATH\CodeIgniter.php(919): App\Controllers\staffs->index()
 7 SYSTEMPATH\CodeIgniter.php(494): CodeIgniter\CodeIgniter->runController(Object(App\Controllers\staffs))
 8 SYSTEMPATH\CodeIgniter.php(353): CodeIgniter\CodeIgniter->handleRequest(null, Object(Config\Cache), false)
 9 FCPATH\index.php(79): CodeIgniter\CodeIgniter->run()
CRITICAL - 2023-09-28 11:37:02 --> Undefined property: CodeIgniter\View\View::$uri
in APPPATH\Views\people\staff.php on line 330.
 1 APPPATH\Views\people\staff.php(330): CodeIgniter\Debug\Exceptions->errorHandler(2, 'Undefined property: CodeIgniter\\View\\View::$uri', 'C:\\xampp\\htdocs\\Apam\\app\\Views\\people\\staff.php', 330)
 2 SYSTEMPATH\View\View.php(226): include('C:\\xampp\\htdocs\\Apam\\app\\Views\\people\\staff.php')
 3 SYSTEMPATH\View\View.php(229): CodeIgniter\View\View->CodeIgniter\View\{closure}()
 4 SYSTEMPATH\Common.php(1188): CodeIgniter\View\View->render('people/staff', [], true)
 5 APPPATH\Controllers\staffs.php(20): view('people/staff', [...])
 6 SYSTEMPATH\CodeIgniter.php(919): App\Controllers\staffs->index()
 7 SYSTEMPATH\CodeIgniter.php(494): CodeIgniter\CodeIgniter->runController(Object(App\Controllers\staffs))
 8 SYSTEMPATH\CodeIgniter.php(353): CodeIgniter\CodeIgniter->handleRequest(null, Object(Config\Cache), false)
 9 FCPATH\index.php(79): CodeIgniter\CodeIgniter->run()
CRITICAL - 2023-09-28 11:37:07 --> Undefined variable $controller_name
in APPPATH\Views\people\staff.php on line 40.
 1 APPPATH\Views\people\staff.php(40): CodeIgniter\Debug\Exceptions->errorHandler(2, 'Undefined variable $controller_name', 'C:\\xampp\\htdocs\\Apam\\app\\Views\\people\\staff.php', 40)
 2 SYSTEMPATH\View\View.php(226): include('C:\\xampp\\htdocs\\Apam\\app\\Views\\people\\staff.php')
 3 SYSTEMPATH\View\View.php(229): CodeIgniter\View\View->CodeIgniter\View\{closure}()
 4 SYSTEMPATH\Common.php(1188): CodeIgniter\View\View->render('people/staff', [], true)
 5 APPPATH\Controllers\staffs.php(20): view('people/staff', [...])
 6 SYSTEMPATH\CodeIgniter.php(919): App\Controllers\staffs->index()
 7 SYSTEMPATH\CodeIgniter.php(494): CodeIgniter\CodeIgniter->runController(Object(App\Controllers\staffs))
 8 SYSTEMPATH\CodeIgniter.php(353): CodeIgniter\CodeIgniter->handleRequest(null, Object(Config\Cache), false)
 9 FCPATH\index.php(79): CodeIgniter\CodeIgniter->run()
CRITICAL - 2023-09-28 11:37:19 --> Undefined variable $controller_name
in APPPATH\Views\people\staff.php on line 40.
 1 APPPATH\Views\people\staff.php(40): CodeIgniter\Debug\Exceptions->errorHandler(2, 'Undefined variable $controller_name', 'C:\\xampp\\htdocs\\Apam\\app\\Views\\people\\staff.php', 40)
 2 SYSTEMPATH\View\View.php(226): include('C:\\xampp\\htdocs\\Apam\\app\\Views\\people\\staff.php')
 3 SYSTEMPATH\View\View.php(229): CodeIgniter\View\View->CodeIgniter\View\{closure}()
 4 SYSTEMPATH\Common.php(1188): CodeIgniter\View\View->render('people/staff', [], true)
 5 APPPATH\Controllers\staffs.php(20): view('people/staff', [...])
 6 SYSTEMPATH\CodeIgniter.php(919): App\Controllers\staffs->index()
 7 SYSTEMPATH\CodeIgniter.php(494): CodeIgniter\CodeIgniter->runController(Object(App\Controllers\staffs))
 8 SYSTEMPATH\CodeIgniter.php(353): CodeIgniter\CodeIgniter->handleRequest(null, Object(Config\Cache), false)
 9 FCPATH\index.php(79): CodeIgniter\CodeIgniter->run()
CRITICAL - 2023-09-28 11:38:52 --> Undefined variable $controller_name
in APPPATH\Views\people\staff.php on line 40.
 1 APPPATH\Views\people\staff.php(40): CodeIgniter\Debug\Exceptions->errorHandler(2, 'Undefined variable $controller_name', 'C:\\xampp\\htdocs\\Apam\\app\\Views\\people\\staff.php', 40)
 2 SYSTEMPATH\View\View.php(226): include('C:\\xampp\\htdocs\\Apam\\app\\Views\\people\\staff.php')
 3 SYSTEMPATH\View\View.php(229): CodeIgniter\View\View->CodeIgniter\View\{closure}()
 4 SYSTEMPATH\Common.php(1188): CodeIgniter\View\View->render('people/staff', [], true)
 5 APPPATH\Controllers\staffs.php(20): view('people/staff', [...])
 6 SYSTEMPATH\CodeIgniter.php(919): App\Controllers\staffs->index()
 7 SYSTEMPATH\CodeIgniter.php(494): CodeIgniter\CodeIgniter->runController(Object(App\Controllers\staffs))
 8 SYSTEMPATH\CodeIgniter.php(353): CodeIgniter\CodeIgniter->handleRequest(null, Object(Config\Cache), false)
 9 FCPATH\index.php(79): CodeIgniter\CodeIgniter->run()
CRITICAL - 2023-09-28 11:43:24 --> Undefined variable $controller_name
in APPPATH\Views\people\staff.php on line 40.
 1 APPPATH\Views\people\staff.php(40): CodeIgniter\Debug\Exceptions->errorHandler(2, 'Undefined variable $controller_name', 'C:\\xampp\\htdocs\\Apam\\app\\Views\\people\\staff.php', 40)
 2 SYSTEMPATH\View\View.php(226): include('C:\\xampp\\htdocs\\Apam\\app\\Views\\people\\staff.php')
 3 SYSTEMPATH\View\View.php(229): CodeIgniter\View\View->CodeIgniter\View\{closure}()
 4 SYSTEMPATH\Common.php(1188): CodeIgniter\View\View->render('people/staff', [], true)
 5 APPPATH\Controllers\staffs.php(20): view('people/staff', [...])
 6 SYSTEMPATH\CodeIgniter.php(919): App\Controllers\staffs->index()
 7 SYSTEMPATH\CodeIgniter.php(494): CodeIgniter\CodeIgniter->runController(Object(App\Controllers\staffs))
 8 SYSTEMPATH\CodeIgniter.php(353): CodeIgniter\CodeIgniter->handleRequest(null, Object(Config\Cache), false)
 9 FCPATH\index.php(79): CodeIgniter\CodeIgniter->run()
CRITICAL - 2023-09-28 11:43:27 --> Undefined variable $controller_name
in APPPATH\Views\people\staff.php on line 40.
 1 APPPATH\Views\people\staff.php(40): CodeIgniter\Debug\Exceptions->errorHandler(2, 'Undefined variable $controller_name', 'C:\\xampp\\htdocs\\Apam\\app\\Views\\people\\staff.php', 40)
 2 SYSTEMPATH\View\View.php(226): include('C:\\xampp\\htdocs\\Apam\\app\\Views\\people\\staff.php')
 3 SYSTEMPATH\View\View.php(229): CodeIgniter\View\View->CodeIgniter\View\{closure}()
 4 SYSTEMPATH\Common.php(1188): CodeIgniter\View\View->render('people/staff', [], true)
 5 APPPATH\Controllers\staffs.php(20): view('people/staff', [...])
 6 SYSTEMPATH\CodeIgniter.php(919): App\Controllers\staffs->index()
 7 SYSTEMPATH\CodeIgniter.php(494): CodeIgniter\CodeIgniter->runController(Object(App\Controllers\staffs))
 8 SYSTEMPATH\CodeIgniter.php(353): CodeIgniter\CodeIgniter->handleRequest(null, Object(Config\Cache), false)
 9 FCPATH\index.php(79): CodeIgniter\CodeIgniter->run()
CRITICAL - 2023-09-28 11:46:26 --> Undefined property: CodeIgniter\View\View::$uri
in APPPATH\Views\people\staff.php on line 335.
 1 APPPATH\Views\people\staff.php(335): CodeIgniter\Debug\Exceptions->errorHandler(2, 'Undefined property: CodeIgniter\\View\\View::$uri', 'C:\\xampp\\htdocs\\Apam\\app\\Views\\people\\staff.php', 335)
 2 SYSTEMPATH\View\View.php(226): include('C:\\xampp\\htdocs\\Apam\\app\\Views\\people\\staff.php')
 3 SYSTEMPATH\View\View.php(229): CodeIgniter\View\View->CodeIgniter\View\{closure}()
 4 SYSTEMPATH\Common.php(1188): CodeIgniter\View\View->render('people/staff', [], true)
 5 APPPATH\Controllers\staffs.php(21): view('people/staff', [...])
 6 SYSTEMPATH\CodeIgniter.php(919): App\Controllers\staffs->index()
 7 SYSTEMPATH\CodeIgniter.php(494): CodeIgniter\CodeIgniter->runController(Object(App\Controllers\staffs))
 8 SYSTEMPATH\CodeIgniter.php(353): CodeIgniter\CodeIgniter->handleRequest(null, Object(Config\Cache), false)
 9 FCPATH\index.php(79): CodeIgniter\CodeIgniter->run()
CRITICAL - 2023-09-28 11:46:29 --> Undefined property: CodeIgniter\View\View::$uri
in APPPATH\Views\people\staff.php on line 335.
 1 APPPATH\Views\people\staff.php(335): CodeIgniter\Debug\Exceptions->errorHandler(2, 'Undefined property: CodeIgniter\\View\\View::$uri', 'C:\\xampp\\htdocs\\Apam\\app\\Views\\people\\staff.php', 335)
 2 SYSTEMPATH\View\View.php(226): include('C:\\xampp\\htdocs\\Apam\\app\\Views\\people\\staff.php')
 3 SYSTEMPATH\View\View.php(229): CodeIgniter\View\View->CodeIgniter\View\{closure}()
 4 SYSTEMPATH\Common.php(1188): CodeIgniter\View\View->render('people/staff', [], true)
 5 APPPATH\Controllers\staffs.php(21): view('people/staff', [...])
 6 SYSTEMPATH\CodeIgniter.php(919): App\Controllers\staffs->index()
 7 SYSTEMPATH\CodeIgniter.php(494): CodeIgniter\CodeIgniter->runController(Object(App\Controllers\staffs))
 8 SYSTEMPATH\CodeIgniter.php(353): CodeIgniter\CodeIgniter->handleRequest(null, Object(Config\Cache), false)
 9 FCPATH\index.php(79): CodeIgniter\CodeIgniter->run()
CRITICAL - 2023-09-28 11:49:33 --> Call to undefined method App\Models\Staff::get_all
in SYSTEMPATH\Model.php on line 873.
 1 APPPATH\Controllers\staffs.php(137): CodeIgniter\Model->__call('get_all', [...])
 2 SYSTEMPATH\CodeIgniter.php(919): App\Controllers\staffs->data()
 3 SYSTEMPATH\CodeIgniter.php(494): CodeIgniter\CodeIgniter->runController(Object(App\Controllers\staffs))
 4 SYSTEMPATH\CodeIgniter.php(353): CodeIgniter\CodeIgniter->handleRequest(null, Object(Config\Cache), false)
 5 FCPATH\index.php(79): CodeIgniter\CodeIgniter->run()
CRITICAL - 2023-09-28 11:50:50 --> Call to undefined method App\Models\Apartment::get_total_apartments_by_range
in SYSTEMPATH\Model.php on line 873.
 1 APPPATH\Controllers\Home.php(20): CodeIgniter\Model->__call('get_total_apartments_by_range', [...])
 2 SYSTEMPATH\CodeIgniter.php(919): App\Controllers\Home->index()
 3 SYSTEMPATH\CodeIgniter.php(494): CodeIgniter\CodeIgniter->runController(Object(App\Controllers\Home))
 4 SYSTEMPATH\CodeIgniter.php(353): CodeIgniter\CodeIgniter->handleRequest(null, Object(Config\Cache), false)
 5 FCPATH\index.php(79): CodeIgniter\CodeIgniter->run()
CRITICAL - 2023-09-28 11:50:50 --> Call to undefined method App\Models\Apartment::get_total_apartments_by_range
in SYSTEMPATH\Model.php on line 873.
 1 APPPATH\Controllers\Home.php(20): CodeIgniter\Model->__call('get_total_apartments_by_range', [...])
 2 SYSTEMPATH\CodeIgniter.php(919): App\Controllers\Home->index()
 3 SYSTEMPATH\CodeIgniter.php(494): CodeIgniter\CodeIgniter->runController(Object(App\Controllers\Home))
 4 SYSTEMPATH\CodeIgniter.php(353): CodeIgniter\CodeIgniter->handleRequest(null, Object(Config\Cache), false)
 5 FCPATH\index.php(79): CodeIgniter\CodeIgniter->run()
CRITICAL - 2023-09-28 11:51:03 --> Cannot call constructor
in APPPATH\Controllers\letters.php on line 11.
 1 SYSTEMPATH\CodeIgniter.php(891): App\Controllers\Letters->__construct()
 2 SYSTEMPATH\CodeIgniter.php(485): CodeIgniter\CodeIgniter->createController()
 3 SYSTEMPATH\CodeIgniter.php(353): CodeIgniter\CodeIgniter->handleRequest(null, Object(Config\Cache), false)
 4 FCPATH\index.php(79): CodeIgniter\CodeIgniter->run()
CRITICAL - 2023-09-28 11:51:26 --> Cannot call constructor
in APPPATH\Controllers\expenses.php on line 11.
 1 SYSTEMPATH\CodeIgniter.php(891): App\Controllers\Expenses->__construct()
 2 SYSTEMPATH\CodeIgniter.php(485): CodeIgniter\CodeIgniter->createController()
 3 SYSTEMPATH\CodeIgniter.php(353): CodeIgniter\CodeIgniter->handleRequest(null, Object(Config\Cache), false)
 4 FCPATH\index.php(79): CodeIgniter\CodeIgniter->run()
CRITICAL - 2023-09-28 11:53:22 --> Undefined property: CodeIgniter\View\View::$load
in APPPATH\Views\expenses\manage.php on line 1.
 1 APPPATH\Views\expenses\manage.php(1): CodeIgniter\Debug\Exceptions->errorHandler(2, 'Undefined property: CodeIgniter\\View\\View::$load', 'C:\\xampp\\htdocs\\Apam\\app\\Views\\expenses\\manage.php', 1)
 2 SYSTEMPATH\View\View.php(226): include('C:\\xampp\\htdocs\\Apam\\app\\Views\\expenses\\manage.php')
 3 SYSTEMPATH\View\View.php(229): CodeIgniter\View\View->CodeIgniter\View\{closure}()
 4 SYSTEMPATH\Common.php(1188): CodeIgniter\View\View->render('expenses/manage', [], true)
 5 APPPATH\Controllers\expenses.php(20): view('expenses/manage', [...])
 6 SYSTEMPATH\CodeIgniter.php(919): App\Controllers\Expenses->index()
 7 SYSTEMPATH\CodeIgniter.php(494): CodeIgniter\CodeIgniter->runController(Object(App\Controllers\Expenses))
 8 SYSTEMPATH\CodeIgniter.php(353): CodeIgniter\CodeIgniter->handleRequest(null, Object(Config\Cache), false)
 9 FCPATH\index.php(79): CodeIgniter\CodeIgniter->run()
CRITICAL - 2023-09-28 11:56:04 --> Call to undefined method App\Models\Expense::get_all
in SYSTEMPATH\Model.php on line 873.
 1 APPPATH\Controllers\expenses.php(123): CodeIgniter\Model->__call('get_all', [...])
 2 SYSTEMPATH\CodeIgniter.php(919): App\Controllers\Expenses->data()
 3 SYSTEMPATH\CodeIgniter.php(494): CodeIgniter\CodeIgniter->runController(Object(App\Controllers\Expenses))
 4 SYSTEMPATH\CodeIgniter.php(353): CodeIgniter\CodeIgniter->handleRequest(null, Object(Config\Cache), false)
 5 FCPATH\index.php(79): CodeIgniter\CodeIgniter->run()
CRITICAL - 2023-09-28 11:56:22 --> Call to undefined method App\Models\Expense::get_all
in SYSTEMPATH\Model.php on line 873.
 1 APPPATH\Controllers\expenses.php(123): CodeIgniter\Model->__call('get_all', [...])
 2 SYSTEMPATH\CodeIgniter.php(919): App\Controllers\Expenses->data()
 3 SYSTEMPATH\CodeIgniter.php(494): CodeIgniter\CodeIgniter->runController(Object(App\Controllers\Expenses))
 4 SYSTEMPATH\CodeIgniter.php(353): CodeIgniter\CodeIgniter->handleRequest(null, Object(Config\Cache), false)
 5 FCPATH\index.php(79): CodeIgniter\CodeIgniter->run()
CRITICAL - 2023-09-28 11:56:47 --> Call to undefined method App\Models\Expense::get_all
in SYSTEMPATH\Model.php on line 873.
 1 APPPATH\Controllers\expenses.php(123): CodeIgniter\Model->__call('get_all', [...])
 2 SYSTEMPATH\CodeIgniter.php(919): App\Controllers\Expenses->data()
 3 SYSTEMPATH\CodeIgniter.php(494): CodeIgniter\CodeIgniter->runController(Object(App\Controllers\Expenses))
 4 SYSTEMPATH\CodeIgniter.php(353): CodeIgniter\CodeIgniter->handleRequest(null, Object(Config\Cache), false)
 5 FCPATH\index.php(79): CodeIgniter\CodeIgniter->run()
CRITICAL - 2023-09-28 12:03:07 --> Call to undefined method App\Models\Apartment::get_total_apartments_by_range
in SYSTEMPATH\Model.php on line 873.
 1 APPPATH\Controllers\Home.php(20): CodeIgniter\Model->__call('get_total_apartments_by_range', [...])
 2 SYSTEMPATH\CodeIgniter.php(919): App\Controllers\Home->index()
 3 SYSTEMPATH\CodeIgniter.php(494): CodeIgniter\CodeIgniter->runController(Object(App\Controllers\Home))
 4 SYSTEMPATH\CodeIgniter.php(353): CodeIgniter\CodeIgniter->handleRequest(null, Object(Config\Cache), false)
 5 FCPATH\index.php(79): CodeIgniter\CodeIgniter->run()
CRITICAL - 2023-09-28 12:03:07 --> Call to undefined method App\Models\Apartment::get_total_apartments_by_range
in SYSTEMPATH\Model.php on line 873.
 1 APPPATH\Controllers\Home.php(20): CodeIgniter\Model->__call('get_total_apartments_by_range', [...])
 2 SYSTEMPATH\CodeIgniter.php(919): App\Controllers\Home->index()
 3 SYSTEMPATH\CodeIgniter.php(494): CodeIgniter\CodeIgniter->runController(Object(App\Controllers\Home))
 4 SYSTEMPATH\CodeIgniter.php(353): CodeIgniter\CodeIgniter->handleRequest(null, Object(Config\Cache), false)
 5 FCPATH\index.php(79): CodeIgniter\CodeIgniter->run()
CRITICAL - 2023-09-28 12:07:53 --> Trying to access array offset on value of type null
in APPPATH\Controllers\Home.php on line 20.
 1 APPPATH\Controllers\Home.php(20): CodeIgniter\Debug\Exceptions->errorHandler(2, 'Trying to access array offset on value of type null', 'C:\\xampp\\htdocs\\Apam\\app\\Controllers\\Home.php', 20)
 2 SYSTEMPATH\CodeIgniter.php(919): App\Controllers\Home->index()
 3 SYSTEMPATH\CodeIgniter.php(494): CodeIgniter\CodeIgniter->runController(Object(App\Controllers\Home))
 4 SYSTEMPATH\CodeIgniter.php(353): CodeIgniter\CodeIgniter->handleRequest(null, Object(Config\Cache), false)
 5 FCPATH\index.php(79): CodeIgniter\CodeIgniter->run()
CRITICAL - 2023-09-28 12:07:59 --> Trying to access array offset on value of type null
in APPPATH\Controllers\Home.php on line 20.
 1 APPPATH\Controllers\Home.php(20): CodeIgniter\Debug\Exceptions->errorHandler(2, 'Trying to access array offset on value of type null', 'C:\\xampp\\htdocs\\Apam\\app\\Controllers\\Home.php', 20)
 2 SYSTEMPATH\CodeIgniter.php(919): App\Controllers\Home->index()
 3 SYSTEMPATH\CodeIgniter.php(494): CodeIgniter\CodeIgniter->runController(Object(App\Controllers\Home))
 4 SYSTEMPATH\CodeIgniter.php(353): CodeIgniter\CodeIgniter->handleRequest(null, Object(Config\Cache), false)
 5 FCPATH\index.php(79): CodeIgniter\CodeIgniter->run()
CRITICAL - 2023-09-28 12:10:34 --> Undefined property: CodeIgniter\View\View::$load
in APPPATH\Views\home.php on line 1.
 1 APPPATH\Views\home.php(1): CodeIgniter\Debug\Exceptions->errorHandler(2, 'Undefined property: CodeIgniter\\View\\View::$load', 'C:\\xampp\\htdocs\\Apam\\app\\Views\\home.php', 1)
 2 SYSTEMPATH\View\View.php(226): include('C:\\xampp\\htdocs\\Apam\\app\\Views\\home.php')
 3 SYSTEMPATH\View\View.php(229): CodeIgniter\View\View->CodeIgniter\View\{closure}()
 4 SYSTEMPATH\Common.php(1188): CodeIgniter\View\View->render('home', [], true)
 5 APPPATH\Controllers\Home.php(121): view('home')
 6 SYSTEMPATH\CodeIgniter.php(919): App\Controllers\Home->index()
 7 SYSTEMPATH\CodeIgniter.php(494): CodeIgniter\CodeIgniter->runController(Object(App\Controllers\Home))
 8 SYSTEMPATH\CodeIgniter.php(353): CodeIgniter\CodeIgniter->handleRequest(null, Object(Config\Cache), false)
 9 FCPATH\index.php(79): CodeIgniter\CodeIgniter->run()
CRITICAL - 2023-09-28 12:12:23 --> Call to undefined function to_currency()
in APPPATH\Views\home.php on line 31.
 1 SYSTEMPATH\View\View.php(226): include()
 2 SYSTEMPATH\View\View.php(229): CodeIgniter\View\View->CodeIgniter\View\{closure}()
 3 SYSTEMPATH\Common.php(1188): CodeIgniter\View\View->render('home', [], true)
 4 APPPATH\Controllers\Home.php(121): view('home')
 5 SYSTEMPATH\CodeIgniter.php(919): App\Controllers\Home->index()
 6 SYSTEMPATH\CodeIgniter.php(494): CodeIgniter\CodeIgniter->runController(Object(App\Controllers\Home))
 7 SYSTEMPATH\CodeIgniter.php(353): CodeIgniter\CodeIgniter->handleRequest(null, Object(Config\Cache), false)
 8 FCPATH\index.php(79): CodeIgniter\CodeIgniter->run()
CRITICAL - 2023-09-28 12:13:11 --> Call to undefined function to_currency()
in APPPATH\Views\home.php on line 31.
 1 SYSTEMPATH\View\View.php(226): include()
 2 SYSTEMPATH\View\View.php(229): CodeIgniter\View\View->CodeIgniter\View\{closure}()
 3 SYSTEMPATH\Common.php(1188): CodeIgniter\View\View->render('home', [], true)
 4 APPPATH\Controllers\Home.php(124): view('home')
 5 SYSTEMPATH\CodeIgniter.php(919): App\Controllers\Home->index()
 6 SYSTEMPATH\CodeIgniter.php(494): CodeIgniter\CodeIgniter->runController(Object(App\Controllers\Home))
 7 SYSTEMPATH\CodeIgniter.php(353): CodeIgniter\CodeIgniter->handleRequest(null, Object(Config\Cache), false)
 8 FCPATH\index.php(79): CodeIgniter\CodeIgniter->run()
CRITICAL - 2023-09-28 12:14:34 --> Call to undefined function to_currency()
in APPPATH\Views\home.php on line 31.
 1 SYSTEMPATH\View\View.php(226): include()
 2 SYSTEMPATH\View\View.php(229): CodeIgniter\View\View->CodeIgniter\View\{closure}()
 3 SYSTEMPATH\Common.php(1188): CodeIgniter\View\View->render('home', [], true)
 4 APPPATH\Controllers\Home.php(124): view('home')
 5 SYSTEMPATH\CodeIgniter.php(919): App\Controllers\Home->index()
 6 SYSTEMPATH\CodeIgniter.php(494): CodeIgniter\CodeIgniter->runController(Object(App\Controllers\Home))
 7 SYSTEMPATH\CodeIgniter.php(353): CodeIgniter\CodeIgniter->handleRequest(null, Object(Config\Cache), false)
 8 FCPATH\index.php(79): CodeIgniter\CodeIgniter->run()
CRITICAL - 2023-09-28 12:15:38 --> Call to undefined function to_currency()
in APPPATH\Views\home.php on line 32.
 1 SYSTEMPATH\View\View.php(226): include()
 2 SYSTEMPATH\View\View.php(229): CodeIgniter\View\View->CodeIgniter\View\{closure}()
 3 SYSTEMPATH\Common.php(1188): CodeIgniter\View\View->render('home', [], true)
 4 APPPATH\Controllers\Home.php(124): view('home')
 5 SYSTEMPATH\CodeIgniter.php(919): App\Controllers\Home->index()
 6 SYSTEMPATH\CodeIgniter.php(494): CodeIgniter\CodeIgniter->runController(Object(App\Controllers\Home))
 7 SYSTEMPATH\CodeIgniter.php(353): CodeIgniter\CodeIgniter->handleRequest(null, Object(Config\Cache), false)
 8 FCPATH\index.php(79): CodeIgniter\CodeIgniter->run()
CRITICAL - 2023-09-28 12:15:55 --> Call to undefined function to_currency()
in APPPATH\Views\home.php on line 55.
 1 SYSTEMPATH\View\View.php(226): include()
 2 SYSTEMPATH\View\View.php(229): CodeIgniter\View\View->CodeIgniter\View\{closure}()
 3 SYSTEMPATH\Common.php(1188): CodeIgniter\View\View->render('home', [], true)
 4 APPPATH\Controllers\Home.php(124): view('home')
 5 SYSTEMPATH\CodeIgniter.php(919): App\Controllers\Home->index()
 6 SYSTEMPATH\CodeIgniter.php(494): CodeIgniter\CodeIgniter->runController(Object(App\Controllers\Home))
 7 SYSTEMPATH\CodeIgniter.php(353): CodeIgniter\CodeIgniter->handleRequest(null, Object(Config\Cache), false)
 8 FCPATH\index.php(79): CodeIgniter\CodeIgniter->run()
CRITICAL - 2023-09-28 12:21:18 --> Call to undefined function to_currency()
in APPPATH\Views\home.php on line 32.
 1 SYSTEMPATH\View\View.php(226): include()
 2 SYSTEMPATH\View\View.php(229): CodeIgniter\View\View->CodeIgniter\View\{closure}()
 3 SYSTEMPATH\Common.php(1188): CodeIgniter\View\View->render('home', [], true)
 4 APPPATH\Controllers\Home.php(124): view('home')
 5 SYSTEMPATH\CodeIgniter.php(919): App\Controllers\Home->index()
 6 SYSTEMPATH\CodeIgniter.php(494): CodeIgniter\CodeIgniter->runController(Object(App\Controllers\Home))
 7 SYSTEMPATH\CodeIgniter.php(353): CodeIgniter\CodeIgniter->handleRequest(null, Object(Config\Cache), false)
 8 FCPATH\index.php(79): CodeIgniter\CodeIgniter->run()
CRITICAL - 2023-09-28 12:21:46 --> Undefined variable $payment_increase
in APPPATH\Views\home.php on line 67.
 1 APPPATH\Views\home.php(67): CodeIgniter\Debug\Exceptions->errorHandler(2, 'Undefined variable $payment_increase', 'C:\\xampp\\htdocs\\Apam\\app\\Views\\home.php', 67)
 2 SYSTEMPATH\View\View.php(226): include('C:\\xampp\\htdocs\\Apam\\app\\Views\\home.php')
 3 SYSTEMPATH\View\View.php(229): CodeIgniter\View\View->CodeIgniter\View\{closure}()
 4 SYSTEMPATH\Common.php(1188): CodeIgniter\View\View->render('home', [], true)
 5 APPPATH\Controllers\Home.php(124): view('home')
 6 SYSTEMPATH\CodeIgniter.php(919): App\Controllers\Home->index()
 7 SYSTEMPATH\CodeIgniter.php(494): CodeIgniter\CodeIgniter->runController(Object(App\Controllers\Home))
 8 SYSTEMPATH\CodeIgniter.php(353): CodeIgniter\CodeIgniter->handleRequest(null, Object(Config\Cache), false)
 9 FCPATH\index.php(79): CodeIgniter\CodeIgniter->run()
CRITICAL - 2023-09-28 12:21:49 --> Undefined variable $payment_increase
in APPPATH\Views\home.php on line 67.
 1 APPPATH\Views\home.php(67): CodeIgniter\Debug\Exceptions->errorHandler(2, 'Undefined variable $payment_increase', 'C:\\xampp\\htdocs\\Apam\\app\\Views\\home.php', 67)
 2 SYSTEMPATH\View\View.php(226): include('C:\\xampp\\htdocs\\Apam\\app\\Views\\home.php')
 3 SYSTEMPATH\View\View.php(229): CodeIgniter\View\View->CodeIgniter\View\{closure}()
 4 SYSTEMPATH\Common.php(1188): CodeIgniter\View\View->render('home', [], true)
 5 APPPATH\Controllers\Home.php(124): view('home')
 6 SYSTEMPATH\CodeIgniter.php(919): App\Controllers\Home->index()
 7 SYSTEMPATH\CodeIgniter.php(494): CodeIgniter\CodeIgniter->runController(Object(App\Controllers\Home))
 8 SYSTEMPATH\CodeIgniter.php(353): CodeIgniter\CodeIgniter->handleRequest(null, Object(Config\Cache), false)
 9 FCPATH\index.php(79): CodeIgniter\CodeIgniter->run()
CRITICAL - 2023-09-28 12:22:24 --> Call to undefined function to_currency()
in APPPATH\Views\home.php on line 79.
 1 SYSTEMPATH\View\View.php(226): include()
 2 SYSTEMPATH\View\View.php(229): CodeIgniter\View\View->CodeIgniter\View\{closure}()
 3 SYSTEMPATH\Common.php(1188): CodeIgniter\View\View->render('home', [], true)
 4 APPPATH\Controllers\Home.php(124): view('home')
 5 SYSTEMPATH\CodeIgniter.php(919): App\Controllers\Home->index()
 6 SYSTEMPATH\CodeIgniter.php(494): CodeIgniter\CodeIgniter->runController(Object(App\Controllers\Home))
 7 SYSTEMPATH\CodeIgniter.php(353): CodeIgniter\CodeIgniter->handleRequest(null, Object(Config\Cache), false)
 8 FCPATH\index.php(79): CodeIgniter\CodeIgniter->run()
CRITICAL - 2023-09-28 12:22:51 --> Undefined variable $expense_increase
in APPPATH\Views\home.php on line 100.
 1 APPPATH\Views\home.php(100): CodeIgniter\Debug\Exceptions->errorHandler(2, 'Undefined variable $expense_increase', 'C:\\xampp\\htdocs\\Apam\\app\\Views\\home.php', 100)
 2 SYSTEMPATH\View\View.php(226): include('C:\\xampp\\htdocs\\Apam\\app\\Views\\home.php')
 3 SYSTEMPATH\View\View.php(229): CodeIgniter\View\View->CodeIgniter\View\{closure}()
 4 SYSTEMPATH\Common.php(1188): CodeIgniter\View\View->render('home', [], true)
 5 APPPATH\Controllers\Home.php(124): view('home')
 6 SYSTEMPATH\CodeIgniter.php(919): App\Controllers\Home->index()
 7 SYSTEMPATH\CodeIgniter.php(494): CodeIgniter\CodeIgniter->runController(Object(App\Controllers\Home))
 8 SYSTEMPATH\CodeIgniter.php(353): CodeIgniter\CodeIgniter->handleRequest(null, Object(Config\Cache), false)
 9 FCPATH\index.php(79): CodeIgniter\CodeIgniter->run()
CRITICAL - 2023-09-28 12:23:05 --> Call to undefined function to_currency()
in APPPATH\Views\home.php on line 112.
 1 SYSTEMPATH\View\View.php(226): include()
 2 SYSTEMPATH\View\View.php(229): CodeIgniter\View\View->CodeIgniter\View\{closure}()
 3 SYSTEMPATH\Common.php(1188): CodeIgniter\View\View->render('home', [], true)
 4 APPPATH\Controllers\Home.php(124): view('home')
 5 SYSTEMPATH\CodeIgniter.php(919): App\Controllers\Home->index()
 6 SYSTEMPATH\CodeIgniter.php(494): CodeIgniter\CodeIgniter->runController(Object(App\Controllers\Home))
 7 SYSTEMPATH\CodeIgniter.php(353): CodeIgniter\CodeIgniter->handleRequest(null, Object(Config\Cache), false)
 8 FCPATH\index.php(79): CodeIgniter\CodeIgniter->run()
CRITICAL - 2023-09-28 12:31:18 --> Undefined variable $apartment_increase
in APPPATH\Views\home.php on line 123.
 1 APPPATH\Views\home.php(123): CodeIgniter\Debug\Exceptions->errorHandler(2, 'Undefined variable $apartment_increase', 'C:\\xampp\\htdocs\\Apam\\app\\Views\\home.php', 123)
 2 SYSTEMPATH\View\View.php(226): include('C:\\xampp\\htdocs\\Apam\\app\\Views\\home.php')
 3 SYSTEMPATH\View\View.php(229): CodeIgniter\View\View->CodeIgniter\View\{closure}()
 4 SYSTEMPATH\Common.php(1188): CodeIgniter\View\View->render('home', [], true)
 5 APPPATH\Controllers\Home.php(124): view('home')
 6 SYSTEMPATH\CodeIgniter.php(919): App\Controllers\Home->index()
 7 SYSTEMPATH\CodeIgniter.php(494): CodeIgniter\CodeIgniter->runController(Object(App\Controllers\Home))
 8 SYSTEMPATH\CodeIgniter.php(353): CodeIgniter\CodeIgniter->handleRequest(null, Object(Config\Cache), false)
 9 FCPATH\index.php(79): CodeIgniter\CodeIgniter->run()
CRITICAL - 2023-09-28 13:42:23 --> Undefined variable $apartment_increase
in APPPATH\Views\home.php on line 123.
 1 APPPATH\Views\home.php(123): CodeIgniter\Debug\Exceptions->errorHandler(2, 'Undefined variable $apartment_increase', 'C:\\xampp\\htdocs\\Apam\\app\\Views\\home.php', 123)
 2 SYSTEMPATH\View\View.php(226): include('C:\\xampp\\htdocs\\Apam\\app\\Views\\home.php')
 3 SYSTEMPATH\View\View.php(229): CodeIgniter\View\View->CodeIgniter\View\{closure}()
 4 SYSTEMPATH\Common.php(1188): CodeIgniter\View\View->render('home', [], true)
 5 APPPATH\Controllers\Home.php(124): view('home')
 6 SYSTEMPATH\CodeIgniter.php(919): App\Controllers\Home->index()
 7 SYSTEMPATH\CodeIgniter.php(494): CodeIgniter\CodeIgniter->runController(Object(App\Controllers\Home))
 8 SYSTEMPATH\CodeIgniter.php(353): CodeIgniter\CodeIgniter->handleRequest(null, Object(Config\Cache), false)
 9 FCPATH\index.php(79): CodeIgniter\CodeIgniter->run()
CRITICAL - 2023-09-28 13:42:26 --> Undefined variable $apartment_increase
in APPPATH\Views\home.php on line 123.
 1 APPPATH\Views\home.php(123): CodeIgniter\Debug\Exceptions->errorHandler(2, 'Undefined variable $apartment_increase', 'C:\\xampp\\htdocs\\Apam\\app\\Views\\home.php', 123)
 2 SYSTEMPATH\View\View.php(226): include('C:\\xampp\\htdocs\\Apam\\app\\Views\\home.php')
 3 SYSTEMPATH\View\View.php(229): CodeIgniter\View\View->CodeIgniter\View\{closure}()
 4 SYSTEMPATH\Common.php(1188): CodeIgniter\View\View->render('home', [], true)
 5 APPPATH\Controllers\Home.php(124): view('home')
 6 SYSTEMPATH\CodeIgniter.php(919): App\Controllers\Home->index()
 7 SYSTEMPATH\CodeIgniter.php(494): CodeIgniter\CodeIgniter->runController(Object(App\Controllers\Home))
 8 SYSTEMPATH\CodeIgniter.php(353): CodeIgniter\CodeIgniter->handleRequest(null, Object(Config\Cache), false)
 9 FCPATH\index.php(79): CodeIgniter\CodeIgniter->run()
CRITICAL - 2023-09-28 13:47:28 --> Cannot call constructor
in APPPATH\Controllers\plugins.php on line 14.
 1 SYSTEMPATH\CodeIgniter.php(891): App\Controllers\Plugins->__construct()
 2 SYSTEMPATH\CodeIgniter.php(485): CodeIgniter\CodeIgniter->createController()
 3 SYSTEMPATH\CodeIgniter.php(353): CodeIgniter\CodeIgniter->handleRequest(null, Object(Config\Cache), false)
 4 FCPATH\index.php(79): CodeIgniter\CodeIgniter->run()
CRITICAL - 2023-09-28 13:47:28 --> Cannot call constructor
in APPPATH\Controllers\plugins.php on line 14.
 1 SYSTEMPATH\CodeIgniter.php(891): App\Controllers\Plugins->__construct()
 2 SYSTEMPATH\CodeIgniter.php(485): CodeIgniter\CodeIgniter->createController()
 3 SYSTEMPATH\CodeIgniter.php(353): CodeIgniter\CodeIgniter->handleRequest(null, Object(Config\Cache), false)
 4 FCPATH\index.php(79): CodeIgniter\CodeIgniter->run()
CRITICAL - 2023-09-28 13:48:00 --> Cannot call constructor
in APPPATH\Controllers\plugins.php on line 14.
 1 SYSTEMPATH\CodeIgniter.php(891): App\Controllers\Plugins->__construct()
 2 SYSTEMPATH\CodeIgniter.php(485): CodeIgniter\CodeIgniter->createController()
 3 SYSTEMPATH\CodeIgniter.php(353): CodeIgniter\CodeIgniter->handleRequest(null, Object(Config\Cache), false)
 4 FCPATH\index.php(79): CodeIgniter\CodeIgniter->run()
CRITICAL - 2023-09-28 13:48:58 --> Undefined property: App\Controllers\apartments::$input
in APPPATH\Controllers\apartments.php on line 293.
 1 APPPATH\Controllers\apartments.php(293): CodeIgniter\Debug\Exceptions->errorHandler(2, 'Undefined property: App\\Controllers\\apartments::$input', 'C:\\xampp\\htdocs\\Apam\\app\\Controllers\\apartments.php', 293)
 2 SYSTEMPATH\CodeIgniter.php(919): App\Controllers\apartments->data()
 3 SYSTEMPATH\CodeIgniter.php(494): CodeIgniter\CodeIgniter->runController(Object(App\Controllers\apartments))
 4 SYSTEMPATH\CodeIgniter.php(353): CodeIgniter\CodeIgniter->handleRequest(null, Object(Config\Cache), false)
 5 FCPATH\index.php(79): CodeIgniter\CodeIgniter->run()
CRITICAL - 2023-09-28 13:48:59 --> Cannot call constructor
in APPPATH\Controllers\payments.php on line 11.
 1 SYSTEMPATH\CodeIgniter.php(891): App\Controllers\Payments->__construct()
 2 SYSTEMPATH\CodeIgniter.php(485): CodeIgniter\CodeIgniter->createController()
 3 SYSTEMPATH\CodeIgniter.php(353): CodeIgniter\CodeIgniter->handleRequest(null, Object(Config\Cache), false)
 4 FCPATH\index.php(79): CodeIgniter\CodeIgniter->run()
CRITICAL - 2023-09-28 13:49:05 --> Undefined property: App\Controllers\apartments::$input
in APPPATH\Controllers\apartments.php on line 293.
 1 APPPATH\Controllers\apartments.php(293): CodeIgniter\Debug\Exceptions->errorHandler(2, 'Undefined property: App\\Controllers\\apartments::$input', 'C:\\xampp\\htdocs\\Apam\\app\\Controllers\\apartments.php', 293)
 2 SYSTEMPATH\CodeIgniter.php(919): App\Controllers\apartments->data()
 3 SYSTEMPATH\CodeIgniter.php(494): CodeIgniter\CodeIgniter->runController(Object(App\Controllers\apartments))
 4 SYSTEMPATH\CodeIgniter.php(353): CodeIgniter\CodeIgniter->handleRequest(null, Object(Config\Cache), false)
 5 FCPATH\index.php(79): CodeIgniter\CodeIgniter->run()
CRITICAL - 2023-09-28 13:49:08 --> Cannot call constructor
in APPPATH\Controllers\plugins.php on line 14.
 1 SYSTEMPATH\CodeIgniter.php(891): App\Controllers\Plugins->__construct()
 2 SYSTEMPATH\CodeIgniter.php(485): CodeIgniter\CodeIgniter->createController()
 3 SYSTEMPATH\CodeIgniter.php(353): CodeIgniter\CodeIgniter->handleRequest(null, Object(Config\Cache), false)
 4 FCPATH\index.php(79): CodeIgniter\CodeIgniter->run()
CRITICAL - 2023-09-28 13:49:09 --> Cannot call constructor
in APPPATH\Controllers\plugins.php on line 14.
 1 SYSTEMPATH\CodeIgniter.php(891): App\Controllers\Plugins->__construct()
 2 SYSTEMPATH\CodeIgniter.php(485): CodeIgniter\CodeIgniter->createController()
 3 SYSTEMPATH\CodeIgniter.php(353): CodeIgniter\CodeIgniter->handleRequest(null, Object(Config\Cache), false)
 4 FCPATH\index.php(79): CodeIgniter\CodeIgniter->run()
CRITICAL - 2023-09-28 13:51:10 --> Cannot call constructor
in APPPATH\Controllers\plugins.php on line 14.
 1 SYSTEMPATH\CodeIgniter.php(891): App\Controllers\Plugins->__construct()
 2 SYSTEMPATH\CodeIgniter.php(485): CodeIgniter\CodeIgniter->createController()
 3 SYSTEMPATH\CodeIgniter.php(353): CodeIgniter\CodeIgniter->handleRequest(null, Object(Config\Cache), false)
 4 FCPATH\index.php(79): CodeIgniter\CodeIgniter->run()
CRITICAL - 2023-09-28 13:51:10 --> Cannot call constructor
in APPPATH\Controllers\plugins.php on line 14.
 1 SYSTEMPATH\CodeIgniter.php(891): App\Controllers\Plugins->__construct()
 2 SYSTEMPATH\CodeIgniter.php(485): CodeIgniter\CodeIgniter->createController()
 3 SYSTEMPATH\CodeIgniter.php(353): CodeIgniter\CodeIgniter->handleRequest(null, Object(Config\Cache), false)
 4 FCPATH\index.php(79): CodeIgniter\CodeIgniter->run()
CRITICAL - 2023-09-28 13:56:58 --> Cannot call constructor
in APPPATH\Controllers\plugins.php on line 14.
 1 SYSTEMPATH\CodeIgniter.php(891): App\Controllers\Plugins->__construct()
 2 SYSTEMPATH\CodeIgniter.php(485): CodeIgniter\CodeIgniter->createController()
 3 SYSTEMPATH\CodeIgniter.php(353): CodeIgniter\CodeIgniter->handleRequest(null, Object(Config\Cache), false)
 4 FCPATH\index.php(79): CodeIgniter\CodeIgniter->run()
CRITICAL - 2023-09-28 13:56:58 --> Cannot call constructor
in APPPATH\Controllers\plugins.php on line 14.
 1 SYSTEMPATH\CodeIgniter.php(891): App\Controllers\Plugins->__construct()
 2 SYSTEMPATH\CodeIgniter.php(485): CodeIgniter\CodeIgniter->createController()
 3 SYSTEMPATH\CodeIgniter.php(353): CodeIgniter\CodeIgniter->handleRequest(null, Object(Config\Cache), false)
 4 FCPATH\index.php(79): CodeIgniter\CodeIgniter->run()
CRITICAL - 2023-09-28 13:57:29 --> Cannot call constructor
in APPPATH\Controllers\plugins.php on line 14.
 1 SYSTEMPATH\CodeIgniter.php(891): App\Controllers\Plugins->__construct()
 2 SYSTEMPATH\CodeIgniter.php(485): CodeIgniter\CodeIgniter->createController()
 3 SYSTEMPATH\CodeIgniter.php(353): CodeIgniter\CodeIgniter->handleRequest(null, Object(Config\Cache), false)
 4 FCPATH\index.php(79): CodeIgniter\CodeIgniter->run()
CRITICAL - 2023-09-28 13:57:29 --> Cannot call constructor
in APPPATH\Controllers\plugins.php on line 14.
 1 SYSTEMPATH\CodeIgniter.php(891): App\Controllers\Plugins->__construct()
 2 SYSTEMPATH\CodeIgniter.php(485): CodeIgniter\CodeIgniter->createController()
 3 SYSTEMPATH\CodeIgniter.php(353): CodeIgniter\CodeIgniter->handleRequest(null, Object(Config\Cache), false)
 4 FCPATH\index.php(79): CodeIgniter\CodeIgniter->run()
CRITICAL - 2023-09-28 14:40:46 --> Cannot call constructor
in APPPATH\Controllers\payments.php on line 11.
 1 SYSTEMPATH\CodeIgniter.php(891): App\Controllers\Payments->__construct()
 2 SYSTEMPATH\CodeIgniter.php(485): CodeIgniter\CodeIgniter->createController()
 3 SYSTEMPATH\CodeIgniter.php(353): CodeIgniter\CodeIgniter->handleRequest(null, Object(Config\Cache), false)
 4 FCPATH\index.php(79): CodeIgniter\CodeIgniter->run()
CRITICAL - 2023-09-28 14:42:02 --> Undefined property: CodeIgniter\View\View::$load
in APPPATH\Views\payments\manage.php on line 1.
 1 APPPATH\Views\payments\manage.php(1): CodeIgniter\Debug\Exceptions->errorHandler(2, 'Undefined property: CodeIgniter\\View\\View::$load', 'C:\\xampp\\htdocs\\Apam\\app\\Views\\payments\\manage.php', 1)
 2 SYSTEMPATH\View\View.php(226): include('C:\\xampp\\htdocs\\Apam\\app\\Views\\payments\\manage.php')
 3 SYSTEMPATH\View\View.php(229): CodeIgniter\View\View->CodeIgniter\View\{closure}()
 4 SYSTEMPATH\Common.php(1188): CodeIgniter\View\View->render('payments/manage', [], true)
 5 APPPATH\Controllers\payments.php(22): view('payments/manage', [...])
 6 SYSTEMPATH\CodeIgniter.php(919): App\Controllers\Payments->index()
 7 SYSTEMPATH\CodeIgniter.php(494): CodeIgniter\CodeIgniter->runController(Object(App\Controllers\Payments))
 8 SYSTEMPATH\CodeIgniter.php(353): CodeIgniter\CodeIgniter->handleRequest(null, Object(Config\Cache), false)
 9 FCPATH\index.php(79): CodeIgniter\CodeIgniter->run()
CRITICAL - 2023-09-28 14:42:33 --> Undefined property: CodeIgniter\View\View::$load
in APPPATH\Views\payments\manage.php on line 93.
 1 APPPATH\Views\payments\manage.php(93): CodeIgniter\Debug\Exceptions->errorHandler(2, 'Undefined property: CodeIgniter\\View\\View::$load', 'C:\\xampp\\htdocs\\Apam\\app\\Views\\payments\\manage.php', 93)
 2 SYSTEMPATH\View\View.php(226): include('C:\\xampp\\htdocs\\Apam\\app\\Views\\payments\\manage.php')
 3 SYSTEMPATH\View\View.php(229): CodeIgniter\View\View->CodeIgniter\View\{closure}()
 4 SYSTEMPATH\Common.php(1188): CodeIgniter\View\View->render('payments/manage', [], true)
 5 APPPATH\Controllers\payments.php(22): view('payments/manage', [...])
 6 SYSTEMPATH\CodeIgniter.php(919): App\Controllers\Payments->index()
 7 SYSTEMPATH\CodeIgniter.php(494): CodeIgniter\CodeIgniter->runController(Object(App\Controllers\Payments))
 8 SYSTEMPATH\CodeIgniter.php(353): CodeIgniter\CodeIgniter->handleRequest(null, Object(Config\Cache), false)
 9 FCPATH\index.php(79): CodeIgniter\CodeIgniter->run()
CRITICAL - 2023-09-28 14:42:50 --> Undefined property: App\Controllers\Payments::$input
in APPPATH\Controllers\payments.php on line 279.
 1 APPPATH\Controllers\payments.php(279): CodeIgniter\Debug\Exceptions->errorHandler(2, 'Undefined property: App\\Controllers\\Payments::$input', 'C:\\xampp\\htdocs\\Apam\\app\\Controllers\\payments.php', 279)
 2 SYSTEMPATH\CodeIgniter.php(919): App\Controllers\Payments->data()
 3 SYSTEMPATH\CodeIgniter.php(494): CodeIgniter\CodeIgniter->runController(Object(App\Controllers\Payments))
 4 SYSTEMPATH\CodeIgniter.php(353): CodeIgniter\CodeIgniter->handleRequest(null, Object(Config\Cache), false)
 5 FCPATH\index.php(79): CodeIgniter\CodeIgniter->run()
CRITICAL - 2023-09-28 14:42:54 --> Undefined property: App\Controllers\Payments::$input
in APPPATH\Controllers\payments.php on line 279.
 1 APPPATH\Controllers\payments.php(279): CodeIgniter\Debug\Exceptions->errorHandler(2, 'Undefined property: App\\Controllers\\Payments::$input', 'C:\\xampp\\htdocs\\Apam\\app\\Controllers\\payments.php', 279)
 2 SYSTEMPATH\CodeIgniter.php(919): App\Controllers\Payments->data()
 3 SYSTEMPATH\CodeIgniter.php(494): CodeIgniter\CodeIgniter->runController(Object(App\Controllers\Payments))
 4 SYSTEMPATH\CodeIgniter.php(353): CodeIgniter\CodeIgniter->handleRequest(null, Object(Config\Cache), false)
 5 FCPATH\index.php(79): CodeIgniter\CodeIgniter->run()
