CRITICAL - 2023-10-17 16:33:59 --> Undefined property: Config\apamSettings::$company
in APPPATH\Views\partial\header.php on line 7.
 1 APPPATH\Views\partial\header.php(7): CodeIgniter\Debug\Exceptions->errorHandler(2, 'Undefined property: Config\\apamSettings::$company', 'C:\\xampp\\htdocs\\Apam\\app\\Views\\partial\\header.php', 7)
 2 SYSTEMPATH\View\View.php(226): include('C:\\xampp\\htdocs\\Apam\\app\\Views\\partial\\header.php')
 3 SYSTEMPATH\View\View.php(229): CodeIgniter\View\View->CodeIgniter\View\{closure}()
 4 SYSTEMPATH\Common.php(1188): CodeIgniter\View\View->render('partial/header', [], true)
 5 APPPATH\Views\home.php(1): view('partial/header')
 6 SYSTEMPATH\View\View.php(226): include('C:\\xampp\\htdocs\\Apam\\app\\Views\\home.php')
 7 SYSTEMPATH\View\View.php(229): CodeIgniter\View\View->CodeIgniter\View\{closure}()
 8 SYSTEMPATH\Common.php(1188): CodeIgniter\View\View->render('home', [], true)
 9 APPPATH\Controllers\Home.php(134): view('home')
10 SYSTEMPATH\CodeIgniter.php(919): App\Controllers\Home->index()
11 SYSTEMPATH\CodeIgniter.php(494): CodeIgniter\CodeIgniter->runController(Object(App\Controllers\Home))
12 SYSTEMPATH\CodeIgniter.php(353): CodeIgniter\CodeIgniter->handleRequest(null, Object(Config\Cache), false)
13 FCPATH\index.php(79): CodeIgniter\CodeIgniter->run()
CRITICAL - 2023-10-17 16:34:09 --> Undefined property: Config\apamSettings::$company
in APPPATH\Views\partial\header.php on line 7.
 1 APPPATH\Views\partial\header.php(7): CodeIgniter\Debug\Exceptions->errorHandler(2, 'Undefined property: Config\\apamSettings::$company', 'C:\\xampp\\htdocs\\Apam\\app\\Views\\partial\\header.php', 7)
 2 SYSTEMPATH\View\View.php(226): include('C:\\xampp\\htdocs\\Apam\\app\\Views\\partial\\header.php')
 3 SYSTEMPATH\View\View.php(229): CodeIgniter\View\View->CodeIgniter\View\{closure}()
 4 SYSTEMPATH\Common.php(1188): CodeIgniter\View\View->render('partial/header', [], true)
 5 APPPATH\Views\apartments\manage.php(1): view('partial/header')
 6 SYSTEMPATH\View\View.php(226): include('C:\\xampp\\htdocs\\Apam\\app\\Views\\apartments\\manage.php')
 7 SYSTEMPATH\View\View.php(229): CodeIgniter\View\View->CodeIgniter\View\{closure}()
 8 SYSTEMPATH\Common.php(1188): CodeIgniter\View\View->render('apartments/manage', [], true)
 9 APPPATH\Controllers\apartments.php(25): view('apartments/manage', [...])
10 SYSTEMPATH\CodeIgniter.php(919): App\Controllers\apartments->index()
11 SYSTEMPATH\CodeIgniter.php(494): CodeIgniter\CodeIgniter->runController(Object(App\Controllers\apartments))
12 SYSTEMPATH\CodeIgniter.php(353): CodeIgniter\CodeIgniter->handleRequest(null, Object(Config\Cache), false)
13 FCPATH\index.php(79): CodeIgniter\CodeIgniter->run()
CRITICAL - 2023-10-17 16:35:16 --> Undefined property: loggedInStaff::$role
in APPPATH\Views\partial\header.php on line 140.
 1 APPPATH\Views\partial\header.php(140): CodeIgniter\Debug\Exceptions->errorHandler(2, 'Undefined property: loggedInStaff::$role', 'C:\\xampp\\htdocs\\Apam\\app\\Views\\partial\\header.php', 140)
 2 SYSTEMPATH\View\View.php(226): include('C:\\xampp\\htdocs\\Apam\\app\\Views\\partial\\header.php')
 3 SYSTEMPATH\View\View.php(229): CodeIgniter\View\View->CodeIgniter\View\{closure}()
 4 SYSTEMPATH\Common.php(1188): CodeIgniter\View\View->render('partial/header', [], true)
 5 APPPATH\Views\apartments\manage.php(1): view('partial/header')
 6 SYSTEMPATH\View\View.php(226): include('C:\\xampp\\htdocs\\Apam\\app\\Views\\apartments\\manage.php')
 7 SYSTEMPATH\View\View.php(229): CodeIgniter\View\View->CodeIgniter\View\{closure}()
 8 SYSTEMPATH\Common.php(1188): CodeIgniter\View\View->render('apartments/manage', [], true)
 9 APPPATH\Controllers\apartments.php(25): view('apartments/manage', [...])
10 SYSTEMPATH\CodeIgniter.php(919): App\Controllers\apartments->index()
11 SYSTEMPATH\CodeIgniter.php(494): CodeIgniter\CodeIgniter->runController(Object(App\Controllers\apartments))
12 SYSTEMPATH\CodeIgniter.php(353): CodeIgniter\CodeIgniter->handleRequest(null, Object(Config\Cache), false)
13 FCPATH\index.php(79): CodeIgniter\CodeIgniter->run()
ERROR - 2023-10-17 16:35:34 --> mysqli_sql_exception: Table 'apam.stores' doesn't exist in C:\xampp\htdocs\Apam\system\Database\MySQLi\Connection.php:306
Stack trace:
#0 C:\xampp\htdocs\Apam\system\Database\MySQLi\Connection.php(306): mysqli->query('SELECT `staff`....', 0)
#1 C:\xampp\htdocs\Apam\system\Database\BaseConnection.php(692): CodeIgniter\Database\MySQLi\Connection->execute('SELECT `staff`....')
#2 C:\xampp\htdocs\Apam\system\Database\BaseConnection.php(606): CodeIgniter\Database\BaseConnection->simpleQuery('SELECT `staff`....')
#3 C:\xampp\htdocs\Apam\system\Database\BaseBuilder.php(1615): CodeIgniter\Database\BaseConnection->query('SELECT `staff`....', Array, false)
#4 C:\xampp\htdocs\Apam\system\Model.php(264): CodeIgniter\Database\BaseBuilder->get()
#5 C:\xampp\htdocs\Apam\system\BaseModel.php(662): CodeIgniter\Model->doFirst()
#6 C:\xampp\htdocs\Apam\app\Models\Setting.php(41): CodeIgniter\BaseModel->first()
#7 C:\xampp\htdocs\Apam\system\Config\BaseConfig.php(229): App\Models\Setting::loggedInStaff()
#8 C:\xampp\htdocs\Apam\system\Config\BaseConfig.php(90): CodeIgniter\Config\BaseConfig->registerProperties()
#9 C:\xampp\htdocs\Apam\system\Config\Factories.php(215): CodeIgniter\Config\BaseConfig->__construct()
#10 C:\xampp\htdocs\Apam\system\Config\Factories.php(165): CodeIgniter\Config\Factories::createInstance('config', 'LoggedInStaff', Array)
#11 C:\xampp\htdocs\Apam\system\Common.php(217): CodeIgniter\Config\Factories::__callStatic('config', Array)
#12 C:\xampp\htdocs\Apam\app\Views\partial\header.php(140): config('LoggedInStaff')
#13 C:\xampp\htdocs\Apam\system\View\View.php(226): include('C:\\xampp\\htdocs...')
#14 C:\xampp\htdocs\Apam\system\View\View.php(229): CodeIgniter\View\View->CodeIgniter\View\{closure}()
#15 C:\xampp\htdocs\Apam\system\Common.php(1188): CodeIgniter\View\View->render('partial/header', Array, true)
#16 C:\xampp\htdocs\Apam\app\Views\apartments\manage.php(1): view('partial/header')
#17 C:\xampp\htdocs\Apam\system\View\View.php(226): include('C:\\xampp\\htdocs...')
#18 C:\xampp\htdocs\Apam\system\View\View.php(229): CodeIgniter\View\View->CodeIgniter\View\{closure}()
#19 C:\xampp\htdocs\Apam\system\Common.php(1188): CodeIgniter\View\View->render('apartments/mana...', Array, true)
#20 C:\xampp\htdocs\Apam\app\Controllers\apartments.php(25): view('apartments/mana...', Array)
#21 C:\xampp\htdocs\Apam\system\CodeIgniter.php(919): App\Controllers\apartments->index()
#22 C:\xampp\htdocs\Apam\system\CodeIgniter.php(494): CodeIgniter\CodeIgniter->runController(Object(App\Controllers\apartments))
#23 C:\xampp\htdocs\Apam\system\CodeIgniter.php(353): CodeIgniter\CodeIgniter->handleRequest(NULL, Object(Config\Cache), false)
#24 C:\xampp\htdocs\Apam\index.php(79): CodeIgniter\CodeIgniter->run()
#25 {main}
CRITICAL - 2023-10-17 16:35:34 --> Table 'apam.stores' doesn't exist
in SYSTEMPATH\Database\BaseConnection.php on line 646.
 1 SYSTEMPATH\Database\BaseBuilder.php(1615): CodeIgniter\Database\BaseConnection->query('SELECT `staff`.*, `stores`.`storeName`
FROM `staff`
LEFT JOIN `stores` ON `stores`.`storeID` = `staff`.`storeID`
WHERE `staff`.`staffID` = :staff.staffID:
AND `staff`.`deletedAt` IS NULL
 LIMIT 1', [...], false)
 2 SYSTEMPATH\Model.php(264): CodeIgniter\Database\BaseBuilder->get()
 3 SYSTEMPATH\BaseModel.php(662): CodeIgniter\Model->doFirst()
 4 APPPATH\Models\Setting.php(41): CodeIgniter\BaseModel->first()
 5 SYSTEMPATH\Config\BaseConfig.php(229): App\Models\Setting::loggedInStaff()
 6 SYSTEMPATH\Config\BaseConfig.php(90): CodeIgniter\Config\BaseConfig->registerProperties()
 7 SYSTEMPATH\Config\Factories.php(215): CodeIgniter\Config\BaseConfig->__construct()
 8 SYSTEMPATH\Config\Factories.php(165): CodeIgniter\Config\Factories::createInstance('config', 'LoggedInStaff', [])
 9 SYSTEMPATH\Common.php(217): CodeIgniter\Config\Factories::__callStatic('config', [])
10 APPPATH\Views\partial\header.php(140): config('LoggedInStaff')
11 SYSTEMPATH\View\View.php(226): include('C:\\xampp\\htdocs\\Apam\\app\\Views\\partial\\header.php')
12 SYSTEMPATH\View\View.php(229): CodeIgniter\View\View->CodeIgniter\View\{closure}()
13 SYSTEMPATH\Common.php(1188): CodeIgniter\View\View->render('partial/header', [], true)
14 APPPATH\Views\apartments\manage.php(1): view('partial/header')
15 SYSTEMPATH\View\View.php(226): include('C:\\xampp\\htdocs\\Apam\\app\\Views\\apartments\\manage.php')
16 SYSTEMPATH\View\View.php(229): CodeIgniter\View\View->CodeIgniter\View\{closure}()
17 SYSTEMPATH\Common.php(1188): CodeIgniter\View\View->render('apartments/manage', [], true)
18 APPPATH\Controllers\apartments.php(25): view('apartments/manage', [...])
19 SYSTEMPATH\CodeIgniter.php(919): App\Controllers\apartments->index()
20 SYSTEMPATH\CodeIgniter.php(494): CodeIgniter\CodeIgniter->runController(Object(App\Controllers\apartments))
21 SYSTEMPATH\CodeIgniter.php(353): CodeIgniter\CodeIgniter->handleRequest(null, Object(Config\Cache), false)
22 FCPATH\index.php(79): CodeIgniter\CodeIgniter->run()
